<?xml version="1.0" encoding="UTF-8"?>
<coverage generated="1764679939994" clover="3.2.0">
  <project timestamp="1764679939994" name="All files">
    <metrics statements="1378" coveredstatements="1280" conditionals="540" coveredconditionals="516" methods="119" coveredmethods="111" elements="2037" coveredelements="1907" complexity="0" loc="1378" ncloc="1378" packages="1" files="10" classes="10"/>
    <file name="fetch.ts" path="/Users/gporcari/Sviluppo/genro_ng/meta-genro-modules/sub-projects/genro-tytx/ts/src/fetch.ts">
      <metrics statements="49" coveredstatements="49" conditionals="25" coveredconditionals="24" methods="4" coveredmethods="4"/>
      <line num="1" count="1" type="stmt"/>
      <line num="18" count="4" type="cond" truecount="1" falsecount="0"/>
      <line num="19" count="4" type="cond" truecount="1" falsecount="0"/>
      <line num="20" count="1" type="stmt"/>
      <line num="21" count="1" type="stmt"/>
      <line num="22" count="1" type="cond" truecount="1" falsecount="0"/>
      <line num="23" count="4" type="cond" truecount="1" falsecount="0"/>
      <line num="24" count="2" type="stmt"/>
      <line num="25" count="2" type="stmt"/>
      <line num="26" count="2" type="stmt"/>
      <line num="27" count="2" type="stmt"/>
      <line num="28" count="2" type="cond" truecount="1" falsecount="0"/>
      <line num="30" count="1" type="stmt"/>
      <line num="31" count="1" type="stmt"/>
      <line num="32" count="1" type="stmt"/>
      <line num="33" count="1" type="stmt"/>
      <line num="34" count="1" type="stmt"/>
      <line num="36" count="9" type="cond" truecount="1" falsecount="0"/>
      <line num="37" count="9" type="cond" truecount="0" falsecount="1"/>
      <line num="38" count="9" type="stmt"/>
      <line num="39" count="9" type="cond" truecount="2" falsecount="0"/>
      <line num="40" count="9" type="cond" truecount="2" falsecount="0"/>
      <line num="41" count="9" type="cond" truecount="2" falsecount="0"/>
      <line num="42" count="2" type="stmt"/>
      <line num="43" count="2" type="stmt"/>
      <line num="57" count="12" type="cond" truecount="1" falsecount="0"/>
      <line num="58" count="12" type="stmt"/>
      <line num="59" count="12" type="cond" truecount="1" falsecount="0"/>
      <line num="60" count="1" type="stmt"/>
      <line num="61" count="1" type="cond" truecount="1" falsecount="0"/>
      <line num="62" count="12" type="cond" truecount="1" falsecount="0"/>
      <line num="64" count="12" type="cond" truecount="1" falsecount="0"/>
      <line num="65" count="2" type="stmt"/>
      <line num="66" count="2" type="stmt"/>
      <line num="67" count="2" type="cond" truecount="1" falsecount="0"/>
      <line num="69" count="9" type="stmt"/>
      <line num="70" count="12" type="cond" truecount="2" falsecount="0"/>
      <line num="71" count="12" type="cond" truecount="1" falsecount="0"/>
      <line num="73" count="1" type="stmt"/>
      <line num="74" count="1" type="cond" truecount="1" falsecount="0"/>
      <line num="75" count="3" type="stmt"/>
      <line num="76" count="3" type="stmt"/>
      <line num="86" count="4" type="cond" truecount="1" falsecount="0"/>
      <line num="87" count="4" type="cond" truecount="1" falsecount="0"/>
      <line num="88" count="4" type="stmt"/>
      <line num="89" count="4" type="stmt"/>
      <line num="90" count="4" type="stmt"/>
      <line num="91" count="4" type="stmt"/>
      <line num="92" count="4" type="stmt"/>
    </file>
    <file name="index.ts" path="/Users/gporcari/Sviluppo/genro_ng/meta-genro-modules/sub-projects/genro-tytx/ts/src/index.ts">
      <metrics statements="5" coveredstatements="5" conditionals="0" coveredconditionals="0" methods="0" coveredmethods="0"/>
      <line num="1" count="1" type="stmt"/>
      <line num="115" count="1" type="stmt"/>
      <line num="130" count="1" type="stmt"/>
      <line num="141" count="1" type="stmt"/>
      <line num="153" count="1" type="stmt"/>
    </file>
    <file name="json.ts" path="/Users/gporcari/Sviluppo/genro_ng/meta-genro-modules/sub-projects/genro-tytx/ts/src/json.ts">
      <metrics statements="72" coveredstatements="72" conditionals="38" coveredconditionals="38" methods="8" coveredmethods="8"/>
      <line num="1" count="1" type="stmt"/>
      <line num="17" count="1" type="stmt"/>
      <line num="20" count="1" type="stmt"/>
      <line num="25" count="76" type="cond" truecount="1" falsecount="0"/>
      <line num="26" count="76" type="cond" truecount="2" falsecount="0"/>
      <line num="27" count="37" type="stmt"/>
      <line num="28" count="37" type="cond" truecount="1" falsecount="0"/>
      <line num="29" count="76" type="cond" truecount="1" falsecount="0"/>
      <line num="30" count="4" type="cond" truecount="1" falsecount="0"/>
      <line num="31" count="4" type="cond" truecount="1" falsecount="0"/>
      <line num="32" count="76" type="cond" truecount="1" falsecount="0"/>
      <line num="33" count="27" type="stmt"/>
      <line num="34" count="27" type="cond" truecount="1" falsecount="0"/>
      <line num="35" count="40" type="stmt"/>
      <line num="36" count="40" type="stmt"/>
      <line num="37" count="27" type="stmt"/>
      <line num="38" count="27" type="cond" truecount="1" falsecount="0"/>
      <line num="39" count="8" type="stmt"/>
      <line num="40" count="8" type="stmt"/>
      <line num="46" count="5" type="cond" truecount="1" falsecount="0"/>
      <line num="47" count="5" type="stmt"/>
      <line num="48" count="5" type="stmt"/>
      <line num="49" count="5" type="stmt"/>
      <line num="57" count="76" type="cond" truecount="1" falsecount="0"/>
      <line num="58" count="76" type="cond" truecount="2" falsecount="0"/>
      <line num="59" count="1" type="stmt"/>
      <line num="60" count="1" type="cond" truecount="1" falsecount="0"/>
      <line num="63" count="76" type="cond" truecount="1" falsecount="0"/>
      <line num="64" count="9" type="cond" truecount="2" falsecount="0"/>
      <line num="65" count="9" type="cond" truecount="1" falsecount="0"/>
      <line num="68" count="76" type="cond" truecount="1" falsecount="0"/>
      <line num="69" count="4" type="cond" truecount="1" falsecount="0"/>
      <line num="70" count="4" type="cond" truecount="1" falsecount="0"/>
      <line num="73" count="76" type="cond" truecount="2" falsecount="0"/>
      <line num="74" count="24" type="stmt"/>
      <line num="75" count="24" type="cond" truecount="1" falsecount="0"/>
      <line num="76" count="43" type="stmt"/>
      <line num="77" count="43" type="stmt"/>
      <line num="78" count="24" type="stmt"/>
      <line num="79" count="24" type="cond" truecount="1" falsecount="0"/>
      <line num="82" count="38" type="stmt"/>
      <line num="83" count="38" type="stmt"/>
      <line num="94" count="1" type="cond" truecount="1" falsecount="0"/>
      <line num="95" count="19" type="stmt"/>
      <line num="96" count="19" type="cond" truecount="1" falsecount="0"/>
      <line num="97" count="1" type="cond" truecount="1" falsecount="0"/>
      <line num="98" count="18" type="stmt"/>
      <line num="99" count="19" type="stmt"/>
      <line num="110" count="1" type="cond" truecount="1" falsecount="0"/>
      <line num="111" count="3" type="stmt"/>
      <line num="112" count="3" type="cond" truecount="1" falsecount="0"/>
      <line num="113" count="1" type="cond" truecount="1" falsecount="0"/>
      <line num="114" count="2" type="stmt"/>
      <line num="115" count="3" type="stmt"/>
      <line num="142" count="1" type="cond" truecount="1" falsecount="0"/>
      <line num="144" count="34" type="cond" truecount="1" falsecount="0"/>
      <line num="145" count="17" type="stmt"/>
      <line num="146" count="17" type="stmt"/>
      <line num="147" count="17" type="stmt"/>
      <line num="148" count="17" type="stmt"/>
      <line num="151" count="17" type="stmt"/>
      <line num="152" count="34" type="cond" truecount="1" falsecount="0"/>
      <line num="153" count="1" type="stmt"/>
      <line num="154" count="1" type="cond" truecount="1" falsecount="0"/>
      <line num="157" count="17" type="stmt"/>
      <line num="158" count="17" type="stmt"/>
      <line num="169" count="1" type="cond" truecount="1" falsecount="0"/>
      <line num="170" count="4" type="stmt"/>
      <line num="171" count="4" type="stmt"/>
      <line num="176" count="1" type="cond" truecount="1" falsecount="0"/>
      <line num="177" count="1" type="stmt"/>
      <line num="178" count="1" type="stmt"/>
    </file>
    <file name="metadata.ts" path="/Users/gporcari/Sviluppo/genro_ng/meta-genro-modules/sub-projects/genro-tytx/ts/src/metadata.ts">
      <metrics statements="128" coveredstatements="115" conditionals="55" coveredconditionals="48" methods="5" coveredmethods="5"/>
      <line num="34" count="1" type="stmt"/>
      <line num="36" count="1" type="stmt"/>
      <line num="37" count="1" type="stmt"/>
      <line num="38" count="1" type="stmt"/>
      <line num="39" count="1" type="stmt"/>
      <line num="40" count="1" type="stmt"/>
      <line num="41" count="1" type="stmt"/>
      <line num="43" count="1" type="stmt"/>
      <line num="44" count="1" type="stmt"/>
      <line num="45" count="1" type="stmt"/>
      <line num="46" count="1" type="stmt"/>
      <line num="47" count="1" type="stmt"/>
      <line num="48" count="1" type="stmt"/>
      <line num="49" count="1" type="stmt"/>
      <line num="54" count="1" type="stmt"/>
      <line num="55" count="1" type="cond" truecount="1" falsecount="0"/>
      <line num="56" count="2" type="stmt"/>
      <line num="57" count="2" type="stmt"/>
      <line num="58" count="2" type="stmt"/>
      <line num="59" count="1" type="stmt"/>
      <line num="80" count="1" type="cond" truecount="1" falsecount="0"/>
      <line num="81" count="18" type="cond" truecount="2" falsecount="0"/>
      <line num="82" count="1" type="stmt"/>
      <line num="83" count="1" type="cond" truecount="1" falsecount="0"/>
      <line num="85" count="17" type="stmt"/>
      <line num="86" count="17" type="stmt"/>
      <line num="87" count="17" type="stmt"/>
      <line num="89" count="18" type="cond" truecount="1" falsecount="0"/>
      <line num="91" count="27" type="cond" truecount="2" falsecount="0"/>
      <line num="92" count="11" type="stmt"/>
      <line num="93" count="11" type="stmt"/>
      <line num="95" count="27" type="cond" truecount="0" falsecount="1"/>
      <line num="98" count="27" type="stmt"/>
      <line num="99" count="27" type="cond" truecount="2" falsecount="0"/>
      <line num="100" count="85" type="stmt"/>
      <line num="101" count="85" type="stmt"/>
      <line num="102" count="27" type="stmt"/>
      <line num="104" count="27" type="cond" truecount="0" falsecount="1"/>
      <line num="105" count="0" type="stmt"/>
      <line num="106" count="0" type="stmt"/>
      <line num="109" count="27" type="cond" truecount="0" falsecount="1"/>
      <line num="110" count="0" type="stmt"/>
      <line num="111" count="0" type="stmt"/>
      <line num="114" count="27" type="cond" truecount="1" falsecount="0"/>
      <line num="115" count="1" type="stmt"/>
      <line num="116" count="1" type="cond" truecount="1" falsecount="0"/>
      <line num="117" count="26" type="stmt"/>
      <line num="120" count="27" type="cond" truecount="0" falsecount="1"/>
      <line num="121" count="0" type="stmt"/>
      <line num="122" count="0" type="cond" truecount="1" falsecount="0"/>
      <line num="125" count="26" type="stmt"/>
      <line num="127" count="27" type="cond" truecount="1" falsecount="0"/>
      <line num="129" count="10" type="stmt"/>
      <line num="130" count="10" type="stmt"/>
      <line num="131" count="10" type="cond" truecount="2" falsecount="0"/>
      <line num="132" count="98" type="cond" truecount="2" falsecount="0"/>
      <line num="134" count="4" type="stmt"/>
      <line num="135" count="4" type="cond" truecount="1" falsecount="0"/>
      <line num="136" count="2" type="stmt"/>
      <line num="137" count="2" type="stmt"/>
      <line num="138" count="2" type="stmt"/>
      <line num="139" count="2" type="stmt"/>
      <line num="140" count="2" type="stmt"/>
      <line num="141" count="2" type="cond" truecount="0" falsecount="1"/>
      <line num="142" count="0" type="stmt"/>
      <line num="143" count="0" type="stmt"/>
      <line num="144" count="0" type="stmt"/>
      <line num="145" count="98" type="cond" truecount="1" falsecount="0"/>
      <line num="146" count="94" type="stmt"/>
      <line num="147" count="94" type="stmt"/>
      <line num="148" count="94" type="stmt"/>
      <line num="149" count="98" type="stmt"/>
      <line num="150" count="10" type="cond" truecount="1" falsecount="0"/>
      <line num="151" count="1" type="stmt"/>
      <line num="152" count="1" type="cond" truecount="1" falsecount="0"/>
      <line num="153" count="9" type="stmt"/>
      <line num="154" count="9" type="stmt"/>
      <line num="155" count="27" type="cond" truecount="1" falsecount="0"/>
      <line num="157" count="16" type="stmt"/>
      <line num="158" count="16" type="cond" truecount="3" falsecount="0"/>
      <line num="159" count="41" type="stmt"/>
      <line num="160" count="41" type="stmt"/>
      <line num="161" count="16" type="stmt"/>
      <line num="162" count="16" type="cond" truecount="1" falsecount="0"/>
      <line num="164" count="25" type="stmt"/>
      <line num="167" count="27" type="cond" truecount="1" falsecount="1"/>
      <line num="168" count="0" type="stmt"/>
      <line num="169" count="0" type="cond" truecount="1" falsecount="0"/>
      <line num="172" count="27" type="cond" truecount="1" falsecount="0"/>
      <line num="173" count="10" type="stmt"/>
      <line num="174" count="10" type="stmt"/>
      <line num="175" count="10" type="cond" truecount="0" falsecount="1"/>
      <line num="177" count="0" type="stmt"/>
      <line num="178" count="0" type="stmt"/>
      <line num="179" count="10" type="stmt"/>
      <line num="180" count="27" type="cond" truecount="1" falsecount="0"/>
      <line num="182" count="15" type="stmt"/>
      <line num="183" count="15" type="stmt"/>
      <line num="188" count="13" type="cond" truecount="1" falsecount="0"/>
      <line num="190" count="13" type="cond" truecount="2" falsecount="0"/>
      <line num="191" count="2" type="stmt"/>
      <line num="192" count="2" type="cond" truecount="1" falsecount="0"/>
      <line num="195" count="11" type="stmt"/>
      <line num="196" count="11" type="cond" truecount="1" falsecount="0"/>
      <line num="197" count="11" type="stmt"/>
      <line num="217" count="1" type="cond" truecount="1" falsecount="0"/>
      <line num="218" count="10" type="cond" truecount="1" falsecount="0"/>
      <line num="219" count="1" type="stmt"/>
      <line num="220" count="1" type="cond" truecount="1" falsecount="0"/>
      <line num="222" count="9" type="stmt"/>
      <line num="224" count="10" type="cond" truecount="1" falsecount="0"/>
      <line num="225" count="13" type="stmt"/>
      <line num="227" count="13" type="cond" truecount="1" falsecount="0"/>
      <line num="229" count="5" type="stmt"/>
      <line num="230" count="5" type="stmt"/>
      <line num="231" count="13" type="cond" truecount="1" falsecount="0"/>
      <line num="232" count="8" type="stmt"/>
      <line num="233" count="8" type="stmt"/>
      <line num="234" count="13" type="cond" truecount="1" falsecount="0"/>
      <line num="236" count="9" type="stmt"/>
      <line num="237" count="9" type="stmt"/>
      <line num="253" count="1" type="cond" truecount="1" falsecount="0"/>
      <line num="254" count="3" type="cond" truecount="1" falsecount="0"/>
      <line num="255" count="5" type="cond" truecount="2" falsecount="0"/>
      <line num="256" count="1" type="stmt"/>
      <line num="257" count="1" type="stmt"/>
      <line num="258" count="5" type="cond" truecount="1" falsecount="0"/>
      <line num="259" count="2" type="stmt"/>
    </file>
    <file name="model.ts" path="/Users/gporcari/Sviluppo/genro_ng/meta-genro-modules/sub-projects/genro-tytx/ts/src/model.ts">
      <metrics statements="78" coveredstatements="78" conditionals="16" coveredconditionals="16" methods="9" coveredmethods="9"/>
      <line num="1" count="1" type="stmt"/>
      <line num="57" count="1" type="stmt"/>
      <line num="69" count="1" type="cond" truecount="1" falsecount="0"/>
      <line num="70" count="2" type="stmt"/>
      <line num="71" count="2" type="stmt"/>
      <line num="83" count="1" type="cond" truecount="1" falsecount="0"/>
      <line num="84" count="3" type="stmt"/>
      <line num="85" count="3" type="stmt"/>
      <line num="91" count="1" type="cond" truecount="1" falsecount="0"/>
      <line num="92" count="6" type="stmt"/>
      <line num="93" count="6" type="cond" truecount="1" falsecount="0"/>
      <line num="94" count="14" type="stmt"/>
      <line num="95" count="14" type="stmt"/>
      <line num="96" count="14" type="stmt"/>
      <line num="97" count="14" type="stmt"/>
      <line num="98" count="14" type="stmt"/>
      <line num="99" count="6" type="stmt"/>
      <line num="100" count="6" type="stmt"/>
      <line num="114" count="1" type="cond" truecount="1" falsecount="0"/>
      <line num="116" count="6" type="stmt"/>
      <line num="117" count="6" type="stmt"/>
      <line num="118" count="6" type="cond" truecount="2" falsecount="0"/>
      <line num="119" count="6" type="stmt"/>
      <line num="120" count="6" type="stmt"/>
      <line num="121" count="6" type="stmt"/>
      <line num="122" count="6" type="stmt"/>
      <line num="137" count="1" type="cond" truecount="1" falsecount="0"/>
      <line num="139" count="2" type="stmt"/>
      <line num="140" count="2" type="stmt"/>
      <line num="141" count="2" type="stmt"/>
      <line num="142" count="2" type="stmt"/>
      <line num="143" count="2" type="stmt"/>
      <line num="144" count="2" type="stmt"/>
      <line num="145" count="2" type="stmt"/>
      <line num="159" count="1" type="cond" truecount="1" falsecount="0"/>
      <line num="161" count="1" type="stmt"/>
      <line num="162" count="1" type="stmt"/>
      <line num="163" count="1" type="stmt"/>
      <line num="164" count="1" type="stmt"/>
      <line num="165" count="1" type="stmt"/>
      <line num="166" count="1" type="stmt"/>
      <line num="167" count="1" type="stmt"/>
      <line num="182" count="1" type="cond" truecount="1" falsecount="0"/>
      <line num="184" count="2" type="stmt"/>
      <line num="185" count="2" type="stmt"/>
      <line num="186" count="2" type="stmt"/>
      <line num="187" count="2" type="stmt"/>
      <line num="188" count="2" type="stmt"/>
      <line num="190" count="2" type="cond" truecount="1" falsecount="0"/>
      <line num="191" count="1" type="stmt"/>
      <line num="192" count="1" type="stmt"/>
      <line num="194" count="1" type="cond" truecount="1" falsecount="0"/>
      <line num="195" count="2" type="stmt"/>
      <line num="206" count="1" type="cond" truecount="1" falsecount="0"/>
      <line num="208" count="1" type="stmt"/>
      <line num="209" count="1" type="stmt"/>
      <line num="210" count="1" type="stmt"/>
      <line num="211" count="1" type="stmt"/>
      <line num="212" count="1" type="stmt"/>
      <line num="213" count="1" type="stmt"/>
      <line num="214" count="1" type="stmt"/>
      <line num="225" count="1" type="cond" truecount="1" falsecount="0"/>
      <line num="227" count="2" type="stmt"/>
      <line num="228" count="2" type="stmt"/>
      <line num="229" count="2" type="stmt"/>
      <line num="230" count="2" type="stmt"/>
      <line num="231" count="2" type="stmt"/>
      <line num="232" count="2" type="stmt"/>
      <line num="234" count="2" type="cond" truecount="1" falsecount="0"/>
      <line num="235" count="1" type="stmt"/>
      <line num="236" count="1" type="stmt"/>
      <line num="238" count="1" type="cond" truecount="1" falsecount="0"/>
      <line num="239" count="1" type="stmt"/>
      <line num="240" count="1" type="stmt"/>
      <line num="241" count="1" type="stmt"/>
      <line num="242" count="1" type="stmt"/>
      <line num="243" count="2" type="stmt"/>
      <line num="244" count="1" type="stmt"/>
    </file>
    <file name="msgpack.ts" path="/Users/gporcari/Sviluppo/genro_ng/meta-genro-modules/sub-projects/genro-tytx/ts/src/msgpack.ts">
      <metrics statements="50" coveredstatements="50" conditionals="20" coveredconditionals="20" methods="7" coveredmethods="6"/>
      <line num="1" count="1" type="stmt"/>
      <line num="16" count="1" type="stmt"/>
      <line num="21" count="1" type="stmt"/>
      <line num="26" count="23" type="cond" truecount="1" falsecount="0"/>
      <line num="27" count="23" type="cond" truecount="2" falsecount="0"/>
      <line num="29" count="22" type="stmt"/>
      <line num="30" count="22" type="stmt"/>
      <line num="32" count="23" type="stmt"/>
      <line num="33" count="23" type="stmt"/>
      <line num="34" count="23" type="cond" truecount="1" falsecount="0"/>
      <line num="35" count="1" type="stmt"/>
      <line num="36" count="1" type="stmt"/>
      <line num="38" count="1" type="stmt"/>
      <line num="39" count="1" type="stmt"/>
      <line num="40" count="23" type="stmt"/>
      <line num="45" count="1" type="cond" truecount="1" falsecount="0"/>
      <line num="46" count="2" type="stmt"/>
      <line num="47" count="2" type="stmt"/>
      <line num="55" count="32" type="cond" truecount="1" falsecount="0"/>
      <line num="56" count="32" type="cond" truecount="2" falsecount="0"/>
      <line num="57" count="32" type="cond" truecount="2" falsecount="0"/>
      <line num="58" count="32" type="cond" truecount="2" falsecount="0"/>
      <line num="59" count="9" type="stmt"/>
      <line num="60" count="9" type="cond" truecount="1" falsecount="0"/>
      <line num="62" count="20" type="stmt"/>
      <line num="63" count="20" type="stmt"/>
      <line num="73" count="1" type="cond" truecount="1" falsecount="0"/>
      <line num="74" count="12" type="stmt"/>
      <line num="76" count="12" type="cond" truecount="1" falsecount="0"/>
      <line num="78" count="1" type="stmt"/>
      <line num="79" count="1" type="stmt"/>
      <line num="80" count="1" type="stmt"/>
      <line num="81" count="1" type="stmt"/>
      <line num="82" count="1" type="cond" truecount="1" falsecount="0"/>
      <line num="84" count="10" type="stmt"/>
      <line num="85" count="10" type="stmt"/>
      <line num="96" count="1" type="cond" truecount="1" falsecount="0"/>
      <line num="97" count="11" type="stmt"/>
      <line num="99" count="11" type="stmt"/>
      <line num="100" count="11" type="stmt"/>
      <line num="101" count="11" type="stmt"/>
      <line num="102" count="11" type="stmt"/>
      <line num="103" count="11" type="cond" truecount="1" falsecount="0"/>
      <line num="104" count="1" type="stmt"/>
      <line num="105" count="1" type="stmt"/>
      <line num="106" count="1" type="stmt"/>
      <line num="107" count="11" type="stmt"/>
      <line num="109" count="11" type="cond" truecount="2" falsecount="0"/>
      <line num="110" count="11" type="stmt"/>
      <line num="111" count="11" type="stmt"/>
    </file>
    <file name="registry.ts" path="/Users/gporcari/Sviluppo/genro_ng/meta-genro-modules/sub-projects/genro-tytx/ts/src/registry.ts">
      <metrics statements="573" coveredstatements="488" conditionals="226" coveredconditionals="215" methods="65" coveredmethods="58"/>
      <line num="1" count="1" type="stmt"/>
      <line num="16" count="1" type="stmt"/>
      <line num="21" count="1" type="stmt"/>
      <line num="26" count="1" type="stmt"/>
      <line num="84" count="1" type="stmt"/>
      <line num="85" count="1" type="stmt"/>
      <line num="86" count="1" type="stmt"/>
      <line num="87" count="1" type="cond" truecount="1" falsecount="0"/>
      <line num="88" count="1" type="cond" truecount="1" falsecount="0"/>
      <line num="89" count="1" type="cond" truecount="1" falsecount="0"/>
      <line num="90" count="3" type="cond" truecount="1" falsecount="0"/>
      <line num="91" count="1" type="stmt"/>
      <line num="93" count="1" type="stmt"/>
      <line num="94" count="1" type="stmt"/>
      <line num="95" count="1" type="stmt"/>
      <line num="96" count="1" type="cond" truecount="1" falsecount="0"/>
      <line num="97" count="1" type="cond" truecount="1" falsecount="0"/>
      <line num="98" count="1" type="cond" truecount="1" falsecount="0"/>
      <line num="99" count="2" type="stmt"/>
      <line num="100" count="1" type="stmt"/>
      <line num="102" count="1" type="stmt"/>
      <line num="104" count="1" type="stmt"/>
      <line num="105" count="1" type="stmt"/>
      <line num="106" count="1" type="stmt"/>
      <line num="107" count="1" type="cond" truecount="1" falsecount="0"/>
      <line num="109" count="27" type="stmt"/>
      <line num="111" count="27" type="cond" truecount="2" falsecount="0"/>
      <line num="112" count="27" type="stmt"/>
      <line num="113" count="27" type="stmt"/>
      <line num="114" count="27" type="cond" truecount="1" falsecount="0"/>
      <line num="115" count="1" type="stmt"/>
      <line num="116" count="1" type="stmt"/>
      <line num="117" count="27" type="stmt"/>
      <line num="118" count="1" type="stmt"/>
      <line num="119" count="1" type="cond" truecount="1" falsecount="0"/>
      <line num="120" count="3" type="cond" truecount="1" falsecount="0"/>
      <line num="121" count="1" type="stmt"/>
      <line num="123" count="1" type="stmt"/>
      <line num="124" count="1" type="stmt"/>
      <line num="125" count="1" type="stmt"/>
      <line num="126" count="1" type="cond" truecount="1" falsecount="0"/>
      <line num="127" count="10" type="stmt"/>
      <line num="128" count="10" type="stmt"/>
      <line num="129" count="10" type="stmt"/>
      <line num="130" count="1" type="cond" truecount="1" falsecount="0"/>
      <line num="131" count="1" type="cond" truecount="1" falsecount="0"/>
      <line num="132" count="1" type="stmt"/>
      <line num="134" count="1" type="stmt"/>
      <line num="135" count="1" type="stmt"/>
      <line num="136" count="1" type="stmt"/>
      <line num="137" count="1" type="cond" truecount="1" falsecount="0"/>
      <line num="138" count="1" type="stmt"/>
      <line num="139" count="1" type="stmt"/>
      <line num="140" count="1" type="stmt"/>
      <line num="146" count="1" type="stmt"/>
      <line num="147" count="1" type="stmt"/>
      <line num="148" count="1" type="stmt"/>
      <line num="149" count="1" type="cond" truecount="1" falsecount="0"/>
      <line num="150" count="1" type="cond" truecount="1" falsecount="0"/>
      <line num="151" count="9" type="stmt"/>
      <line num="152" count="9" type="stmt"/>
      <line num="153" count="9" type="stmt"/>
      <line num="154" count="9" type="stmt"/>
      <line num="155" count="9" type="stmt"/>
      <line num="156" count="1" type="cond" truecount="1" falsecount="0"/>
      <line num="157" count="19" type="cond" truecount="2" falsecount="0"/>
      <line num="159" count="18" type="stmt"/>
      <line num="160" count="18" type="cond" truecount="1" falsecount="0"/>
      <line num="161" count="11" type="cond" truecount="1" falsecount="0"/>
      <line num="162" count="11" type="cond" truecount="1" falsecount="0"/>
      <line num="163" count="11" type="cond" truecount="1" falsecount="0"/>
      <line num="165" count="11" type="cond" truecount="2" falsecount="0"/>
      <line num="167" count="19" type="stmt"/>
      <line num="168" count="1" type="stmt"/>
      <line num="176" count="1" type="stmt"/>
      <line num="177" count="1" type="stmt"/>
      <line num="178" count="1" type="stmt"/>
      <line num="179" count="1" type="cond" truecount="1" falsecount="0"/>
      <line num="180" count="1" type="cond" truecount="1" falsecount="0"/>
      <line num="181" count="7" type="stmt"/>
      <line num="182" count="7" type="stmt"/>
      <line num="183" count="7" type="stmt"/>
      <line num="184" count="7" type="stmt"/>
      <line num="185" count="7" type="stmt"/>
      <line num="186" count="7" type="stmt"/>
      <line num="187" count="7" type="stmt"/>
      <line num="188" count="7" type="stmt"/>
      <line num="189" count="1" type="cond" truecount="1" falsecount="0"/>
      <line num="190" count="4" type="cond" truecount="2" falsecount="0"/>
      <line num="192" count="3" type="stmt"/>
      <line num="193" count="3" type="cond" truecount="1" falsecount="0"/>
      <line num="194" count="2" type="cond" truecount="1" falsecount="0"/>
      <line num="195" count="2" type="cond" truecount="1" falsecount="0"/>
      <line num="196" count="2" type="stmt"/>
      <line num="197" count="4" type="stmt"/>
      <line num="198" count="4" type="cond" truecount="2" falsecount="0"/>
      <line num="199" count="4" type="cond" truecount="1" falsecount="0"/>
      <line num="200" count="4" type="stmt"/>
      <line num="201" count="1" type="stmt"/>
      <line num="209" count="1" type="stmt"/>
      <line num="210" count="1" type="stmt"/>
      <line num="211" count="1" type="stmt"/>
      <line num="212" count="1" type="cond" truecount="1" falsecount="0"/>
      <line num="213" count="1" type="cond" truecount="1" falsecount="0"/>
      <line num="214" count="1" type="stmt"/>
      <line num="215" count="1" type="stmt"/>
      <line num="216" count="1" type="stmt"/>
      <line num="217" count="1" type="stmt"/>
      <line num="218" count="1" type="stmt"/>
      <line num="219" count="1" type="stmt"/>
      <line num="220" count="1" type="stmt"/>
      <line num="221" count="1" type="stmt"/>
      <line num="222" count="1" type="stmt"/>
      <line num="223" count="1" type="stmt"/>
      <line num="229" count="1" type="stmt"/>
      <line num="230" count="1" type="stmt"/>
      <line num="231" count="1" type="stmt"/>
      <line num="232" count="1" type="cond" truecount="1" falsecount="0"/>
      <line num="233" count="1" type="cond" truecount="1" falsecount="0"/>
      <line num="234" count="4" type="stmt"/>
      <line num="235" count="4" type="stmt"/>
      <line num="236" count="4" type="stmt"/>
      <line num="237" count="4" type="stmt"/>
      <line num="238" count="4" type="stmt"/>
      <line num="239" count="1" type="cond" truecount="1" falsecount="0"/>
      <line num="240" count="21" type="cond" truecount="2" falsecount="0"/>
      <line num="242" count="20" type="stmt"/>
      <line num="243" count="21" type="cond" truecount="2" falsecount="0"/>
      <line num="245" count="21" type="stmt"/>
      <line num="246" count="1" type="stmt"/>
      <line num="248" count="1" type="stmt"/>
      <line num="249" count="1" type="stmt"/>
      <line num="250" count="1" type="stmt"/>
      <line num="251" count="1" type="cond" truecount="1" falsecount="0"/>
      <line num="252" count="1" type="cond" truecount="1" falsecount="0"/>
      <line num="253" count="1" type="cond" truecount="1" falsecount="0"/>
      <line num="254" count="2" type="cond" truecount="1" falsecount="0"/>
      <line num="255" count="1" type="stmt"/>
      <line num="260" count="1" type="stmt"/>
      <line num="261" count="1" type="cond" truecount="1" falsecount="0"/>
      <line num="262" count="8" type="stmt"/>
      <line num="263" count="8" type="stmt"/>
      <line num="264" count="8" type="stmt"/>
      <line num="266" count="1" type="cond" truecount="1" falsecount="0"/>
      <line num="267" count="8" type="stmt"/>
      <line num="268" count="8" type="stmt"/>
      <line num="270" count="1" type="cond" truecount="1" falsecount="0"/>
      <line num="271" count="8" type="stmt"/>
      <line num="272" count="8" type="stmt"/>
      <line num="273" count="8" type="stmt"/>
      <line num="274" count="8" type="stmt"/>
      <line num="275" count="8" type="stmt"/>
      <line num="276" count="8" type="stmt"/>
      <line num="277" count="8" type="stmt"/>
      <line num="278" count="8" type="stmt"/>
      <line num="279" count="8" type="stmt"/>
      <line num="280" count="8" type="stmt"/>
      <line num="281" count="8" type="stmt"/>
      <line num="282" count="8" type="stmt"/>
      <line num="284" count="8" type="cond" truecount="1" falsecount="0"/>
      <line num="285" count="80" type="stmt"/>
      <line num="286" count="80" type="stmt"/>
      <line num="287" count="8" type="stmt"/>
      <line num="292" count="1" type="cond" truecount="1" falsecount="0"/>
      <line num="293" count="80" type="stmt"/>
      <line num="294" count="80" type="stmt"/>
      <line num="295" count="80" type="stmt"/>
      <line num="310" count="1" type="stmt"/>
      <line num="311" count="0" type="stmt"/>
      <line num="312" count="0" type="stmt"/>
      <line num="313" count="0" type="stmt"/>
      <line num="314" count="0" type="stmt"/>
      <line num="315" count="0" type="stmt"/>
      <line num="317" count="0" type="stmt"/>
      <line num="318" count="0" type="stmt"/>
      <line num="319" count="0" type="stmt"/>
      <line num="320" count="0" type="stmt"/>
      <line num="321" count="0" type="stmt"/>
      <line num="322" count="0" type="stmt"/>
      <line num="323" count="0" type="stmt"/>
      <line num="325" count="0" type="stmt"/>
      <line num="326" count="0" type="stmt"/>
      <line num="327" count="0" type="stmt"/>
      <line num="330" count="0" type="stmt"/>
      <line num="331" count="0" type="stmt"/>
      <line num="332" count="0" type="stmt"/>
      <line num="333" count="0" type="stmt"/>
      <line num="334" count="0" type="stmt"/>
      <line num="335" count="0" type="stmt"/>
      <line num="336" count="0" type="stmt"/>
      <line num="338" count="0" type="stmt"/>
      <line num="339" count="0" type="stmt"/>
      <line num="340" count="0" type="stmt"/>
      <line num="342" count="0" type="stmt"/>
      <line num="343" count="0" type="stmt"/>
      <line num="344" count="0" type="stmt"/>
      <line num="345" count="0" type="stmt"/>
      <line num="346" count="0" type="stmt"/>
      <line num="347" count="0" type="stmt"/>
      <line num="348" count="0" type="stmt"/>
      <line num="351" count="0" type="stmt"/>
      <line num="352" count="0" type="stmt"/>
      <line num="353" count="0" type="stmt"/>
      <line num="354" count="0" type="stmt"/>
      <line num="360" count="1" type="stmt"/>
      <line num="361" count="0" type="stmt"/>
      <line num="362" count="0" type="stmt"/>
      <line num="363" count="0" type="stmt"/>
      <line num="364" count="0" type="stmt"/>
      <line num="365" count="0" type="stmt"/>
      <line num="366" count="0" type="stmt"/>
      <line num="367" count="0" type="stmt"/>
      <line num="368" count="0" type="stmt"/>
      <line num="369" count="0" type="stmt"/>
      <line num="370" count="0" type="stmt"/>
      <line num="381" count="1" type="cond" truecount="1" falsecount="0"/>
      <line num="382" count="36" type="stmt"/>
      <line num="383" count="36" type="stmt"/>
      <line num="386" count="36" type="cond" truecount="1" falsecount="0"/>
      <line num="387" count="7" type="stmt"/>
      <line num="388" count="7" type="stmt"/>
      <line num="389" count="7" type="stmt"/>
      <line num="390" count="7" type="stmt"/>
      <line num="392" count="36" type="stmt"/>
      <line num="393" count="36" type="stmt"/>
      <line num="394" count="36" type="stmt"/>
      <line num="395" count="36" type="stmt"/>
      <line num="396" count="36" type="stmt"/>
      <line num="397" count="36" type="stmt"/>
      <line num="398" count="36" type="stmt"/>
      <line num="400" count="36" type="stmt"/>
      <line num="401" count="36" type="stmt"/>
      <line num="406" count="1" type="cond" truecount="1" falsecount="0"/>
      <line num="407" count="7" type="stmt"/>
      <line num="408" count="7" type="stmt"/>
      <line num="410" count="7" type="cond" truecount="1" falsecount="0"/>
      <line num="411" count="16" type="stmt"/>
      <line num="412" count="16" type="cond" truecount="0" falsecount="1"/>
      <line num="414" count="16" type="cond" truecount="1" falsecount="0"/>
      <line num="415" count="12" type="cond" truecount="1" falsecount="0"/>
      <line num="416" count="12" type="stmt"/>
      <line num="417" count="12" type="stmt"/>
      <line num="418" count="16" type="cond" truecount="1" falsecount="0"/>
      <line num="419" count="4" type="stmt"/>
      <line num="420" count="4" type="stmt"/>
      <line num="421" count="16" type="stmt"/>
      <line num="423" count="7" type="stmt"/>
      <line num="424" count="7" type="stmt"/>
      <line num="430" count="1" type="cond" truecount="1" falsecount="0"/>
      <line num="431" count="158" type="stmt"/>
      <line num="432" count="158" type="stmt"/>
      <line num="439" count="1" type="cond" truecount="1" falsecount="0"/>
      <line num="440" count="9" type="stmt"/>
      <line num="441" count="9" type="cond" truecount="1" falsecount="0"/>
      <line num="442" count="9" type="stmt"/>
      <line num="447" count="1" type="cond" truecount="1" falsecount="0"/>
      <line num="448" count="155" type="cond" truecount="2" falsecount="0"/>
      <line num="449" count="155" type="stmt"/>
      <line num="454" count="1" type="stmt"/>
      <line num="455" count="0" type="stmt"/>
      <line num="456" count="0" type="stmt"/>
      <line num="468" count="1" type="cond" truecount="1" falsecount="0"/>
      <line num="469" count="93" type="stmt"/>
      <line num="470" count="93" type="stmt"/>
      <line num="471" count="93" type="stmt"/>
      <line num="472" count="93" type="stmt"/>
      <line num="473" count="93" type="cond" truecount="1" falsecount="0"/>
      <line num="474" count="2" type="stmt"/>
      <line num="475" count="2" type="cond" truecount="2" falsecount="0"/>
      <line num="476" count="2" type="cond" truecount="1" falsecount="0"/>
      <line num="478" count="93" type="cond" truecount="1" falsecount="0"/>
      <line num="479" count="7" type="stmt"/>
      <line num="480" count="7" type="cond" truecount="1" falsecount="0"/>
      <line num="482" count="84" type="stmt"/>
      <line num="483" count="84" type="stmt"/>
      <line num="487" count="93" type="cond" truecount="1" falsecount="0"/>
      <line num="488" count="3" type="stmt"/>
      <line num="491" count="3" type="stmt"/>
      <line num="492" count="3" type="stmt"/>
      <line num="493" count="3" type="stmt"/>
      <line num="494" count="3" type="stmt"/>
      <line num="495" count="3" type="stmt"/>
      <line num="496" count="3" type="cond" truecount="0" falsecount="1"/>
      <line num="497" count="0" type="stmt"/>
      <line num="498" count="0" type="stmt"/>
      <line num="501" count="0" type="stmt"/>
      <line num="502" count="0" type="stmt"/>
      <line num="503" count="0" type="stmt"/>
      <line num="504" count="0" type="stmt"/>
      <line num="505" count="0" type="stmt"/>
      <line num="506" count="0" type="cond" truecount="1" falsecount="0"/>
      <line num="509" count="93" type="cond" truecount="1" falsecount="0"/>
      <line num="510" count="25" type="stmt"/>
      <line num="511" count="25" type="stmt"/>
      <line num="512" count="25" type="stmt"/>
      <line num="513" count="25" type="stmt"/>
      <line num="514" count="25" type="stmt"/>
      <line num="515" count="25" type="cond" truecount="0" falsecount="1"/>
      <line num="516" count="0" type="stmt"/>
      <line num="517" count="0" type="cond" truecount="2" falsecount="0"/>
      <line num="519" count="56" type="stmt"/>
      <line num="521" count="91" type="cond" truecount="1" falsecount="0"/>
      <line num="523" count="54" type="cond" truecount="1" falsecount="0"/>
      <line num="524" count="1" type="stmt"/>
      <line num="525" count="1" type="cond" truecount="1" falsecount="0"/>
      <line num="526" count="53" type="stmt"/>
      <line num="527" count="53" type="cond" truecount="1" falsecount="0"/>
      <line num="529" count="2" type="stmt"/>
      <line num="530" count="93" type="stmt"/>
      <line num="535" count="1" type="cond" truecount="1" falsecount="0"/>
      <line num="536" count="28" type="stmt"/>
      <line num="537" count="28" type="stmt"/>
      <line num="538" count="28" type="stmt"/>
      <line num="540" count="28" type="cond" truecount="0" falsecount="2"/>
      <line num="541" count="0" type="stmt"/>
      <line num="542" count="0" type="stmt"/>
      <line num="543" count="0" type="stmt"/>
      <line num="545" count="0" type="stmt"/>
      <line num="546" count="0" type="stmt"/>
      <line num="547" count="0" type="stmt"/>
      <line num="548" count="0" type="stmt"/>
      <line num="549" count="0" type="stmt"/>
      <line num="551" count="0" type="stmt"/>
      <line num="552" count="0" type="stmt"/>
      <line num="553" count="0" type="stmt"/>
      <line num="554" count="0" type="stmt"/>
      <line num="555" count="0" type="stmt"/>
      <line num="556" count="0" type="stmt"/>
      <line num="557" count="0" type="stmt"/>
      <line num="558" count="0" type="stmt"/>
      <line num="561" count="28" type="stmt"/>
      <line num="562" count="28" type="stmt"/>
      <line num="567" count="1" type="cond" truecount="1" falsecount="0"/>
      <line num="568" count="1" type="stmt"/>
      <line num="570" count="1" type="cond" truecount="1" falsecount="0"/>
      <line num="571" count="7" type="cond" truecount="1" falsecount="0"/>
      <line num="572" count="3" type="stmt"/>
      <line num="573" count="3" type="cond" truecount="1" falsecount="0"/>
      <line num="574" count="4" type="stmt"/>
      <line num="575" count="7" type="stmt"/>
      <line num="577" count="1" type="stmt"/>
      <line num="578" count="1" type="stmt"/>
      <line num="583" count="1" type="cond" truecount="1" falsecount="0"/>
      <line num="584" count="3" type="stmt"/>
      <line num="585" count="3" type="cond" truecount="1" falsecount="0"/>
      <line num="586" count="3" type="stmt"/>
      <line num="591" count="1" type="cond" truecount="1" falsecount="0"/>
      <line num="593" count="32" type="cond" truecount="1" falsecount="0"/>
      <line num="594" count="8" type="stmt"/>
      <line num="595" count="8" type="cond" truecount="1" falsecount="0"/>
      <line num="597" count="32" type="cond" truecount="2" falsecount="0"/>
      <line num="598" count="15" type="stmt"/>
      <line num="599" count="15" type="cond" truecount="1" falsecount="0"/>
      <line num="601" count="9" type="stmt"/>
      <line num="602" count="9" type="stmt"/>
      <line num="603" count="9" type="cond" truecount="0" falsecount="1"/>
      <line num="604" count="0" type="stmt"/>
      <line num="605" count="32" type="stmt"/>
      <line num="610" count="1" type="cond" truecount="1" falsecount="0"/>
      <line num="611" count="8" type="cond" truecount="0" falsecount="1"/>
      <line num="612" count="0" type="stmt"/>
      <line num="613" count="0" type="stmt"/>
      <line num="614" count="8" type="stmt"/>
      <line num="615" count="8" type="stmt"/>
      <line num="620" count="1" type="cond" truecount="1" falsecount="0"/>
      <line num="621" count="8" type="stmt"/>
      <line num="622" count="8" type="stmt"/>
      <line num="623" count="8" type="stmt"/>
      <line num="624" count="8" type="stmt"/>
      <line num="625" count="8" type="stmt"/>
      <line num="627" count="8" type="cond" truecount="1" falsecount="0"/>
      <line num="628" count="19" type="stmt"/>
      <line num="629" count="19" type="stmt"/>
      <line num="630" count="19" type="stmt"/>
      <line num="631" count="19" type="cond" truecount="0" falsecount="1"/>
      <line num="632" count="0" type="stmt"/>
      <line num="633" count="0" type="stmt"/>
      <line num="634" count="19" type="stmt"/>
      <line num="637" count="8" type="cond" truecount="1" falsecount="0"/>
      <line num="638" count="5" type="stmt"/>
      <line num="639" count="5" type="cond" truecount="1" falsecount="0"/>
      <line num="640" count="13" type="stmt"/>
      <line num="641" count="13" type="stmt"/>
      <line num="642" count="5" type="stmt"/>
      <line num="643" count="5" type="cond" truecount="1" falsecount="0"/>
      <line num="644" count="3" type="stmt"/>
      <line num="645" count="8" type="stmt"/>
      <line num="650" count="1" type="cond" truecount="1" falsecount="0"/>
      <line num="651" count="15" type="cond" truecount="0" falsecount="1"/>
      <line num="652" count="0" type="stmt"/>
      <line num="653" count="0" type="stmt"/>
      <line num="654" count="15" type="stmt"/>
      <line num="655" count="15" type="cond" truecount="1" falsecount="0"/>
      <line num="656" count="27" type="stmt"/>
      <line num="657" count="27" type="stmt"/>
      <line num="658" count="27" type="stmt"/>
      <line num="659" count="27" type="stmt"/>
      <line num="660" count="27" type="stmt"/>
      <line num="661" count="15" type="stmt"/>
      <line num="662" count="15" type="stmt"/>
      <line num="667" count="1" type="cond" truecount="1" falsecount="0"/>
      <line num="668" count="9" type="cond" truecount="0" falsecount="1"/>
      <line num="669" count="0" type="stmt"/>
      <line num="670" count="0" type="stmt"/>
      <line num="672" count="9" type="cond" truecount="1" falsecount="0"/>
      <line num="674" count="4" type="stmt"/>
      <line num="675" count="4" type="cond" truecount="1" falsecount="0"/>
      <line num="676" count="9" type="cond" truecount="1" falsecount="0"/>
      <line num="679" count="5" type="cond" truecount="1" falsecount="0"/>
      <line num="680" count="1" type="cond" truecount="1" falsecount="0"/>
      <line num="681" count="1" type="cond" truecount="1" falsecount="0"/>
      <line num="682" count="4" type="stmt"/>
      <line num="683" count="4" type="stmt"/>
      <line num="684" count="9" type="stmt"/>
      <line num="689" count="1" type="cond" truecount="1" falsecount="0"/>
      <line num="690" count="12" type="cond" truecount="1" falsecount="0"/>
      <line num="691" count="2" type="cond" truecount="1" falsecount="0"/>
      <line num="692" count="2" type="cond" truecount="1" falsecount="0"/>
      <line num="693" count="10" type="stmt"/>
      <line num="694" count="12" type="stmt"/>
      <line num="699" count="1" type="cond" truecount="1" falsecount="0"/>
      <line num="700" count="6" type="stmt"/>
      <line num="701" count="6" type="cond" truecount="1" falsecount="0"/>
      <line num="702" count="19" type="cond" truecount="1" falsecount="0"/>
      <line num="703" count="17" type="stmt"/>
      <line num="704" count="17" type="stmt"/>
      <line num="705" count="19" type="cond" truecount="1" falsecount="0"/>
      <line num="706" count="2" type="stmt"/>
      <line num="707" count="2" type="stmt"/>
      <line num="708" count="19" type="stmt"/>
      <line num="709" count="6" type="stmt"/>
      <line num="710" count="6" type="stmt"/>
      <line num="715" count="1" type="cond" truecount="1" falsecount="0"/>
      <line num="717" count="73" type="cond" truecount="1" falsecount="0"/>
      <line num="718" count="2" type="stmt"/>
      <line num="719" count="2" type="stmt"/>
      <line num="720" count="2" type="cond" truecount="1" falsecount="0"/>
      <line num="721" count="1" type="stmt"/>
      <line num="722" count="1" type="stmt"/>
      <line num="723" count="1" type="stmt"/>
      <line num="724" count="1" type="cond" truecount="1" falsecount="0"/>
      <line num="727" count="71" type="stmt"/>
      <line num="728" count="73" type="cond" truecount="1" falsecount="0"/>
      <line num="729" count="70" type="cond" truecount="2" falsecount="0"/>
      <line num="730" count="70" type="stmt"/>
      <line num="731" count="70" type="cond" truecount="1" falsecount="0"/>
      <line num="733" count="1" type="stmt"/>
      <line num="734" count="73" type="stmt"/>
      <line num="739" count="1" type="cond" truecount="1" falsecount="0"/>
      <line num="740" count="6" type="cond" truecount="2" falsecount="0"/>
      <line num="741" count="6" type="cond" truecount="2" falsecount="0"/>
      <line num="742" count="6" type="cond" truecount="1" falsecount="0"/>
      <line num="744" count="3" type="cond" truecount="1" falsecount="0"/>
      <line num="745" count="1" type="stmt"/>
      <line num="746" count="1" type="cond" truecount="1" falsecount="0"/>
      <line num="747" count="3" type="cond" truecount="1" falsecount="0"/>
      <line num="748" count="1" type="stmt"/>
      <line num="749" count="1" type="stmt"/>
      <line num="750" count="1" type="stmt"/>
      <line num="751" count="1" type="cond" truecount="1" falsecount="0"/>
      <line num="752" count="1" type="stmt"/>
      <line num="753" count="6" type="stmt"/>
      <line num="766" count="1" type="cond" truecount="1" falsecount="0"/>
      <line num="767" count="52" type="cond" truecount="2" falsecount="0"/>
      <line num="768" count="52" type="cond" truecount="2" falsecount="0"/>
      <line num="771" count="52" type="cond" truecount="2" falsecount="0"/>
      <line num="772" count="13" type="stmt"/>
      <line num="773" count="13" type="cond" truecount="1" falsecount="0"/>
      <line num="774" count="9" type="stmt"/>
      <line num="775" count="9" type="cond" truecount="1" falsecount="0"/>
      <line num="777" count="4" type="stmt"/>
      <line num="778" count="4" type="cond" truecount="1" falsecount="0"/>
      <line num="781" count="52" type="cond" truecount="2" falsecount="0"/>
      <line num="783" count="12" type="cond" truecount="1" falsecount="0"/>
      <line num="784" count="1" type="stmt"/>
      <line num="785" count="1" type="cond" truecount="1" falsecount="0"/>
      <line num="787" count="12" type="cond" truecount="1" falsecount="0"/>
      <line num="788" count="7" type="stmt"/>
      <line num="789" count="7" type="cond" truecount="1" falsecount="0"/>
      <line num="791" count="4" type="stmt"/>
      <line num="792" count="4" type="cond" truecount="1" falsecount="0"/>
      <line num="795" count="52" type="cond" truecount="1" falsecount="0"/>
      <line num="796" count="4" type="stmt"/>
      <line num="797" count="4" type="cond" truecount="1" falsecount="0"/>
      <line num="800" count="52" type="cond" truecount="1" falsecount="0"/>
      <line num="801" count="14" type="cond" truecount="1" falsecount="0"/>
      <line num="802" count="10" type="cond" truecount="1" falsecount="0"/>
      <line num="803" count="4" type="stmt"/>
      <line num="804" count="14" type="cond" truecount="2" falsecount="0"/>
      <line num="807" count="51" type="cond" truecount="1" falsecount="0"/>
      <line num="808" count="1" type="stmt"/>
      <line num="809" count="1" type="cond" truecount="1" falsecount="0"/>
      <line num="812" count="52" type="cond" truecount="3" falsecount="0"/>
      <line num="813" count="2" type="stmt"/>
      <line num="814" count="2" type="cond" truecount="1" falsecount="0"/>
      <line num="817" count="4" type="stmt"/>
      <line num="818" count="52" type="stmt"/>
      <line num="823" count="1" type="cond" truecount="1" falsecount="0"/>
      <line num="824" count="32" type="cond" truecount="1" falsecount="0"/>
      <line num="825" count="5" type="cond" truecount="2" falsecount="0"/>
      <line num="826" count="5" type="cond" truecount="2" falsecount="0"/>
      <line num="827" count="2" type="stmt"/>
      <line num="828" count="2" type="cond" truecount="1" falsecount="0"/>
      <line num="829" count="32" type="cond" truecount="2" falsecount="0"/>
      <line num="830" count="32" type="cond" truecount="1" falsecount="0"/>
      <line num="831" count="20" type="cond" truecount="2" falsecount="0"/>
      <line num="832" count="20" type="cond" truecount="1" falsecount="0"/>
      <line num="833" count="32" type="cond" truecount="2" falsecount="0"/>
      <line num="834" count="32" type="cond" truecount="2" falsecount="0"/>
      <line num="837" count="32" type="cond" truecount="2" falsecount="0"/>
      <line num="838" count="1" type="stmt"/>
      <line num="839" count="1" type="cond" truecount="0" falsecount="1"/>
      <line num="840" count="0" type="stmt"/>
      <line num="841" count="0" type="stmt"/>
      <line num="842" count="1" type="stmt"/>
      <line num="844" count="1" type="stmt"/>
      <line num="845" count="32" type="stmt"/>
      <line num="850" count="1" type="cond" truecount="1" falsecount="0"/>
      <line num="851" count="52" type="cond" truecount="1" falsecount="0"/>
      <line num="852" count="23" type="stmt"/>
      <line num="853" count="23" type="cond" truecount="1" falsecount="0"/>
      <line num="854" count="40" type="cond" truecount="1" falsecount="0"/>
      <line num="855" count="41" type="stmt"/>
      <line num="856" count="41" type="stmt"/>
      <line num="857" count="40" type="stmt"/>
      <line num="858" count="23" type="stmt"/>
      <line num="859" count="23" type="cond" truecount="1" falsecount="0"/>
      <line num="860" count="29" type="stmt"/>
      <line num="861" count="52" type="stmt"/>
      <line num="866" count="1" type="cond" truecount="1" falsecount="0"/>
      <line num="867" count="39" type="cond" truecount="1" falsecount="0"/>
      <line num="868" count="18" type="cond" truecount="1" falsecount="0"/>
      <line num="869" count="18" type="cond" truecount="1" falsecount="0"/>
      <line num="870" count="21" type="stmt"/>
      <line num="871" count="39" type="stmt"/>
      <line num="876" count="1" type="cond" truecount="1" falsecount="0"/>
      <line num="877" count="13" type="cond" truecount="1" falsecount="0"/>
      <line num="878" count="1" type="stmt"/>
      <line num="879" count="1" type="cond" truecount="1" falsecount="0"/>
      <line num="881" count="12" type="stmt"/>
      <line num="884" count="13" type="cond" truecount="1" falsecount="0"/>
      <line num="885" count="2" type="stmt"/>
      <line num="886" count="2" type="cond" truecount="1" falsecount="0"/>
      <line num="888" count="13" type="cond" truecount="1" falsecount="0"/>
      <line num="889" count="1" type="stmt"/>
      <line num="890" count="1" type="cond" truecount="1" falsecount="0"/>
      <line num="892" count="9" type="stmt"/>
      <line num="893" count="9" type="stmt"/>
      <line num="894" count="13" type="cond" truecount="1" falsecount="0"/>
      <line num="895" count="1" type="stmt"/>
      <line num="896" count="1" type="cond" truecount="1" falsecount="0"/>
      <line num="898" count="8" type="stmt"/>
      <line num="899" count="8" type="stmt"/>
      <line num="900" count="13" type="stmt"/>
      <line num="905" count="1" type="cond" truecount="1" falsecount="0"/>
      <line num="906" count="4" type="cond" truecount="1" falsecount="0"/>
      <line num="907" count="9" type="cond" truecount="1" falsecount="0"/>
      <line num="908" count="1" type="stmt"/>
      <line num="909" count="1" type="cond" truecount="1" falsecount="0"/>
      <line num="910" count="8" type="stmt"/>
      <line num="911" count="9" type="stmt"/>
      <line num="912" count="4" type="stmt"/>
      <line num="913" count="4" type="stmt"/>
      <line num="918" count="1" type="cond" truecount="1" falsecount="0"/>
      <line num="919" count="3" type="cond" truecount="2" falsecount="0"/>
      <line num="920" count="2" type="stmt"/>
      <line num="921" count="2" type="stmt"/>
      <line num="922" count="3" type="stmt"/>
      <line num="923" count="1" type="stmt"/>
      <line num="928" count="1" type="stmt"/>
      <line num="933" count="1" type="cond" truecount="1" falsecount="0"/>
      <line num="934" count="2" type="stmt"/>
      <line num="935" count="2" type="stmt"/>
    </file>
    <file name="schema-utils.ts" path="/Users/gporcari/Sviluppo/genro_ng/meta-genro-modules/sub-projects/genro-tytx/ts/src/schema-utils.ts">
      <metrics statements="331" coveredstatements="331" conditionals="117" coveredconditionals="113" methods="9" coveredmethods="9"/>
      <line num="75" count="1" type="stmt"/>
      <line num="76" count="1" type="stmt"/>
      <line num="77" count="1" type="stmt"/>
      <line num="78" count="1" type="stmt"/>
      <line num="79" count="1" type="stmt"/>
      <line num="80" count="1" type="stmt"/>
      <line num="81" count="1" type="stmt"/>
      <line num="82" count="1" type="stmt"/>
      <line num="83" count="1" type="stmt"/>
      <line num="84" count="1" type="stmt"/>
      <line num="85" count="1" type="stmt"/>
      <line num="86" count="1" type="stmt"/>
      <line num="87" count="1" type="stmt"/>
      <line num="88" count="1" type="stmt"/>
      <line num="89" count="1" type="stmt"/>
      <line num="92" count="1" type="stmt"/>
      <line num="93" count="1" type="stmt"/>
      <line num="94" count="1" type="stmt"/>
      <line num="95" count="1" type="stmt"/>
      <line num="96" count="1" type="stmt"/>
      <line num="97" count="1" type="stmt"/>
      <line num="98" count="1" type="stmt"/>
      <line num="99" count="1" type="stmt"/>
      <line num="100" count="1" type="stmt"/>
      <line num="101" count="1" type="stmt"/>
      <line num="102" count="1" type="stmt"/>
      <line num="103" count="1" type="stmt"/>
      <line num="104" count="1" type="stmt"/>
      <line num="109" count="6" type="cond" truecount="1" falsecount="0"/>
      <line num="110" count="6" type="cond" truecount="1" falsecount="0"/>
      <line num="111" count="1" type="stmt"/>
      <line num="112" count="1" type="cond" truecount="1" falsecount="0"/>
      <line num="114" count="5" type="stmt"/>
      <line num="115" count="5" type="stmt"/>
      <line num="117" count="6" type="cond" truecount="1" falsecount="0"/>
      <line num="118" count="10" type="cond" truecount="1" falsecount="0"/>
      <line num="119" count="1" type="stmt"/>
      <line num="120" count="1" type="cond" truecount="1" falsecount="0"/>
      <line num="121" count="9" type="stmt"/>
      <line num="122" count="9" type="cond" truecount="1" falsecount="0"/>
      <line num="124" count="4" type="stmt"/>
      <line num="125" count="4" type="stmt"/>
      <line num="130" count="55" type="cond" truecount="1" falsecount="0"/>
      <line num="131" count="55" type="stmt"/>
      <line num="132" count="55" type="stmt"/>
      <line num="133" count="55" type="stmt"/>
      <line num="134" count="55" type="stmt"/>
      <line num="135" count="55" type="stmt"/>
      <line num="136" count="55" type="stmt"/>
      <line num="139" count="55" type="cond" truecount="1" falsecount="0"/>
      <line num="140" count="4" type="stmt"/>
      <line num="141" count="4" type="stmt"/>
      <line num="142" count="55" type="cond" truecount="1" falsecount="0"/>
      <line num="143" count="2" type="stmt"/>
      <line num="144" count="2" type="stmt"/>
      <line num="145" count="55" type="cond" truecount="1" falsecount="0"/>
      <line num="146" count="1" type="stmt"/>
      <line num="147" count="1" type="stmt"/>
      <line num="150" count="55" type="cond" truecount="1" falsecount="0"/>
      <line num="151" count="2" type="stmt"/>
      <line num="152" count="2" type="stmt"/>
      <line num="153" count="55" type="cond" truecount="1" falsecount="0"/>
      <line num="154" count="1" type="stmt"/>
      <line num="155" count="1" type="stmt"/>
      <line num="156" count="55" type="cond" truecount="1" falsecount="0"/>
      <line num="157" count="1" type="stmt"/>
      <line num="158" count="1" type="stmt"/>
      <line num="159" count="1" type="stmt"/>
      <line num="160" count="55" type="cond" truecount="1" falsecount="0"/>
      <line num="161" count="1" type="stmt"/>
      <line num="162" count="1" type="stmt"/>
      <line num="163" count="1" type="stmt"/>
      <line num="166" count="55" type="cond" truecount="1" falsecount="0"/>
      <line num="167" count="2" type="stmt"/>
      <line num="168" count="2" type="stmt"/>
      <line num="171" count="55" type="cond" truecount="1" falsecount="0"/>
      <line num="172" count="1" type="stmt"/>
      <line num="173" count="1" type="stmt"/>
      <line num="176" count="55" type="cond" truecount="1" falsecount="0"/>
      <line num="177" count="7" type="stmt"/>
      <line num="178" count="7" type="stmt"/>
      <line num="181" count="55" type="cond" truecount="1" falsecount="0"/>
      <line num="182" count="2" type="stmt"/>
      <line num="183" count="2" type="stmt"/>
      <line num="184" count="55" type="cond" truecount="1" falsecount="0"/>
      <line num="185" count="1" type="stmt"/>
      <line num="186" count="1" type="stmt"/>
      <line num="189" count="55" type="cond" truecount="2" falsecount="0"/>
      <line num="190" count="17" type="stmt"/>
      <line num="191" count="17" type="cond" truecount="1" falsecount="0"/>
      <line num="192" count="16" type="stmt"/>
      <line num="193" count="16" type="stmt"/>
      <line num="194" count="17" type="cond" truecount="1" falsecount="0"/>
      <line num="195" count="2" type="stmt"/>
      <line num="196" count="2" type="stmt"/>
      <line num="197" count="17" type="stmt"/>
      <line num="198" count="17" type="cond" truecount="1" falsecount="0"/>
      <line num="200" count="38" type="stmt"/>
      <line num="201" count="38" type="stmt"/>
      <line num="206" count="70" type="cond" truecount="1" falsecount="0"/>
      <line num="207" count="70" type="stmt"/>
      <line num="208" count="70" type="stmt"/>
      <line num="209" count="70" type="stmt"/>
      <line num="210" count="70" type="stmt"/>
      <line num="211" count="70" type="stmt"/>
      <line num="212" count="70" type="stmt"/>
      <line num="213" count="70" type="stmt"/>
      <line num="215" count="70" type="cond" truecount="1" falsecount="0"/>
      <line num="216" count="6" type="stmt"/>
      <line num="217" count="6" type="stmt"/>
      <line num="218" count="6" type="cond" truecount="2" falsecount="0"/>
      <line num="219" count="3" type="stmt"/>
      <line num="220" count="3" type="stmt"/>
      <line num="221" count="3" type="stmt"/>
      <line num="222" count="3" type="cond" truecount="1" falsecount="0"/>
      <line num="223" count="1" type="stmt"/>
      <line num="224" count="1" type="cond" truecount="1" falsecount="0"/>
      <line num="225" count="2" type="stmt"/>
      <line num="226" count="2" type="cond" truecount="1" falsecount="0"/>
      <line num="227" count="1" type="stmt"/>
      <line num="228" count="1" type="cond" truecount="1" falsecount="0"/>
      <line num="231" count="70" type="cond" truecount="1" falsecount="0"/>
      <line num="232" count="1" type="stmt"/>
      <line num="233" count="1" type="cond" truecount="1" falsecount="0"/>
      <line num="236" count="70" type="cond" truecount="1" falsecount="0"/>
      <line num="237" count="1" type="cond" truecount="1" falsecount="0"/>
      <line num="238" count="1" type="stmt"/>
      <line num="239" count="1" type="stmt"/>
      <line num="240" count="1" type="stmt"/>
      <line num="241" count="1" type="cond" truecount="1" falsecount="0"/>
      <line num="243" count="70" type="cond" truecount="0" falsecount="1"/>
      <line num="244" count="70" type="cond" truecount="1" falsecount="0"/>
      <line num="247" count="70" type="cond" truecount="2" falsecount="0"/>
      <line num="248" count="4" type="stmt"/>
      <line num="249" count="4" type="stmt"/>
      <line num="251" count="4" type="cond" truecount="0" falsecount="1"/>
      <line num="252" count="4" type="stmt"/>
      <line num="253" count="4" type="cond" truecount="1" falsecount="0"/>
      <line num="254" count="1" type="stmt"/>
      <line num="255" count="1" type="cond" truecount="1" falsecount="0"/>
      <line num="256" count="3" type="stmt"/>
      <line num="257" count="3" type="cond" truecount="1" falsecount="0"/>
      <line num="260" count="70" type="cond" truecount="2" falsecount="0"/>
      <line num="261" count="3" type="stmt"/>
      <line num="262" count="3" type="stmt"/>
      <line num="263" count="3" type="stmt"/>
      <line num="264" count="3" type="stmt"/>
      <line num="265" count="3" type="cond" truecount="1" falsecount="0"/>
      <line num="266" count="1" type="stmt"/>
      <line num="267" count="1" type="cond" truecount="1" falsecount="0"/>
      <line num="268" count="2" type="stmt"/>
      <line num="269" count="2" type="cond" truecount="1" falsecount="0"/>
      <line num="272" count="55" type="stmt"/>
      <line num="273" count="70" type="cond" truecount="1" falsecount="0"/>
      <line num="274" count="53" type="stmt"/>
      <line num="275" count="53" type="cond" truecount="1" falsecount="0"/>
      <line num="278" count="2" type="stmt"/>
      <line num="279" count="70" type="cond" truecount="1" falsecount="0"/>
      <line num="280" count="1" type="stmt"/>
      <line num="281" count="1" type="stmt"/>
      <line num="284" count="1" type="stmt"/>
      <line num="285" count="1" type="stmt"/>
      <line num="290" count="34" type="cond" truecount="1" falsecount="0"/>
      <line num="291" count="34" type="stmt"/>
      <line num="292" count="34" type="stmt"/>
      <line num="293" count="34" type="stmt"/>
      <line num="294" count="34" type="stmt"/>
      <line num="295" count="34" type="stmt"/>
      <line num="296" count="34" type="cond" truecount="0" falsecount="1"/>
      <line num="297" count="34" type="cond" truecount="1" falsecount="0"/>
      <line num="298" count="34" type="stmt"/>
      <line num="300" count="34" type="cond" truecount="1" falsecount="0"/>
      <line num="301" count="63" type="stmt"/>
      <line num="302" count="63" type="stmt"/>
      <line num="303" count="63" type="cond" truecount="1" falsecount="0"/>
      <line num="305" count="32" type="stmt"/>
      <line num="306" count="32" type="stmt"/>
      <line num="328" count="1" type="cond" truecount="1" falsecount="0"/>
      <line num="329" count="29" type="stmt"/>
      <line num="330" count="29" type="stmt"/>
      <line num="331" count="29" type="stmt"/>
      <line num="332" count="29" type="stmt"/>
      <line num="334" count="29" type="cond" truecount="1" falsecount="0"/>
      <line num="335" count="1" type="stmt"/>
      <line num="336" count="1" type="cond" truecount="1" falsecount="0"/>
      <line num="338" count="28" type="stmt"/>
      <line num="339" count="28" type="stmt"/>
      <line num="342" count="29" type="cond" truecount="2" falsecount="0"/>
      <line num="343" count="1" type="stmt"/>
      <line num="344" count="1" type="stmt"/>
      <line num="345" count="1" type="stmt"/>
      <line num="346" count="1" type="cond" truecount="1" falsecount="0"/>
      <line num="348" count="26" type="stmt"/>
      <line num="349" count="26" type="stmt"/>
      <line num="354" count="54" type="cond" truecount="1" falsecount="0"/>
      <line num="355" count="54" type="stmt"/>
      <line num="356" count="54" type="stmt"/>
      <line num="357" count="54" type="stmt"/>
      <line num="358" count="54" type="stmt"/>
      <line num="359" count="54" type="stmt"/>
      <line num="360" count="54" type="stmt"/>
      <line num="362" count="54" type="cond" truecount="3" falsecount="0"/>
      <line num="363" count="15" type="stmt"/>
      <line num="364" count="15" type="cond" truecount="0" falsecount="1"/>
      <line num="365" count="15" type="cond" truecount="1" falsecount="0"/>
      <line num="366" count="15" type="cond" truecount="1" falsecount="0"/>
      <line num="369" count="15" type="stmt"/>
      <line num="372" count="15" type="cond" truecount="1" falsecount="0"/>
      <line num="373" count="5" type="cond" truecount="1" falsecount="0"/>
      <line num="374" count="3" type="stmt"/>
      <line num="375" count="5" type="cond" truecount="1" falsecount="0"/>
      <line num="376" count="2" type="stmt"/>
      <line num="377" count="2" type="stmt"/>
      <line num="378" count="5" type="stmt"/>
      <line num="379" count="15" type="cond" truecount="1" falsecount="0"/>
      <line num="380" count="3" type="cond" truecount="1" falsecount="0"/>
      <line num="381" count="2" type="stmt"/>
      <line num="382" count="3" type="cond" truecount="1" falsecount="0"/>
      <line num="383" count="1" type="stmt"/>
      <line num="384" count="1" type="stmt"/>
      <line num="385" count="3" type="stmt"/>
      <line num="386" count="15" type="cond" truecount="1" falsecount="0"/>
      <line num="387" count="1" type="stmt"/>
      <line num="388" count="1" type="stmt"/>
      <line num="389" count="1" type="stmt"/>
      <line num="390" count="15" type="cond" truecount="1" falsecount="0"/>
      <line num="391" count="1" type="stmt"/>
      <line num="392" count="1" type="stmt"/>
      <line num="393" count="15" type="cond" truecount="1" falsecount="0"/>
      <line num="394" count="1" type="stmt"/>
      <line num="395" count="1" type="stmt"/>
      <line num="396" count="15" type="cond" truecount="1" falsecount="0"/>
      <line num="397" count="1" type="stmt"/>
      <line num="398" count="1" type="stmt"/>
      <line num="399" count="15" type="cond" truecount="3" falsecount="0"/>
      <line num="400" count="6" type="stmt"/>
      <line num="401" count="6" type="stmt"/>
      <line num="404" count="15" type="cond" truecount="1" falsecount="0"/>
      <line num="405" count="1" type="stmt"/>
      <line num="406" count="1" type="stmt"/>
      <line num="407" count="15" type="cond" truecount="1" falsecount="0"/>
      <line num="408" count="1" type="stmt"/>
      <line num="409" count="1" type="stmt"/>
      <line num="411" count="15" type="stmt"/>
      <line num="412" count="15" type="cond" truecount="1" falsecount="0"/>
      <line num="415" count="39" type="stmt"/>
      <line num="416" count="39" type="stmt"/>
      <line num="421" count="58" type="cond" truecount="1" falsecount="0"/>
      <line num="422" count="58" type="stmt"/>
      <line num="423" count="58" type="stmt"/>
      <line num="424" count="58" type="stmt"/>
      <line num="425" count="58" type="stmt"/>
      <line num="427" count="58" type="cond" truecount="1" falsecount="0"/>
      <line num="428" count="4" type="stmt"/>
      <line num="429" count="4" type="stmt"/>
      <line num="430" count="4" type="stmt"/>
      <line num="431" count="4" type="cond" truecount="1" falsecount="0"/>
      <line num="434" count="58" type="cond" truecount="1" falsecount="0"/>
      <line num="435" count="2" type="stmt"/>
      <line num="437" count="2" type="cond" truecount="2" falsecount="0"/>
      <line num="438" count="1" type="stmt"/>
      <line num="439" count="1" type="stmt"/>
      <line num="440" count="1" type="stmt"/>
      <line num="441" count="1" type="stmt"/>
      <line num="442" count="1" type="stmt"/>
      <line num="443" count="2" type="stmt"/>
      <line num="444" count="2" type="cond" truecount="1" falsecount="0"/>
      <line num="447" count="58" type="cond" truecount="1" falsecount="0"/>
      <line num="448" count="51" type="stmt"/>
      <line num="449" count="51" type="cond" truecount="1" falsecount="0"/>
      <line num="452" count="1" type="stmt"/>
      <line num="453" count="1" type="stmt"/>
      <line num="458" count="28" type="cond" truecount="1" falsecount="0"/>
      <line num="459" count="28" type="stmt"/>
      <line num="460" count="28" type="stmt"/>
      <line num="461" count="28" type="stmt"/>
      <line num="462" count="28" type="stmt"/>
      <line num="463" count="28" type="cond" truecount="2" falsecount="0"/>
      <line num="464" count="21" type="stmt"/>
      <line num="465" count="21" type="stmt"/>
      <line num="467" count="21" type="cond" truecount="1" falsecount="0"/>
      <line num="468" count="43" type="stmt"/>
      <line num="469" count="43" type="stmt"/>
      <line num="471" count="21" type="stmt"/>
      <line num="472" count="21" type="cond" truecount="1" falsecount="0"/>
      <line num="473" count="3" type="stmt"/>
      <line num="474" count="3" type="stmt"/>
      <line num="475" count="21" type="stmt"/>
      <line num="476" count="21" type="cond" truecount="1" falsecount="0"/>
      <line num="478" count="28" type="cond" truecount="1" falsecount="0"/>
      <line num="479" count="2" type="cond" truecount="1" falsecount="0"/>
      <line num="481" count="1" type="stmt"/>
      <line num="482" count="1" type="stmt"/>
      <line num="483" count="1" type="stmt"/>
      <line num="485" count="1" type="cond" truecount="1" falsecount="0"/>
      <line num="486" count="1" type="stmt"/>
      <line num="487" count="1" type="cond" truecount="1" falsecount="0"/>
      <line num="489" count="28" type="cond" truecount="1" falsecount="0"/>
      <line num="491" count="3" type="cond" truecount="1" falsecount="0"/>
      <line num="492" count="2" type="stmt"/>
      <line num="493" count="2" type="cond" truecount="1" falsecount="0"/>
      <line num="494" count="5" type="stmt"/>
      <line num="495" count="5" type="cond" truecount="1" falsecount="0"/>
      <line num="496" count="4" type="stmt"/>
      <line num="497" count="4" type="stmt"/>
      <line num="498" count="4" type="stmt"/>
      <line num="499" count="4" type="stmt"/>
      <line num="500" count="4" type="stmt"/>
      <line num="501" count="5" type="stmt"/>
      <line num="502" count="2" type="stmt"/>
      <line num="503" count="2" type="cond" truecount="1" falsecount="0"/>
      <line num="505" count="1" type="cond" truecount="1" falsecount="0"/>
      <line num="506" count="1" type="stmt"/>
      <line num="507" count="1" type="cond" truecount="1" falsecount="0"/>
      <line num="509" count="2" type="stmt"/>
      <line num="510" count="2" type="stmt"/>
      <line num="534" count="1" type="cond" truecount="1" falsecount="0"/>
      <line num="535" count="27" type="stmt"/>
      <line num="536" count="27" type="stmt"/>
      <line num="537" count="27" type="stmt"/>
      <line num="538" count="27" type="stmt"/>
      <line num="540" count="27" type="stmt"/>
      <line num="541" count="27" type="stmt"/>
      <line num="543" count="27" type="cond" truecount="1" falsecount="0"/>
      <line num="544" count="1" type="stmt"/>
      <line num="545" count="1" type="stmt"/>
      <line num="547" count="27" type="cond" truecount="1" falsecount="0"/>
      <line num="548" count="1" type="stmt"/>
      <line num="549" count="1" type="stmt"/>
      <line num="551" count="27" type="stmt"/>
      <line num="552" count="27" type="stmt"/>
    </file>
    <file name="types.ts" path="/Users/gporcari/Sviluppo/genro_ng/meta-genro-modules/sub-projects/genro-tytx/ts/src/types.ts">
      <metrics statements="31" coveredstatements="31" conditionals="16" coveredconditionals="16" methods="6" coveredmethods="6"/>
      <line num="163" count="1" type="cond" truecount="1" falsecount="0"/>
      <line num="164" count="56" type="cond" truecount="1" falsecount="0"/>
      <line num="165" count="34" type="stmt"/>
      <line num="166" count="34" type="cond" truecount="1" falsecount="0"/>
      <line num="167" count="56" type="cond" truecount="1" falsecount="0"/>
      <line num="168" count="56" type="stmt"/>
      <line num="174" count="1" type="cond" truecount="1" falsecount="0"/>
      <line num="175" count="5" type="cond" truecount="1" falsecount="0"/>
      <line num="176" count="2" type="stmt"/>
      <line num="177" count="2" type="cond" truecount="1" falsecount="0"/>
      <line num="178" count="3" type="stmt"/>
      <line num="179" count="3" type="stmt"/>
      <line num="185" count="1" type="cond" truecount="1" falsecount="0"/>
      <line num="186" count="5" type="cond" truecount="1" falsecount="0"/>
      <line num="187" count="2" type="stmt"/>
      <line num="188" count="2" type="cond" truecount="1" falsecount="0"/>
      <line num="189" count="3" type="stmt"/>
      <line num="190" count="3" type="stmt"/>
      <line num="195" count="1" type="cond" truecount="1" falsecount="0"/>
      <line num="196" count="101" type="cond" truecount="2" falsecount="0"/>
      <line num="197" count="100" type="stmt"/>
      <line num="198" count="101" type="cond" truecount="1" falsecount="0"/>
      <line num="199" count="101" type="stmt"/>
      <line num="204" count="1" type="cond" truecount="1" falsecount="0"/>
      <line num="205" count="88" type="stmt"/>
      <line num="206" count="88" type="stmt"/>
      <line num="207" count="88" type="stmt"/>
      <line num="212" count="1" type="cond" truecount="1" falsecount="0"/>
      <line num="213" count="86" type="stmt"/>
      <line num="214" count="86" type="stmt"/>
      <line num="215" count="86" type="stmt"/>
    </file>
    <file name="xtytx.ts" path="/Users/gporcari/Sviluppo/genro_ng/meta-genro-modules/sub-projects/genro-tytx/ts/src/xtytx.ts">
      <metrics statements="61" coveredstatements="61" conditionals="27" coveredconditionals="26" methods="6" coveredmethods="6"/>
      <line num="1" count="1" type="stmt"/>
      <line num="29" count="1" type="stmt"/>
      <line num="30" count="1" type="cond" truecount="1" falsecount="0"/>
      <line num="37" count="1" type="cond" truecount="1" falsecount="0"/>
      <line num="38" count="11" type="stmt"/>
      <line num="39" count="11" type="stmt"/>
      <line num="45" count="1" type="cond" truecount="1" falsecount="0"/>
      <line num="46" count="23" type="stmt"/>
      <line num="47" count="23" type="stmt"/>
      <line num="54" count="1" type="cond" truecount="1" falsecount="0"/>
      <line num="55" count="12" type="stmt"/>
      <line num="56" count="12" type="stmt"/>
      <line num="62" count="1" type="cond" truecount="1" falsecount="0"/>
      <line num="63" count="1" type="stmt"/>
      <line num="64" count="1" type="stmt"/>
      <line num="65" count="1" type="stmt"/>
      <line num="68" count="1" type="stmt"/>
      <line num="112" count="1" type="cond" truecount="1" falsecount="0"/>
      <line num="113" count="17" type="stmt"/>
      <line num="114" count="17" type="stmt"/>
      <line num="115" count="17" type="stmt"/>
      <line num="116" count="17" type="stmt"/>
      <line num="117" count="17" type="stmt"/>
      <line num="120" count="17" type="cond" truecount="1" falsecount="0"/>
      <line num="121" count="1" type="stmt"/>
      <line num="122" count="1" type="cond" truecount="1" falsecount="0"/>
      <line num="123" count="17" type="cond" truecount="1" falsecount="0"/>
      <line num="124" count="1" type="stmt"/>
      <line num="125" count="1" type="cond" truecount="1" falsecount="0"/>
      <line num="126" count="17" type="cond" truecount="1" falsecount="0"/>
      <line num="127" count="1" type="stmt"/>
      <line num="128" count="1" type="cond" truecount="1" falsecount="0"/>
      <line num="131" count="14" type="stmt"/>
      <line num="132" count="14" type="stmt"/>
      <line num="135" count="17" type="cond" truecount="1" falsecount="0"/>
      <line num="136" count="7" type="cond" truecount="1" falsecount="0"/>
      <line num="137" count="8" type="stmt"/>
      <line num="138" count="8" type="stmt"/>
      <line num="139" count="7" type="cond" truecount="1" falsecount="0"/>
      <line num="142" count="17" type="cond" truecount="1" falsecount="0"/>
      <line num="143" count="1" type="stmt"/>
      <line num="144" count="1" type="cond" truecount="1" falsecount="0"/>
      <line num="147" count="17" type="cond" truecount="1" falsecount="0"/>
      <line num="148" count="9" type="stmt"/>
      <line num="149" count="9" type="stmt"/>
      <line num="150" count="9" type="cond" truecount="1" falsecount="0"/>
      <line num="151" count="9" type="cond" truecount="1" falsecount="0"/>
      <line num="152" count="9" type="stmt"/>
      <line num="153" count="9" type="cond" truecount="1" falsecount="0"/>
      <line num="156" count="5" type="stmt"/>
      <line num="157" count="17" type="cond" truecount="1" falsecount="0"/>
      <line num="158" count="1" type="stmt"/>
      <line num="159" count="1" type="cond" truecount="1" falsecount="0"/>
      <line num="162" count="17" type="cond" truecount="1" falsecount="1"/>
      <line num="163" count="17" type="stmt"/>
      <line num="165" count="17" type="stmt"/>
      <line num="166" count="17" type="stmt"/>
      <line num="167" count="17" type="cond" truecount="1" falsecount="0"/>
      <line num="168" count="17" type="cond" truecount="1" falsecount="0"/>
      <line num="169" count="17" type="stmt"/>
      <line num="170" count="17" type="stmt"/>
    </file>
  </project>
</coverage>
