<?xml version="1.0" encoding="UTF-8"?>
<coverage generated="1764510354732" clover="3.2.0">
  <project timestamp="1764510354732" name="All files">
    <metrics statements="538" coveredstatements="538" conditionals="224" coveredconditionals="224" methods="74" coveredmethods="68" elements="836" coveredelements="830" complexity="0" loc="538" ncloc="538" packages="1" files="6" classes="6"/>
    <file name="index.ts" path="/Users/gporcari/Sviluppo/genro_ng/meta-genro-modules/sub-projects/genro-tytx/ts/src/index.ts">
      <metrics statements="5" coveredstatements="5" conditionals="0" coveredconditionals="0" methods="0" coveredmethods="0"/>
      <line num="1" count="1" type="stmt"/>
      <line num="85" count="1" type="stmt"/>
      <line num="100" count="1" type="stmt"/>
      <line num="111" count="1" type="stmt"/>
      <line num="123" count="1" type="stmt"/>
    </file>
    <file name="json.ts" path="/Users/gporcari/Sviluppo/genro_ng/meta-genro-modules/sub-projects/genro-tytx/ts/src/json.ts">
      <metrics statements="57" coveredstatements="57" conditionals="31" coveredconditionals="31" methods="7" coveredmethods="7"/>
      <line num="1" count="1" type="stmt"/>
      <line num="13" count="49" type="cond" truecount="1" falsecount="0"/>
      <line num="14" count="49" type="cond" truecount="1" falsecount="0"/>
      <line num="15" count="23" type="stmt"/>
      <line num="16" count="23" type="cond" truecount="1" falsecount="0"/>
      <line num="17" count="49" type="cond" truecount="1" falsecount="0"/>
      <line num="18" count="4" type="stmt"/>
      <line num="19" count="4" type="cond" truecount="1" falsecount="0"/>
      <line num="20" count="49" type="cond" truecount="1" falsecount="0"/>
      <line num="21" count="15" type="stmt"/>
      <line num="22" count="15" type="cond" truecount="1" falsecount="0"/>
      <line num="23" count="25" type="stmt"/>
      <line num="24" count="25" type="stmt"/>
      <line num="25" count="15" type="stmt"/>
      <line num="26" count="15" type="cond" truecount="1" falsecount="0"/>
      <line num="27" count="7" type="stmt"/>
      <line num="28" count="7" type="stmt"/>
      <line num="36" count="72" type="cond" truecount="1" falsecount="0"/>
      <line num="37" count="72" type="cond" truecount="2" falsecount="0"/>
      <line num="38" count="1" type="stmt"/>
      <line num="39" count="1" type="cond" truecount="1" falsecount="0"/>
      <line num="42" count="72" type="cond" truecount="1" falsecount="0"/>
      <line num="43" count="9" type="cond" truecount="2" falsecount="0"/>
      <line num="44" count="9" type="cond" truecount="1" falsecount="0"/>
      <line num="47" count="72" type="cond" truecount="1" falsecount="0"/>
      <line num="48" count="4" type="cond" truecount="1" falsecount="0"/>
      <line num="49" count="4" type="cond" truecount="1" falsecount="0"/>
      <line num="52" count="72" type="cond" truecount="1" falsecount="0"/>
      <line num="53" count="22" type="stmt"/>
      <line num="54" count="22" type="cond" truecount="1" falsecount="0"/>
      <line num="55" count="41" type="stmt"/>
      <line num="56" count="41" type="stmt"/>
      <line num="57" count="22" type="stmt"/>
      <line num="58" count="22" type="cond" truecount="1" falsecount="0"/>
      <line num="61" count="36" type="stmt"/>
      <line num="62" count="36" type="stmt"/>
      <line num="73" count="1" type="cond" truecount="1" falsecount="0"/>
      <line num="74" count="17" type="stmt"/>
      <line num="75" count="17" type="cond" truecount="1" falsecount="0"/>
      <line num="76" count="1" type="cond" truecount="1" falsecount="0"/>
      <line num="77" count="16" type="stmt"/>
      <line num="78" count="17" type="stmt"/>
      <line num="89" count="1" type="cond" truecount="1" falsecount="0"/>
      <line num="90" count="3" type="stmt"/>
      <line num="91" count="3" type="cond" truecount="1" falsecount="0"/>
      <line num="92" count="1" type="cond" truecount="1" falsecount="0"/>
      <line num="93" count="2" type="stmt"/>
      <line num="94" count="3" type="stmt"/>
      <line num="105" count="1" type="cond" truecount="1" falsecount="0"/>
      <line num="106" count="10" type="stmt"/>
      <line num="107" count="10" type="stmt"/>
      <line num="118" count="1" type="cond" truecount="1" falsecount="0"/>
      <line num="119" count="4" type="stmt"/>
      <line num="120" count="4" type="stmt"/>
      <line num="125" count="1" type="cond" truecount="1" falsecount="0"/>
      <line num="126" count="1" type="stmt"/>
      <line num="127" count="1" type="stmt"/>
    </file>
    <file name="model.ts" path="/Users/gporcari/Sviluppo/genro_ng/meta-genro-modules/sub-projects/genro-tytx/ts/src/model.ts">
      <metrics statements="78" coveredstatements="78" conditionals="16" coveredconditionals="16" methods="9" coveredmethods="9"/>
      <line num="1" count="1" type="stmt"/>
      <line num="57" count="1" type="stmt"/>
      <line num="69" count="1" type="cond" truecount="1" falsecount="0"/>
      <line num="70" count="2" type="stmt"/>
      <line num="71" count="2" type="stmt"/>
      <line num="83" count="1" type="cond" truecount="1" falsecount="0"/>
      <line num="84" count="3" type="stmt"/>
      <line num="85" count="3" type="stmt"/>
      <line num="91" count="1" type="cond" truecount="1" falsecount="0"/>
      <line num="92" count="6" type="stmt"/>
      <line num="93" count="6" type="cond" truecount="1" falsecount="0"/>
      <line num="94" count="14" type="stmt"/>
      <line num="95" count="14" type="stmt"/>
      <line num="96" count="14" type="stmt"/>
      <line num="97" count="14" type="stmt"/>
      <line num="98" count="14" type="stmt"/>
      <line num="99" count="6" type="stmt"/>
      <line num="100" count="6" type="stmt"/>
      <line num="114" count="1" type="cond" truecount="1" falsecount="0"/>
      <line num="116" count="6" type="stmt"/>
      <line num="117" count="6" type="stmt"/>
      <line num="118" count="6" type="cond" truecount="2" falsecount="0"/>
      <line num="119" count="6" type="stmt"/>
      <line num="120" count="6" type="stmt"/>
      <line num="121" count="6" type="stmt"/>
      <line num="122" count="6" type="stmt"/>
      <line num="137" count="1" type="cond" truecount="1" falsecount="0"/>
      <line num="139" count="2" type="stmt"/>
      <line num="140" count="2" type="stmt"/>
      <line num="141" count="2" type="stmt"/>
      <line num="142" count="2" type="stmt"/>
      <line num="143" count="2" type="stmt"/>
      <line num="144" count="2" type="stmt"/>
      <line num="145" count="2" type="stmt"/>
      <line num="159" count="1" type="cond" truecount="1" falsecount="0"/>
      <line num="161" count="1" type="stmt"/>
      <line num="162" count="1" type="stmt"/>
      <line num="163" count="1" type="stmt"/>
      <line num="164" count="1" type="stmt"/>
      <line num="165" count="1" type="stmt"/>
      <line num="166" count="1" type="stmt"/>
      <line num="167" count="1" type="stmt"/>
      <line num="182" count="1" type="cond" truecount="1" falsecount="0"/>
      <line num="184" count="2" type="stmt"/>
      <line num="185" count="2" type="stmt"/>
      <line num="186" count="2" type="stmt"/>
      <line num="187" count="2" type="stmt"/>
      <line num="188" count="2" type="stmt"/>
      <line num="190" count="2" type="cond" truecount="1" falsecount="0"/>
      <line num="191" count="1" type="stmt"/>
      <line num="192" count="1" type="stmt"/>
      <line num="194" count="1" type="cond" truecount="1" falsecount="0"/>
      <line num="195" count="2" type="stmt"/>
      <line num="206" count="1" type="cond" truecount="1" falsecount="0"/>
      <line num="208" count="1" type="stmt"/>
      <line num="209" count="1" type="stmt"/>
      <line num="210" count="1" type="stmt"/>
      <line num="211" count="1" type="stmt"/>
      <line num="212" count="1" type="stmt"/>
      <line num="213" count="1" type="stmt"/>
      <line num="214" count="1" type="stmt"/>
      <line num="225" count="1" type="cond" truecount="1" falsecount="0"/>
      <line num="227" count="2" type="stmt"/>
      <line num="228" count="2" type="stmt"/>
      <line num="229" count="2" type="stmt"/>
      <line num="230" count="2" type="stmt"/>
      <line num="231" count="2" type="stmt"/>
      <line num="232" count="2" type="stmt"/>
      <line num="234" count="2" type="cond" truecount="1" falsecount="0"/>
      <line num="235" count="1" type="stmt"/>
      <line num="236" count="1" type="stmt"/>
      <line num="238" count="1" type="cond" truecount="1" falsecount="0"/>
      <line num="239" count="1" type="stmt"/>
      <line num="240" count="1" type="stmt"/>
      <line num="241" count="1" type="stmt"/>
      <line num="242" count="1" type="stmt"/>
      <line num="243" count="2" type="stmt"/>
      <line num="244" count="1" type="stmt"/>
    </file>
    <file name="msgpack.ts" path="/Users/gporcari/Sviluppo/genro_ng/meta-genro-modules/sub-projects/genro-tytx/ts/src/msgpack.ts">
      <metrics statements="50" coveredstatements="50" conditionals="19" coveredconditionals="19" methods="7" coveredmethods="6"/>
      <line num="1" count="1" type="stmt"/>
      <line num="16" count="1" type="stmt"/>
      <line num="21" count="1" type="stmt"/>
      <line num="26" count="20" type="cond" truecount="1" falsecount="0"/>
      <line num="27" count="20" type="cond" truecount="2" falsecount="0"/>
      <line num="29" count="19" type="stmt"/>
      <line num="30" count="19" type="stmt"/>
      <line num="32" count="20" type="stmt"/>
      <line num="33" count="20" type="stmt"/>
      <line num="34" count="20" type="cond" truecount="1" falsecount="0"/>
      <line num="35" count="1" type="stmt"/>
      <line num="36" count="1" type="stmt"/>
      <line num="38" count="1" type="stmt"/>
      <line num="39" count="1" type="stmt"/>
      <line num="40" count="20" type="stmt"/>
      <line num="45" count="1" type="cond" truecount="1" falsecount="0"/>
      <line num="46" count="2" type="stmt"/>
      <line num="47" count="2" type="stmt"/>
      <line num="55" count="30" type="cond" truecount="1" falsecount="0"/>
      <line num="56" count="30" type="cond" truecount="2" falsecount="0"/>
      <line num="57" count="30" type="cond" truecount="2" falsecount="0"/>
      <line num="58" count="30" type="cond" truecount="1" falsecount="0"/>
      <line num="59" count="8" type="stmt"/>
      <line num="60" count="8" type="cond" truecount="1" falsecount="0"/>
      <line num="62" count="19" type="stmt"/>
      <line num="63" count="19" type="stmt"/>
      <line num="73" count="1" type="cond" truecount="1" falsecount="0"/>
      <line num="74" count="11" type="stmt"/>
      <line num="76" count="11" type="cond" truecount="1" falsecount="0"/>
      <line num="78" count="1" type="stmt"/>
      <line num="79" count="1" type="stmt"/>
      <line num="80" count="1" type="stmt"/>
      <line num="81" count="1" type="stmt"/>
      <line num="82" count="1" type="cond" truecount="1" falsecount="0"/>
      <line num="84" count="9" type="stmt"/>
      <line num="85" count="9" type="stmt"/>
      <line num="96" count="1" type="cond" truecount="1" falsecount="0"/>
      <line num="97" count="9" type="stmt"/>
      <line num="99" count="9" type="stmt"/>
      <line num="100" count="9" type="stmt"/>
      <line num="101" count="9" type="stmt"/>
      <line num="102" count="9" type="stmt"/>
      <line num="103" count="9" type="cond" truecount="1" falsecount="0"/>
      <line num="104" count="1" type="stmt"/>
      <line num="105" count="1" type="stmt"/>
      <line num="106" count="1" type="stmt"/>
      <line num="107" count="9" type="stmt"/>
      <line num="109" count="9" type="cond" truecount="2" falsecount="0"/>
      <line num="110" count="9" type="stmt"/>
      <line num="111" count="9" type="stmt"/>
    </file>
    <file name="registry.ts" path="/Users/gporcari/Sviluppo/genro_ng/meta-genro-modules/sub-projects/genro-tytx/ts/src/registry.ts">
      <metrics statements="335" coveredstatements="335" conditionals="152" coveredconditionals="152" methods="48" coveredmethods="43"/>
      <line num="1" count="1" type="stmt"/>
      <line num="14" count="1" type="stmt"/>
      <line num="15" count="1" type="stmt"/>
      <line num="16" count="1" type="stmt"/>
      <line num="17" count="1" type="stmt"/>
      <line num="18" count="1" type="stmt"/>
      <line num="19" count="1" type="cond" truecount="1" falsecount="0"/>
      <line num="20" count="1" type="cond" truecount="1" falsecount="0"/>
      <line num="21" count="1" type="cond" truecount="1" falsecount="0"/>
      <line num="22" count="3" type="cond" truecount="1" falsecount="0"/>
      <line num="23" count="1" type="stmt"/>
      <line num="25" count="1" type="stmt"/>
      <line num="26" count="1" type="stmt"/>
      <line num="27" count="1" type="stmt"/>
      <line num="28" count="1" type="stmt"/>
      <line num="29" count="1" type="stmt"/>
      <line num="30" count="1" type="cond" truecount="1" falsecount="0"/>
      <line num="31" count="1" type="cond" truecount="1" falsecount="0"/>
      <line num="32" count="1" type="cond" truecount="1" falsecount="0"/>
      <line num="33" count="2" type="stmt"/>
      <line num="34" count="1" type="stmt"/>
      <line num="36" count="1" type="stmt"/>
      <line num="38" count="1" type="stmt"/>
      <line num="39" count="1" type="stmt"/>
      <line num="40" count="1" type="stmt"/>
      <line num="41" count="1" type="stmt"/>
      <line num="42" count="1" type="stmt"/>
      <line num="43" count="1" type="cond" truecount="1" falsecount="0"/>
      <line num="45" count="8" type="stmt"/>
      <line num="47" count="8" type="cond" truecount="2" falsecount="0"/>
      <line num="48" count="8" type="stmt"/>
      <line num="50" count="8" type="stmt"/>
      <line num="51" count="8" type="cond" truecount="1" falsecount="0"/>
      <line num="52" count="1" type="stmt"/>
      <line num="53" count="1" type="stmt"/>
      <line num="54" count="8" type="stmt"/>
      <line num="55" count="1" type="stmt"/>
      <line num="56" count="1" type="cond" truecount="1" falsecount="0"/>
      <line num="57" count="3" type="cond" truecount="1" falsecount="0"/>
      <line num="58" count="1" type="stmt"/>
      <line num="60" count="1" type="stmt"/>
      <line num="61" count="1" type="stmt"/>
      <line num="62" count="1" type="stmt"/>
      <line num="63" count="1" type="stmt"/>
      <line num="64" count="1" type="stmt"/>
      <line num="65" count="1" type="cond" truecount="1" falsecount="0"/>
      <line num="66" count="5" type="stmt"/>
      <line num="67" count="5" type="stmt"/>
      <line num="68" count="5" type="stmt"/>
      <line num="69" count="1" type="cond" truecount="1" falsecount="0"/>
      <line num="70" count="1" type="cond" truecount="1" falsecount="0"/>
      <line num="71" count="1" type="stmt"/>
      <line num="73" count="1" type="stmt"/>
      <line num="74" count="1" type="stmt"/>
      <line num="75" count="1" type="stmt"/>
      <line num="76" count="1" type="stmt"/>
      <line num="77" count="1" type="stmt"/>
      <line num="78" count="1" type="stmt"/>
      <line num="79" count="1" type="stmt"/>
      <line num="80" count="1" type="stmt"/>
      <line num="81" count="1" type="stmt"/>
      <line num="87" count="1" type="stmt"/>
      <line num="88" count="1" type="stmt"/>
      <line num="89" count="1" type="stmt"/>
      <line num="90" count="1" type="stmt"/>
      <line num="91" count="1" type="stmt"/>
      <line num="92" count="1" type="cond" truecount="1" falsecount="0"/>
      <line num="93" count="1" type="cond" truecount="1" falsecount="0"/>
      <line num="94" count="9" type="stmt"/>
      <line num="95" count="9" type="stmt"/>
      <line num="96" count="9" type="stmt"/>
      <line num="97" count="9" type="stmt"/>
      <line num="98" count="9" type="stmt"/>
      <line num="99" count="1" type="cond" truecount="1" falsecount="0"/>
      <line num="100" count="19" type="cond" truecount="2" falsecount="0"/>
      <line num="102" count="18" type="stmt"/>
      <line num="103" count="18" type="cond" truecount="1" falsecount="0"/>
      <line num="104" count="11" type="cond" truecount="1" falsecount="0"/>
      <line num="105" count="11" type="cond" truecount="1" falsecount="0"/>
      <line num="106" count="11" type="cond" truecount="1" falsecount="0"/>
      <line num="108" count="11" type="cond" truecount="2" falsecount="0"/>
      <line num="110" count="19" type="stmt"/>
      <line num="111" count="1" type="stmt"/>
      <line num="119" count="1" type="stmt"/>
      <line num="120" count="1" type="stmt"/>
      <line num="121" count="1" type="stmt"/>
      <line num="122" count="1" type="stmt"/>
      <line num="123" count="1" type="stmt"/>
      <line num="124" count="1" type="cond" truecount="1" falsecount="0"/>
      <line num="125" count="1" type="cond" truecount="1" falsecount="0"/>
      <line num="126" count="7" type="stmt"/>
      <line num="127" count="7" type="stmt"/>
      <line num="128" count="7" type="stmt"/>
      <line num="129" count="7" type="stmt"/>
      <line num="130" count="7" type="stmt"/>
      <line num="131" count="7" type="stmt"/>
      <line num="132" count="7" type="stmt"/>
      <line num="133" count="7" type="stmt"/>
      <line num="134" count="1" type="cond" truecount="1" falsecount="0"/>
      <line num="135" count="4" type="cond" truecount="2" falsecount="0"/>
      <line num="137" count="3" type="stmt"/>
      <line num="138" count="3" type="cond" truecount="1" falsecount="0"/>
      <line num="139" count="2" type="cond" truecount="1" falsecount="0"/>
      <line num="140" count="2" type="cond" truecount="1" falsecount="0"/>
      <line num="141" count="2" type="stmt"/>
      <line num="142" count="4" type="stmt"/>
      <line num="143" count="4" type="cond" truecount="2" falsecount="0"/>
      <line num="144" count="4" type="cond" truecount="1" falsecount="0"/>
      <line num="145" count="4" type="stmt"/>
      <line num="146" count="1" type="stmt"/>
      <line num="154" count="1" type="stmt"/>
      <line num="155" count="1" type="stmt"/>
      <line num="156" count="1" type="stmt"/>
      <line num="157" count="1" type="stmt"/>
      <line num="158" count="1" type="stmt"/>
      <line num="159" count="1" type="cond" truecount="1" falsecount="0"/>
      <line num="160" count="1" type="cond" truecount="1" falsecount="0"/>
      <line num="161" count="1" type="stmt"/>
      <line num="162" count="1" type="stmt"/>
      <line num="163" count="1" type="stmt"/>
      <line num="164" count="1" type="stmt"/>
      <line num="165" count="1" type="stmt"/>
      <line num="166" count="1" type="stmt"/>
      <line num="167" count="1" type="stmt"/>
      <line num="168" count="1" type="stmt"/>
      <line num="169" count="1" type="stmt"/>
      <line num="170" count="1" type="stmt"/>
      <line num="176" count="1" type="stmt"/>
      <line num="177" count="1" type="stmt"/>
      <line num="178" count="1" type="stmt"/>
      <line num="179" count="1" type="stmt"/>
      <line num="180" count="1" type="stmt"/>
      <line num="181" count="1" type="cond" truecount="1" falsecount="0"/>
      <line num="182" count="1" type="cond" truecount="1" falsecount="0"/>
      <line num="183" count="4" type="stmt"/>
      <line num="184" count="4" type="stmt"/>
      <line num="185" count="4" type="stmt"/>
      <line num="186" count="4" type="stmt"/>
      <line num="187" count="4" type="stmt"/>
      <line num="188" count="1" type="cond" truecount="1" falsecount="0"/>
      <line num="189" count="21" type="cond" truecount="2" falsecount="0"/>
      <line num="191" count="20" type="stmt"/>
      <line num="192" count="21" type="cond" truecount="2" falsecount="0"/>
      <line num="194" count="21" type="stmt"/>
      <line num="195" count="1" type="stmt"/>
      <line num="197" count="1" type="stmt"/>
      <line num="198" count="1" type="stmt"/>
      <line num="199" count="1" type="stmt"/>
      <line num="200" count="1" type="stmt"/>
      <line num="201" count="1" type="stmt"/>
      <line num="202" count="1" type="cond" truecount="1" falsecount="0"/>
      <line num="203" count="1" type="cond" truecount="1" falsecount="0"/>
      <line num="204" count="1" type="cond" truecount="1" falsecount="0"/>
      <line num="205" count="2" type="cond" truecount="1" falsecount="0"/>
      <line num="206" count="1" type="stmt"/>
      <line num="211" count="1" type="stmt"/>
      <line num="212" count="1" type="cond" truecount="1" falsecount="0"/>
      <line num="213" count="5" type="stmt"/>
      <line num="215" count="1" type="cond" truecount="1" falsecount="0"/>
      <line num="216" count="5" type="stmt"/>
      <line num="217" count="5" type="stmt"/>
      <line num="219" count="1" type="cond" truecount="1" falsecount="0"/>
      <line num="220" count="5" type="stmt"/>
      <line num="221" count="5" type="stmt"/>
      <line num="222" count="5" type="stmt"/>
      <line num="223" count="5" type="stmt"/>
      <line num="224" count="5" type="stmt"/>
      <line num="225" count="5" type="stmt"/>
      <line num="226" count="5" type="stmt"/>
      <line num="227" count="5" type="stmt"/>
      <line num="228" count="5" type="stmt"/>
      <line num="229" count="5" type="stmt"/>
      <line num="230" count="5" type="stmt"/>
      <line num="231" count="5" type="stmt"/>
      <line num="233" count="5" type="cond" truecount="1" falsecount="0"/>
      <line num="234" count="50" type="stmt"/>
      <line num="235" count="50" type="stmt"/>
      <line num="236" count="5" type="stmt"/>
      <line num="241" count="1" type="cond" truecount="1" falsecount="0"/>
      <line num="242" count="50" type="stmt"/>
      <line num="243" count="50" type="stmt"/>
      <line num="244" count="50" type="cond" truecount="1" falsecount="0"/>
      <line num="245" count="100" type="stmt"/>
      <line num="246" count="100" type="stmt"/>
      <line num="247" count="50" type="stmt"/>
      <line num="252" count="1" type="cond" truecount="1" falsecount="0"/>
      <line num="253" count="65" type="cond" truecount="1" falsecount="0"/>
      <line num="254" count="65" type="stmt"/>
      <line num="260" count="1" type="cond" truecount="1" falsecount="0"/>
      <line num="261" count="47" type="cond" truecount="1" falsecount="0"/>
      <line num="262" count="2" type="stmt"/>
      <line num="263" count="2" type="cond" truecount="2" falsecount="0"/>
      <line num="264" count="2" type="cond" truecount="1" falsecount="0"/>
      <line num="266" count="47" type="cond" truecount="1" falsecount="0"/>
      <line num="267" count="5" type="stmt"/>
      <line num="268" count="5" type="cond" truecount="1" falsecount="0"/>
      <line num="270" count="40" type="stmt"/>
      <line num="271" count="40" type="stmt"/>
      <line num="272" count="40" type="stmt"/>
      <line num="274" count="47" type="cond" truecount="1" falsecount="0"/>
      <line num="276" count="38" type="cond" truecount="1" falsecount="0"/>
      <line num="277" count="1" type="stmt"/>
      <line num="278" count="1" type="cond" truecount="1" falsecount="0"/>
      <line num="279" count="37" type="stmt"/>
      <line num="280" count="37" type="cond" truecount="1" falsecount="0"/>
      <line num="282" count="2" type="stmt"/>
      <line num="283" count="47" type="stmt"/>
      <line num="288" count="1" type="cond" truecount="1" falsecount="0"/>
      <line num="289" count="1" type="stmt"/>
      <line num="291" count="1" type="cond" truecount="1" falsecount="0"/>
      <line num="292" count="7" type="cond" truecount="1" falsecount="0"/>
      <line num="293" count="3" type="stmt"/>
      <line num="294" count="3" type="cond" truecount="1" falsecount="0"/>
      <line num="295" count="4" type="stmt"/>
      <line num="296" count="7" type="stmt"/>
      <line num="298" count="1" type="stmt"/>
      <line num="299" count="1" type="stmt"/>
      <line num="304" count="1" type="cond" truecount="1" falsecount="0"/>
      <line num="305" count="6" type="cond" truecount="2" falsecount="0"/>
      <line num="306" count="6" type="cond" truecount="2" falsecount="0"/>
      <line num="307" count="6" type="cond" truecount="1" falsecount="0"/>
      <line num="309" count="3" type="cond" truecount="1" falsecount="0"/>
      <line num="310" count="1" type="stmt"/>
      <line num="311" count="1" type="cond" truecount="1" falsecount="0"/>
      <line num="312" count="3" type="cond" truecount="1" falsecount="0"/>
      <line num="313" count="1" type="stmt"/>
      <line num="314" count="1" type="stmt"/>
      <line num="315" count="1" type="stmt"/>
      <line num="316" count="1" type="cond" truecount="1" falsecount="0"/>
      <line num="317" count="1" type="stmt"/>
      <line num="318" count="6" type="stmt"/>
      <line num="331" count="1" type="cond" truecount="1" falsecount="0"/>
      <line num="332" count="49" type="cond" truecount="2" falsecount="0"/>
      <line num="333" count="49" type="cond" truecount="2" falsecount="0"/>
      <line num="336" count="49" type="cond" truecount="2" falsecount="0"/>
      <line num="337" count="11" type="stmt"/>
      <line num="338" count="11" type="cond" truecount="1" falsecount="0"/>
      <line num="339" count="7" type="stmt"/>
      <line num="340" count="7" type="cond" truecount="1" falsecount="0"/>
      <line num="342" count="4" type="stmt"/>
      <line num="343" count="4" type="cond" truecount="1" falsecount="0"/>
      <line num="346" count="49" type="cond" truecount="1" falsecount="0"/>
      <line num="348" count="12" type="cond" truecount="1" falsecount="0"/>
      <line num="349" count="1" type="stmt"/>
      <line num="350" count="1" type="cond" truecount="1" falsecount="0"/>
      <line num="352" count="12" type="cond" truecount="1" falsecount="0"/>
      <line num="353" count="7" type="stmt"/>
      <line num="354" count="7" type="cond" truecount="1" falsecount="0"/>
      <line num="356" count="4" type="stmt"/>
      <line num="357" count="4" type="cond" truecount="1" falsecount="0"/>
      <line num="360" count="49" type="cond" truecount="1" falsecount="0"/>
      <line num="361" count="4" type="stmt"/>
      <line num="362" count="4" type="cond" truecount="1" falsecount="0"/>
      <line num="365" count="49" type="cond" truecount="1" falsecount="0"/>
      <line num="366" count="13" type="cond" truecount="1" falsecount="0"/>
      <line num="367" count="9" type="cond" truecount="1" falsecount="0"/>
      <line num="368" count="4" type="stmt"/>
      <line num="369" count="13" type="cond" truecount="1" falsecount="0"/>
      <line num="372" count="49" type="cond" truecount="1" falsecount="0"/>
      <line num="373" count="1" type="stmt"/>
      <line num="374" count="1" type="cond" truecount="1" falsecount="0"/>
      <line num="377" count="49" type="cond" truecount="2" falsecount="0"/>
      <line num="378" count="2" type="stmt"/>
      <line num="379" count="2" type="cond" truecount="1" falsecount="0"/>
      <line num="382" count="4" type="stmt"/>
      <line num="383" count="49" type="stmt"/>
      <line num="388" count="1" type="cond" truecount="1" falsecount="0"/>
      <line num="389" count="23" type="cond" truecount="1" falsecount="0"/>
      <line num="390" count="5" type="cond" truecount="2" falsecount="0"/>
      <line num="391" count="5" type="cond" truecount="2" falsecount="0"/>
      <line num="392" count="2" type="stmt"/>
      <line num="393" count="2" type="cond" truecount="1" falsecount="0"/>
      <line num="394" count="23" type="cond" truecount="2" falsecount="0"/>
      <line num="395" count="23" type="cond" truecount="1" falsecount="0"/>
      <line num="396" count="13" type="cond" truecount="2" falsecount="0"/>
      <line num="397" count="13" type="cond" truecount="1" falsecount="0"/>
      <line num="398" count="23" type="cond" truecount="2" falsecount="0"/>
      <line num="399" count="2" type="stmt"/>
      <line num="400" count="23" type="stmt"/>
      <line num="405" count="1" type="cond" truecount="1" falsecount="0"/>
      <line num="406" count="35" type="cond" truecount="1" falsecount="0"/>
      <line num="407" count="13" type="stmt"/>
      <line num="408" count="13" type="cond" truecount="1" falsecount="0"/>
      <line num="409" count="25" type="cond" truecount="1" falsecount="0"/>
      <line num="410" count="26" type="stmt"/>
      <line num="411" count="26" type="stmt"/>
      <line num="412" count="25" type="stmt"/>
      <line num="413" count="13" type="stmt"/>
      <line num="414" count="13" type="cond" truecount="1" falsecount="0"/>
      <line num="415" count="22" type="stmt"/>
      <line num="416" count="35" type="stmt"/>
      <line num="421" count="1" type="cond" truecount="1" falsecount="0"/>
      <line num="422" count="22" type="cond" truecount="1" falsecount="0"/>
      <line num="423" count="8" type="cond" truecount="1" falsecount="0"/>
      <line num="424" count="8" type="cond" truecount="1" falsecount="0"/>
      <line num="425" count="14" type="stmt"/>
      <line num="426" count="22" type="stmt"/>
      <line num="431" count="1" type="cond" truecount="1" falsecount="0"/>
      <line num="432" count="11" type="cond" truecount="1" falsecount="0"/>
      <line num="433" count="1" type="stmt"/>
      <line num="434" count="1" type="cond" truecount="1" falsecount="0"/>
      <line num="436" count="10" type="stmt"/>
      <line num="439" count="11" type="cond" truecount="1" falsecount="0"/>
      <line num="440" count="2" type="stmt"/>
      <line num="441" count="2" type="cond" truecount="1" falsecount="0"/>
      <line num="443" count="11" type="cond" truecount="1" falsecount="0"/>
      <line num="444" count="1" type="stmt"/>
      <line num="445" count="1" type="cond" truecount="1" falsecount="0"/>
      <line num="447" count="7" type="stmt"/>
      <line num="448" count="7" type="stmt"/>
      <line num="449" count="11" type="cond" truecount="1" falsecount="0"/>
      <line num="450" count="1" type="stmt"/>
      <line num="451" count="1" type="cond" truecount="1" falsecount="0"/>
      <line num="453" count="6" type="stmt"/>
      <line num="454" count="6" type="stmt"/>
      <line num="455" count="11" type="stmt"/>
      <line num="460" count="1" type="cond" truecount="1" falsecount="0"/>
      <line num="461" count="4" type="cond" truecount="1" falsecount="0"/>
      <line num="462" count="9" type="cond" truecount="1" falsecount="0"/>
      <line num="463" count="1" type="stmt"/>
      <line num="464" count="1" type="cond" truecount="1" falsecount="0"/>
      <line num="465" count="8" type="stmt"/>
      <line num="466" count="9" type="stmt"/>
      <line num="467" count="4" type="stmt"/>
      <line num="468" count="4" type="stmt"/>
      <line num="473" count="1" type="cond" truecount="1" falsecount="0"/>
      <line num="474" count="3" type="cond" truecount="2" falsecount="0"/>
      <line num="475" count="2" type="stmt"/>
      <line num="476" count="2" type="stmt"/>
      <line num="477" count="3" type="stmt"/>
      <line num="478" count="1" type="stmt"/>
      <line num="483" count="1" type="stmt"/>
      <line num="488" count="1" type="cond" truecount="1" falsecount="0"/>
      <line num="489" count="2" type="stmt"/>
      <line num="490" count="2" type="stmt"/>
    </file>
    <file name="types.ts" path="/Users/gporcari/Sviluppo/genro_ng/meta-genro-modules/sub-projects/genro-tytx/ts/src/types.ts">
      <metrics statements="13" coveredstatements="13" conditionals="6" coveredconditionals="6" methods="3" coveredmethods="3"/>
      <line num="111" count="1" type="cond" truecount="1" falsecount="0"/>
      <line num="112" count="55" type="cond" truecount="2" falsecount="0"/>
      <line num="113" count="54" type="stmt"/>
      <line num="114" count="55" type="cond" truecount="1" falsecount="0"/>
      <line num="115" count="55" type="stmt"/>
      <line num="120" count="1" type="cond" truecount="1" falsecount="0"/>
      <line num="121" count="44" type="stmt"/>
      <line num="122" count="44" type="stmt"/>
      <line num="123" count="44" type="stmt"/>
      <line num="128" count="1" type="cond" truecount="1" falsecount="0"/>
      <line num="129" count="42" type="stmt"/>
      <line num="130" count="42" type="stmt"/>
      <line num="131" count="42" type="stmt"/>
    </file>
  </project>
</coverage>
