{"/Users/gporcari/Sviluppo/genro_ng/meta-genro-modules/sub-projects/genro-tytx/ts/src/index.ts": {"path":"/Users/gporcari/Sviluppo/genro_ng/meta-genro-modules/sub-projects/genro-tytx/ts/src/index.ts","all":false,"statementMap":{"0":{"start":{"line":1,"column":0},"end":{"line":1,"column":3}},"84":{"start":{"line":85,"column":0},"end":{"line":85,"column":31}},"99":{"start":{"line":100,"column":0},"end":{"line":100,"column":57}},"110":{"start":{"line":111,"column":0},"end":{"line":111,"column":53}},"122":{"start":{"line":123,"column":0},"end":{"line":123,"column":63}}},"s":{"0":1,"84":1,"99":1,"110":1,"122":1},"branchMap":{},"b":{},"fnMap":{},"f":{}}
,"/Users/gporcari/Sviluppo/genro_ng/meta-genro-modules/sub-projects/genro-tytx/ts/src/json.ts": {"path":"/Users/gporcari/Sviluppo/genro_ng/meta-genro-modules/sub-projects/genro-tytx/ts/src/json.ts","all":false,"statementMap":{"0":{"start":{"line":1,"column":0},"end":{"line":1,"column":3}},"12":{"start":{"line":13,"column":0},"end":{"line":13,"column":43}},"13":{"start":{"line":14,"column":0},"end":{"line":14,"column":32}},"14":{"start":{"line":15,"column":0},"end":{"line":15,"column":34}},"15":{"start":{"line":16,"column":0},"end":{"line":16,"column":3}},"16":{"start":{"line":17,"column":0},"end":{"line":17,"column":27}},"17":{"start":{"line":18,"column":0},"end":{"line":18,"column":28}},"18":{"start":{"line":19,"column":0},"end":{"line":19,"column":3}},"19":{"start":{"line":20,"column":0},"end":{"line":20,"column":48}},"20":{"start":{"line":21,"column":0},"end":{"line":21,"column":34}},"21":{"start":{"line":22,"column":0},"end":{"line":22,"column":47}},"22":{"start":{"line":23,"column":0},"end":{"line":23,"column":29}},"23":{"start":{"line":24,"column":0},"end":{"line":24,"column":5}},"24":{"start":{"line":25,"column":0},"end":{"line":25,"column":18}},"25":{"start":{"line":26,"column":0},"end":{"line":26,"column":3}},"26":{"start":{"line":27,"column":0},"end":{"line":27,"column":26}},"27":{"start":{"line":28,"column":0},"end":{"line":28,"column":1}},"35":{"start":{"line":36,"column":0},"end":{"line":36,"column":59}},"36":{"start":{"line":37,"column":0},"end":{"line":37,"column":42}},"37":{"start":{"line":38,"column":0},"end":{"line":38,"column":15}},"38":{"start":{"line":39,"column":0},"end":{"line":39,"column":3}},"41":{"start":{"line":42,"column":0},"end":{"line":42,"column":28}},"42":{"start":{"line":43,"column":0},"end":{"line":43,"column":65}},"43":{"start":{"line":44,"column":0},"end":{"line":44,"column":3}},"46":{"start":{"line":47,"column":0},"end":{"line":47,"column":27}},"47":{"start":{"line":48,"column":0},"end":{"line":48,"column":47}},"48":{"start":{"line":49,"column":0},"end":{"line":49,"column":3}},"51":{"start":{"line":52,"column":0},"end":{"line":52,"column":32}},"52":{"start":{"line":53,"column":0},"end":{"line":53,"column":47}},"53":{"start":{"line":54,"column":0},"end":{"line":54,"column":47}},"54":{"start":{"line":55,"column":0},"end":{"line":55,"column":38}},"55":{"start":{"line":56,"column":0},"end":{"line":56,"column":5}},"56":{"start":{"line":57,"column":0},"end":{"line":57,"column":18}},"57":{"start":{"line":58,"column":0},"end":{"line":58,"column":3}},"60":{"start":{"line":61,"column":0},"end":{"line":61,"column":13}},"61":{"start":{"line":62,"column":0},"end":{"line":62,"column":1}},"72":{"start":{"line":73,"column":0},"end":{"line":73,"column":78}},"73":{"start":{"line":74,"column":0},"end":{"line":74,"column":42}},"74":{"start":{"line":75,"column":0},"end":{"line":75,"column":31}},"75":{"start":{"line":76,"column":0},"end":{"line":76,"column":54}},"76":{"start":{"line":77,"column":0},"end":{"line":77,"column":33}},"77":{"start":{"line":78,"column":0},"end":{"line":78,"column":1}},"88":{"start":{"line":89,"column":0},"end":{"line":89,"column":73}},"89":{"start":{"line":90,"column":0},"end":{"line":90,"column":43}},"90":{"start":{"line":91,"column":0},"end":{"line":91,"column":31}},"91":{"start":{"line":92,"column":0},"end":{"line":92,"column":54}},"92":{"start":{"line":93,"column":0},"end":{"line":93,"column":33}},"93":{"start":{"line":94,"column":0},"end":{"line":94,"column":1}},"104":{"start":{"line":105,"column":0},"end":{"line":105,"column":61}},"105":{"start":{"line":106,"column":0},"end":{"line":106,"column":43}},"106":{"start":{"line":107,"column":0},"end":{"line":107,"column":1}},"117":{"start":{"line":118,"column":0},"end":{"line":118,"column":63}},"118":{"start":{"line":119,"column":0},"end":{"line":119,"column":27}},"119":{"start":{"line":120,"column":0},"end":{"line":120,"column":1}},"124":{"start":{"line":125,"column":0},"end":{"line":125,"column":66}},"125":{"start":{"line":126,"column":0},"end":{"line":126,"column":27}},"126":{"start":{"line":127,"column":0},"end":{"line":127,"column":1}}},"s":{"0":1,"12":49,"13":49,"14":23,"15":23,"16":49,"17":4,"18":4,"19":49,"20":15,"21":15,"22":25,"23":25,"24":15,"25":15,"26":7,"27":7,"35":72,"36":72,"37":1,"38":1,"41":72,"42":9,"43":9,"46":72,"47":4,"48":4,"51":72,"52":22,"53":22,"54":41,"55":41,"56":22,"57":22,"60":36,"61":36,"72":1,"73":17,"74":17,"75":1,"76":16,"77":17,"88":1,"89":3,"90":3,"91":1,"92":2,"93":3,"104":1,"105":10,"106":10,"117":1,"118":4,"119":4,"124":1,"125":1,"126":1},"branchMap":{"0":{"type":"branch","line":13,"loc":{"start":{"line":13,"column":0},"end":{"line":28,"column":1}},"locations":[{"start":{"line":13,"column":0},"end":{"line":28,"column":1}}]},"1":{"type":"branch","line":14,"loc":{"start":{"line":14,"column":31},"end":{"line":16,"column":3}},"locations":[{"start":{"line":14,"column":31},"end":{"line":16,"column":3}}]},"2":{"type":"branch","line":16,"loc":{"start":{"line":16,"column":2},"end":{"line":17,"column":26}},"locations":[{"start":{"line":16,"column":2},"end":{"line":17,"column":26}}]},"3":{"type":"branch","line":17,"loc":{"start":{"line":17,"column":26},"end":{"line":19,"column":3}},"locations":[{"start":{"line":17,"column":26},"end":{"line":19,"column":3}}]},"4":{"type":"branch","line":19,"loc":{"start":{"line":19,"column":2},"end":{"line":20,"column":47}},"locations":[{"start":{"line":19,"column":2},"end":{"line":20,"column":47}}]},"5":{"type":"branch","line":20,"loc":{"start":{"line":20,"column":47},"end":{"line":26,"column":3}},"locations":[{"start":{"line":20,"column":47},"end":{"line":26,"column":3}}]},"6":{"type":"branch","line":22,"loc":{"start":{"line":22,"column":46},"end":{"line":24,"column":5}},"locations":[{"start":{"line":22,"column":46},"end":{"line":24,"column":5}}]},"7":{"type":"branch","line":26,"loc":{"start":{"line":26,"column":2},"end":{"line":28,"column":1}},"locations":[{"start":{"line":26,"column":2},"end":{"line":28,"column":1}}]},"8":{"type":"branch","line":36,"loc":{"start":{"line":36,"column":0},"end":{"line":62,"column":1}},"locations":[{"start":{"line":36,"column":0},"end":{"line":62,"column":1}}]},"9":{"type":"branch","line":37,"loc":{"start":{"line":37,"column":14},"end":{"line":37,"column":41}},"locations":[{"start":{"line":37,"column":14},"end":{"line":37,"column":41}}]},"10":{"type":"branch","line":37,"loc":{"start":{"line":37,"column":41},"end":{"line":39,"column":3}},"locations":[{"start":{"line":37,"column":41},"end":{"line":39,"column":3}}]},"11":{"type":"branch","line":39,"loc":{"start":{"line":39,"column":2},"end":{"line":42,"column":27}},"locations":[{"start":{"line":39,"column":2},"end":{"line":42,"column":27}}]},"12":{"type":"branch","line":42,"loc":{"start":{"line":42,"column":27},"end":{"line":44,"column":3}},"locations":[{"start":{"line":42,"column":27},"end":{"line":44,"column":3}}]},"13":{"type":"branch","line":43,"loc":{"start":{"line":43,"column":11},"end":{"line":43,"column":47}},"locations":[{"start":{"line":43,"column":11},"end":{"line":43,"column":47}}]},"14":{"type":"branch","line":43,"loc":{"start":{"line":43,"column":43},"end":{"line":43,"column":65}},"locations":[{"start":{"line":43,"column":43},"end":{"line":43,"column":65}}]},"15":{"type":"branch","line":44,"loc":{"start":{"line":44,"column":2},"end":{"line":47,"column":26}},"locations":[{"start":{"line":44,"column":2},"end":{"line":47,"column":26}}]},"16":{"type":"branch","line":47,"loc":{"start":{"line":47,"column":26},"end":{"line":49,"column":3}},"locations":[{"start":{"line":47,"column":26},"end":{"line":49,"column":3}}]},"17":{"type":"branch","line":49,"loc":{"start":{"line":49,"column":2},"end":{"line":52,"column":31}},"locations":[{"start":{"line":49,"column":2},"end":{"line":52,"column":31}}]},"18":{"type":"branch","line":52,"loc":{"start":{"line":52,"column":31},"end":{"line":58,"column":3}},"locations":[{"start":{"line":52,"column":31},"end":{"line":58,"column":3}}]},"19":{"type":"branch","line":54,"loc":{"start":{"line":54,"column":46},"end":{"line":56,"column":5}},"locations":[{"start":{"line":54,"column":46},"end":{"line":56,"column":5}}]},"20":{"type":"branch","line":58,"loc":{"start":{"line":58,"column":2},"end":{"line":62,"column":1}},"locations":[{"start":{"line":58,"column":2},"end":{"line":62,"column":1}}]},"21":{"type":"branch","line":48,"loc":{"start":{"line":48,"column":19},"end":{"line":48,"column":45}},"locations":[{"start":{"line":48,"column":19},"end":{"line":48,"column":45}}]},"22":{"type":"branch","line":73,"loc":{"start":{"line":73,"column":7},"end":{"line":78,"column":1}},"locations":[{"start":{"line":73,"column":7},"end":{"line":78,"column":1}}]},"23":{"type":"branch","line":75,"loc":{"start":{"line":75,"column":27},"end":{"line":76,"column":54}},"locations":[{"start":{"line":75,"column":27},"end":{"line":76,"column":54}}]},"24":{"type":"branch","line":76,"loc":{"start":{"line":76,"column":53},"end":{"line":77,"column":33}},"locations":[{"start":{"line":76,"column":53},"end":{"line":77,"column":33}}]},"25":{"type":"branch","line":89,"loc":{"start":{"line":89,"column":7},"end":{"line":94,"column":1}},"locations":[{"start":{"line":89,"column":7},"end":{"line":94,"column":1}}]},"26":{"type":"branch","line":91,"loc":{"start":{"line":91,"column":27},"end":{"line":92,"column":54}},"locations":[{"start":{"line":91,"column":27},"end":{"line":92,"column":54}}]},"27":{"type":"branch","line":92,"loc":{"start":{"line":92,"column":53},"end":{"line":93,"column":33}},"locations":[{"start":{"line":92,"column":53},"end":{"line":93,"column":33}}]},"28":{"type":"branch","line":105,"loc":{"start":{"line":105,"column":7},"end":{"line":107,"column":1}},"locations":[{"start":{"line":105,"column":7},"end":{"line":107,"column":1}}]},"29":{"type":"branch","line":118,"loc":{"start":{"line":118,"column":7},"end":{"line":120,"column":1}},"locations":[{"start":{"line":118,"column":7},"end":{"line":120,"column":1}}]},"30":{"type":"branch","line":125,"loc":{"start":{"line":125,"column":7},"end":{"line":127,"column":1}},"locations":[{"start":{"line":125,"column":7},"end":{"line":127,"column":1}}]}},"b":{"0":[49],"1":[23],"2":[26],"3":[4],"4":[22],"5":[15],"6":[25],"7":[7],"8":[72],"9":[71],"10":[1],"11":[71],"12":[9],"13":[8],"14":[1],"15":[62],"16":[4],"17":[58],"18":[22],"19":[41],"20":[36],"21":[11],"22":[17],"23":[1],"24":[16],"25":[3],"26":[1],"27":[2],"28":[10],"29":[4],"30":[1]},"fnMap":{"0":{"name":"hydrate","decl":{"start":{"line":13,"column":0},"end":{"line":28,"column":1}},"loc":{"start":{"line":13,"column":0},"end":{"line":28,"column":1}},"line":13},"1":{"name":"serialize","decl":{"start":{"line":36,"column":0},"end":{"line":62,"column":1}},"loc":{"start":{"line":36,"column":0},"end":{"line":62,"column":1}},"line":36},"2":{"name":"asTypedJson","decl":{"start":{"line":73,"column":7},"end":{"line":78,"column":1}},"loc":{"start":{"line":73,"column":7},"end":{"line":78,"column":1}},"line":73},"3":{"name":"asJson","decl":{"start":{"line":89,"column":7},"end":{"line":94,"column":1}},"loc":{"start":{"line":89,"column":7},"end":{"line":94,"column":1}},"line":89},"4":{"name":"fromJson","decl":{"start":{"line":105,"column":7},"end":{"line":107,"column":1}},"loc":{"start":{"line":105,"column":7},"end":{"line":107,"column":1}},"line":105},"5":{"name":"hydrateObject","decl":{"start":{"line":118,"column":7},"end":{"line":120,"column":1}},"loc":{"start":{"line":118,"column":7},"end":{"line":120,"column":1}},"line":118},"6":{"name":"hydrateArray","decl":{"start":{"line":125,"column":7},"end":{"line":127,"column":1}},"loc":{"start":{"line":125,"column":7},"end":{"line":127,"column":1}},"line":125}},"f":{"0":49,"1":72,"2":17,"3":3,"4":10,"5":4,"6":1}}
,"/Users/gporcari/Sviluppo/genro_ng/meta-genro-modules/sub-projects/genro-tytx/ts/src/model.ts": {"path":"/Users/gporcari/Sviluppo/genro_ng/meta-genro-modules/sub-projects/genro-tytx/ts/src/model.ts","all":false,"statementMap":{"0":{"start":{"line":1,"column":0},"end":{"line":1,"column":3}},"56":{"start":{"line":57,"column":0},"end":{"line":57,"column":24}},"68":{"start":{"line":69,"column":0},"end":{"line":69,"column":20}},"69":{"start":{"line":70,"column":0},"end":{"line":70,"column":46}},"70":{"start":{"line":71,"column":0},"end":{"line":71,"column":3}},"82":{"start":{"line":83,"column":0},"end":{"line":83,"column":31}},"83":{"start":{"line":84,"column":0},"end":{"line":84,"column":40}},"84":{"start":{"line":85,"column":0},"end":{"line":85,"column":3}},"90":{"start":{"line":91,"column":0},"end":{"line":91,"column":55}},"91":{"start":{"line":92,"column":0},"end":{"line":92,"column":47}},"92":{"start":{"line":93,"column":0},"end":{"line":93,"column":42}},"93":{"start":{"line":94,"column":0},"end":{"line":94,"column":59}},"94":{"start":{"line":95,"column":0},"end":{"line":95,"column":40}},"95":{"start":{"line":96,"column":0},"end":{"line":96,"column":28}},"96":{"start":{"line":97,"column":0},"end":{"line":97,"column":7}},"97":{"start":{"line":98,"column":0},"end":{"line":98,"column":5}},"98":{"start":{"line":99,"column":0},"end":{"line":99,"column":18}},"99":{"start":{"line":100,"column":0},"end":{"line":100,"column":3}},"113":{"start":{"line":114,"column":0},"end":{"line":114,"column":39}},"115":{"start":{"line":116,"column":0},"end":{"line":116,"column":42}},"116":{"start":{"line":117,"column":0},"end":{"line":117,"column":8}},"117":{"start":{"line":118,"column":0},"end":{"line":118,"column":81}},"118":{"start":{"line":119,"column":0},"end":{"line":119,"column":32}},"119":{"start":{"line":120,"column":0},"end":{"line":120,"column":34}},"120":{"start":{"line":121,"column":0},"end":{"line":121,"column":20}},"121":{"start":{"line":122,"column":0},"end":{"line":122,"column":3}},"136":{"start":{"line":137,"column":0},"end":{"line":137,"column":46}},"138":{"start":{"line":139,"column":0},"end":{"line":139,"column":36}},"139":{"start":{"line":140,"column":0},"end":{"line":140,"column":8}},"140":{"start":{"line":141,"column":0},"end":{"line":141,"column":33}},"141":{"start":{"line":142,"column":0},"end":{"line":142,"column":32}},"142":{"start":{"line":143,"column":0},"end":{"line":143,"column":34}},"143":{"start":{"line":144,"column":0},"end":{"line":144,"column":20}},"144":{"start":{"line":145,"column":0},"end":{"line":145,"column":3}},"158":{"start":{"line":159,"column":0},"end":{"line":159,"column":46}},"160":{"start":{"line":161,"column":0},"end":{"line":161,"column":24}},"161":{"start":{"line":162,"column":0},"end":{"line":162,"column":23}},"162":{"start":{"line":163,"column":0},"end":{"line":163,"column":17}},"163":{"start":{"line":164,"column":0},"end":{"line":164,"column":46}},"164":{"start":{"line":165,"column":0},"end":{"line":165,"column":68}},"165":{"start":{"line":166,"column":0},"end":{"line":166,"column":31}},"166":{"start":{"line":167,"column":0},"end":{"line":167,"column":3}},"181":{"start":{"line":182,"column":0},"end":{"line":182,"column":51}},"183":{"start":{"line":184,"column":0},"end":{"line":184,"column":24}},"184":{"start":{"line":185,"column":0},"end":{"line":185,"column":23}},"185":{"start":{"line":186,"column":0},"end":{"line":186,"column":19}},"186":{"start":{"line":187,"column":0},"end":{"line":187,"column":46}},"187":{"start":{"line":188,"column":0},"end":{"line":188,"column":54}},"189":{"start":{"line":190,"column":0},"end":{"line":190,"column":31}},"190":{"start":{"line":191,"column":0},"end":{"line":191,"column":53}},"191":{"start":{"line":192,"column":0},"end":{"line":192,"column":5}},"193":{"start":{"line":194,"column":0},"end":{"line":194,"column":78}},"194":{"start":{"line":195,"column":0},"end":{"line":195,"column":3}},"205":{"start":{"line":206,"column":0},"end":{"line":206,"column":53}},"207":{"start":{"line":208,"column":0},"end":{"line":208,"column":24}},"208":{"start":{"line":209,"column":0},"end":{"line":209,"column":23}},"209":{"start":{"line":210,"column":0},"end":{"line":210,"column":17}},"210":{"start":{"line":211,"column":0},"end":{"line":211,"column":46}},"211":{"start":{"line":212,"column":0},"end":{"line":212,"column":48}},"212":{"start":{"line":213,"column":0},"end":{"line":213,"column":40}},"213":{"start":{"line":214,"column":0},"end":{"line":214,"column":3}},"224":{"start":{"line":225,"column":0},"end":{"line":225,"column":58}},"226":{"start":{"line":227,"column":0},"end":{"line":227,"column":24}},"227":{"start":{"line":228,"column":0},"end":{"line":228,"column":23}},"228":{"start":{"line":229,"column":0},"end":{"line":229,"column":19}},"229":{"start":{"line":230,"column":0},"end":{"line":230,"column":46}},"230":{"start":{"line":231,"column":0},"end":{"line":231,"column":48}},"231":{"start":{"line":232,"column":0},"end":{"line":232,"column":46}},"233":{"start":{"line":234,"column":0},"end":{"line":234,"column":31}},"234":{"start":{"line":235,"column":0},"end":{"line":235,"column":53}},"235":{"start":{"line":236,"column":0},"end":{"line":236,"column":5}},"237":{"start":{"line":238,"column":0},"end":{"line":238,"column":31}},"238":{"start":{"line":239,"column":0},"end":{"line":239,"column":34}},"239":{"start":{"line":240,"column":0},"end":{"line":240,"column":36}},"240":{"start":{"line":241,"column":0},"end":{"line":241,"column":22}},"241":{"start":{"line":242,"column":0},"end":{"line":242,"column":7}},"242":{"start":{"line":243,"column":0},"end":{"line":243,"column":3}},"243":{"start":{"line":244,"column":0},"end":{"line":244,"column":1}}},"s":{"0":1,"56":1,"68":1,"69":2,"70":2,"82":1,"83":3,"84":3,"90":1,"91":6,"92":6,"93":14,"94":14,"95":14,"96":14,"97":14,"98":6,"99":6,"113":1,"115":6,"116":6,"117":6,"118":6,"119":6,"120":6,"121":6,"136":1,"138":2,"139":2,"140":2,"141":2,"142":2,"143":2,"144":2,"158":1,"160":1,"161":1,"162":1,"163":1,"164":1,"165":1,"166":1,"181":1,"183":2,"184":2,"185":2,"186":2,"187":2,"189":2,"190":1,"191":1,"193":1,"194":2,"205":1,"207":1,"208":1,"209":1,"210":1,"211":1,"212":1,"213":1,"224":1,"226":2,"227":2,"228":2,"229":2,"230":2,"231":2,"233":2,"234":1,"235":1,"237":1,"238":1,"239":1,"240":1,"241":1,"242":2,"243":1},"branchMap":{"0":{"type":"branch","line":69,"loc":{"start":{"line":69,"column":2},"end":{"line":71,"column":3}},"locations":[{"start":{"line":69,"column":2},"end":{"line":71,"column":3}}]},"1":{"type":"branch","line":83,"loc":{"start":{"line":83,"column":2},"end":{"line":85,"column":3}},"locations":[{"start":{"line":83,"column":2},"end":{"line":85,"column":3}}]},"2":{"type":"branch","line":91,"loc":{"start":{"line":91,"column":12},"end":{"line":100,"column":3}},"locations":[{"start":{"line":91,"column":12},"end":{"line":100,"column":3}}]},"3":{"type":"branch","line":93,"loc":{"start":{"line":93,"column":41},"end":{"line":98,"column":5}},"locations":[{"start":{"line":93,"column":41},"end":{"line":98,"column":5}}]},"4":{"type":"branch","line":114,"loc":{"start":{"line":114,"column":9},"end":{"line":122,"column":3}},"locations":[{"start":{"line":114,"column":9},"end":{"line":122,"column":3}}]},"5":{"type":"branch","line":118,"loc":{"start":{"line":118,"column":33},"end":{"line":118,"column":61}},"locations":[{"start":{"line":118,"column":33},"end":{"line":118,"column":61}}]},"6":{"type":"branch","line":118,"loc":{"start":{"line":118,"column":57},"end":{"line":118,"column":81}},"locations":[{"start":{"line":118,"column":57},"end":{"line":118,"column":81}}]},"7":{"type":"branch","line":137,"loc":{"start":{"line":137,"column":9},"end":{"line":145,"column":3}},"locations":[{"start":{"line":137,"column":9},"end":{"line":145,"column":3}}]},"8":{"type":"branch","line":159,"loc":{"start":{"line":159,"column":2},"end":{"line":167,"column":3}},"locations":[{"start":{"line":159,"column":2},"end":{"line":167,"column":3}}]},"9":{"type":"branch","line":182,"loc":{"start":{"line":182,"column":2},"end":{"line":195,"column":3}},"locations":[{"start":{"line":182,"column":2},"end":{"line":195,"column":3}}]},"10":{"type":"branch","line":190,"loc":{"start":{"line":190,"column":30},"end":{"line":194,"column":78}},"locations":[{"start":{"line":190,"column":30},"end":{"line":194,"column":78}}]},"11":{"type":"branch","line":194,"loc":{"start":{"line":194,"column":20},"end":{"line":194,"column":76}},"locations":[{"start":{"line":194,"column":20},"end":{"line":194,"column":76}}]},"12":{"type":"branch","line":206,"loc":{"start":{"line":206,"column":2},"end":{"line":214,"column":3}},"locations":[{"start":{"line":206,"column":2},"end":{"line":214,"column":3}}]},"13":{"type":"branch","line":225,"loc":{"start":{"line":225,"column":2},"end":{"line":243,"column":3}},"locations":[{"start":{"line":225,"column":2},"end":{"line":243,"column":3}}]},"14":{"type":"branch","line":234,"loc":{"start":{"line":234,"column":30},"end":{"line":242,"column":7}},"locations":[{"start":{"line":234,"column":30},"end":{"line":242,"column":7}}]},"15":{"type":"branch","line":238,"loc":{"start":{"line":238,"column":20},"end":{"line":242,"column":5}},"locations":[{"start":{"line":238,"column":20},"end":{"line":242,"column":5}}]}},"b":{"0":[2],"1":[3],"2":[6],"3":[14],"4":[6],"5":[3],"6":[3],"7":[2],"8":[1],"9":[2],"10":[1],"11":[1],"12":[1],"13":[2],"14":[1],"15":[1]},"fnMap":{"0":{"name":"toTytx","decl":{"start":{"line":69,"column":2},"end":{"line":71,"column":3}},"loc":{"start":{"line":69,"column":2},"end":{"line":71,"column":3}},"line":69},"1":{"name":"toTytxMsgpack","decl":{"start":{"line":83,"column":2},"end":{"line":85,"column":3}},"loc":{"start":{"line":83,"column":2},"end":{"line":85,"column":3}},"line":83},"2":{"name":"_getProperties","decl":{"start":{"line":91,"column":12},"end":{"line":100,"column":3}},"loc":{"start":{"line":91,"column":12},"end":{"line":100,"column":3}},"line":91},"3":{"name":"fromTytx","decl":{"start":{"line":114,"column":9},"end":{"line":122,"column":3}},"loc":{"start":{"line":114,"column":9},"end":{"line":122,"column":3}},"line":114},"4":{"name":"fromTytxMsgpack","decl":{"start":{"line":137,"column":9},"end":{"line":145,"column":3}},"loc":{"start":{"line":137,"column":9},"end":{"line":145,"column":3}},"line":137},"5":{"name":"fetchTytx","decl":{"start":{"line":159,"column":2},"end":{"line":167,"column":3}},"loc":{"start":{"line":159,"column":2},"end":{"line":167,"column":3}},"line":159},"6":{"name":"fetchTytxArray","decl":{"start":{"line":182,"column":2},"end":{"line":195,"column":3}},"loc":{"start":{"line":182,"column":2},"end":{"line":195,"column":3}},"line":182},"7":{"name":"fetchTytxMsgpack","decl":{"start":{"line":206,"column":2},"end":{"line":214,"column":3}},"loc":{"start":{"line":206,"column":2},"end":{"line":214,"column":3}},"line":206},"8":{"name":"fetchTytxMsgpackArray","decl":{"start":{"line":225,"column":2},"end":{"line":243,"column":3}},"loc":{"start":{"line":225,"column":2},"end":{"line":243,"column":3}},"line":225}},"f":{"0":2,"1":3,"2":6,"3":6,"4":2,"5":1,"6":2,"7":1,"8":2}}
,"/Users/gporcari/Sviluppo/genro_ng/meta-genro-modules/sub-projects/genro-tytx/ts/src/msgpack.ts": {"path":"/Users/gporcari/Sviluppo/genro_ng/meta-genro-modules/sub-projects/genro-tytx/ts/src/msgpack.ts","all":false,"statementMap":{"0":{"start":{"line":1,"column":0},"end":{"line":1,"column":3}},"15":{"start":{"line":16,"column":0},"end":{"line":16,"column":32}},"20":{"start":{"line":21,"column":0},"end":{"line":21,"column":75}},"25":{"start":{"line":26,"column":0},"end":{"line":26,"column":58}},"26":{"start":{"line":27,"column":0},"end":{"line":27,"column":42}},"28":{"start":{"line":29,"column":0},"end":{"line":29,"column":39}},"29":{"start":{"line":30,"column":0},"end":{"line":30,"column":5}},"31":{"start":{"line":32,"column":0},"end":{"line":32,"column":7}},"32":{"start":{"line":33,"column":0},"end":{"line":33,"column":20}},"33":{"start":{"line":34,"column":0},"end":{"line":34,"column":11}},"34":{"start":{"line":35,"column":0},"end":{"line":35,"column":20}},"35":{"start":{"line":36,"column":0},"end":{"line":36,"column":64}},"37":{"start":{"line":38,"column":0},"end":{"line":38,"column":6}},"38":{"start":{"line":39,"column":0},"end":{"line":39,"column":3}},"39":{"start":{"line":40,"column":0},"end":{"line":40,"column":1}},"44":{"start":{"line":45,"column":0},"end":{"line":45,"column":100}},"45":{"start":{"line":46,"column":0},"end":{"line":46,"column":25}},"46":{"start":{"line":47,"column":0},"end":{"line":47,"column":1}},"54":{"start":{"line":55,"column":0},"end":{"line":55,"column":46}},"55":{"start":{"line":56,"column":0},"end":{"line":56,"column":39}},"56":{"start":{"line":57,"column":0},"end":{"line":57,"column":56}},"57":{"start":{"line":58,"column":0},"end":{"line":58,"column":48}},"58":{"start":{"line":59,"column":0},"end":{"line":59,"column":49}},"59":{"start":{"line":60,"column":0},"end":{"line":60,"column":3}},"61":{"start":{"line":62,"column":0},"end":{"line":62,"column":15}},"62":{"start":{"line":63,"column":0},"end":{"line":63,"column":1}},"72":{"start":{"line":73,"column":0},"end":{"line":73,"column":49}},"73":{"start":{"line":74,"column":0},"end":{"line":74,"column":31}},"75":{"start":{"line":76,"column":0},"end":{"line":76,"column":26}},"77":{"start":{"line":78,"column":0},"end":{"line":78,"column":37}},"78":{"start":{"line":79,"column":0},"end":{"line":79,"column":51}},"79":{"start":{"line":80,"column":0},"end":{"line":80,"column":57}},"80":{"start":{"line":81,"column":0},"end":{"line":81,"column":31}},"81":{"start":{"line":82,"column":0},"end":{"line":82,"column":3}},"83":{"start":{"line":84,"column":0},"end":{"line":84,"column":29}},"84":{"start":{"line":85,"column":0},"end":{"line":85,"column":1}},"95":{"start":{"line":96,"column":0},"end":{"line":96,"column":75}},"96":{"start":{"line":97,"column":0},"end":{"line":97,"column":31}},"98":{"start":{"line":99,"column":0},"end":{"line":99,"column":45}},"99":{"start":{"line":100,"column":0},"end":{"line":100,"column":18}},"100":{"start":{"line":101,"column":0},"end":{"line":101,"column":24}},"101":{"start":{"line":102,"column":0},"end":{"line":102,"column":61}},"102":{"start":{"line":103,"column":0},"end":{"line":103,"column":35}},"103":{"start":{"line":104,"column":0},"end":{"line":104,"column":53}},"104":{"start":{"line":105,"column":0},"end":{"line":105,"column":31}},"105":{"start":{"line":106,"column":0},"end":{"line":106,"column":6}},"106":{"start":{"line":107,"column":0},"end":{"line":107,"column":5}},"108":{"start":{"line":109,"column":0},"end":{"line":109,"column":80}},"109":{"start":{"line":110,"column":0},"end":{"line":110,"column":63}},"110":{"start":{"line":111,"column":0},"end":{"line":111,"column":1}}},"s":{"0":1,"15":1,"20":1,"25":20,"26":20,"28":19,"29":19,"31":20,"32":20,"33":20,"34":1,"35":1,"37":1,"38":1,"39":20,"44":1,"45":2,"46":2,"54":30,"55":30,"56":30,"57":30,"58":8,"59":8,"61":19,"62":19,"72":1,"73":11,"75":11,"77":1,"78":1,"79":1,"80":1,"81":1,"83":9,"84":9,"95":1,"96":9,"98":9,"99":9,"100":9,"101":9,"102":9,"103":1,"104":1,"105":1,"106":9,"108":9,"109":9,"110":9},"branchMap":{"0":{"type":"branch","line":26,"loc":{"start":{"line":26,"column":0},"end":{"line":40,"column":1}},"locations":[{"start":{"line":26,"column":0},"end":{"line":40,"column":1}}]},"1":{"type":"branch","line":27,"loc":{"start":{"line":27,"column":17},"end":{"line":30,"column":5}},"locations":[{"start":{"line":27,"column":17},"end":{"line":30,"column":5}}]},"2":{"type":"branch","line":34,"loc":{"start":{"line":34,"column":2},"end":{"line":39,"column":3}},"locations":[{"start":{"line":34,"column":2},"end":{"line":39,"column":3}}]},"3":{"type":"branch","line":27,"loc":{"start":{"line":27,"column":35},"end":{"line":30,"column":5}},"locations":[{"start":{"line":27,"column":35},"end":{"line":30,"column":5}}]},"4":{"type":"branch","line":45,"loc":{"start":{"line":45,"column":7},"end":{"line":47,"column":1}},"locations":[{"start":{"line":45,"column":7},"end":{"line":47,"column":1}}]},"5":{"type":"branch","line":55,"loc":{"start":{"line":55,"column":0},"end":{"line":63,"column":1}},"locations":[{"start":{"line":55,"column":0},"end":{"line":63,"column":1}}]},"6":{"type":"branch","line":56,"loc":{"start":{"line":56,"column":27},"end":{"line":56,"column":39}},"locations":[{"start":{"line":56,"column":27},"end":{"line":56,"column":39}}]},"7":{"type":"branch","line":56,"loc":{"start":{"line":56,"column":34},"end":{"line":57,"column":33}},"locations":[{"start":{"line":56,"column":34},"end":{"line":57,"column":33}}]},"8":{"type":"branch","line":57,"loc":{"start":{"line":57,"column":26},"end":{"line":57,"column":56}},"locations":[{"start":{"line":57,"column":26},"end":{"line":57,"column":56}}]},"9":{"type":"branch","line":57,"loc":{"start":{"line":57,"column":54},"end":{"line":58,"column":47}},"locations":[{"start":{"line":57,"column":54},"end":{"line":58,"column":47}}]},"10":{"type":"branch","line":58,"loc":{"start":{"line":58,"column":47},"end":{"line":60,"column":3}},"locations":[{"start":{"line":58,"column":47},"end":{"line":60,"column":3}}]},"11":{"type":"branch","line":60,"loc":{"start":{"line":60,"column":2},"end":{"line":63,"column":1}},"locations":[{"start":{"line":60,"column":2},"end":{"line":63,"column":1}}]},"12":{"type":"branch","line":73,"loc":{"start":{"line":73,"column":7},"end":{"line":85,"column":1}},"locations":[{"start":{"line":73,"column":7},"end":{"line":85,"column":1}}]},"13":{"type":"branch","line":76,"loc":{"start":{"line":76,"column":25},"end":{"line":82,"column":3}},"locations":[{"start":{"line":76,"column":25},"end":{"line":82,"column":3}}]},"14":{"type":"branch","line":82,"loc":{"start":{"line":82,"column":2},"end":{"line":85,"column":1}},"locations":[{"start":{"line":82,"column":2},"end":{"line":85,"column":1}}]},"15":{"type":"branch","line":96,"loc":{"start":{"line":96,"column":7},"end":{"line":111,"column":1}},"locations":[{"start":{"line":96,"column":7},"end":{"line":111,"column":1}}]},"16":{"type":"branch","line":109,"loc":{"start":{"line":109,"column":34},"end":{"line":109,"column":73}},"locations":[{"start":{"line":109,"column":34},"end":{"line":109,"column":73}}]},"17":{"type":"branch","line":109,"loc":{"start":{"line":109,"column":69},"end":{"line":109,"column":80}},"locations":[{"start":{"line":109,"column":69},"end":{"line":109,"column":80}}]},"18":{"type":"branch","line":103,"loc":{"start":{"line":103,"column":12},"end":{"line":106,"column":6}},"locations":[{"start":{"line":103,"column":12},"end":{"line":106,"column":6}}]}},"b":{"0":[20],"1":[19],"2":[1],"3":[19],"4":[2],"5":[30],"6":[1],"7":[29],"8":[2],"9":[27],"10":[8],"11":[19],"12":[11],"13":[1],"14":[9],"15":[9],"16":[4],"17":[5],"18":[1]},"fnMap":{"0":{"name":"getMsgpack","decl":{"start":{"line":26,"column":0},"end":{"line":40,"column":1}},"loc":{"start":{"line":26,"column":0},"end":{"line":40,"column":1}},"line":26},"1":{"name":"__setMsgpackLoader","decl":{"start":{"line":45,"column":7},"end":{"line":47,"column":1}},"loc":{"start":{"line":45,"column":7},"end":{"line":47,"column":1}},"line":45},"2":{"name":"hasTytxTypes","decl":{"start":{"line":55,"column":0},"end":{"line":63,"column":1}},"loc":{"start":{"line":55,"column":0},"end":{"line":63,"column":1}},"line":55},"3":{"name":"packb","decl":{"start":{"line":73,"column":7},"end":{"line":85,"column":1}},"loc":{"start":{"line":73,"column":7},"end":{"line":85,"column":1}},"line":73},"4":{"name":"unpackb","decl":{"start":{"line":96,"column":7},"end":{"line":111,"column":1}},"loc":{"start":{"line":96,"column":7},"end":{"line":111,"column":1}},"line":96},"5":{"name":"encode","decl":{"start":{"line":102,"column":12},"end":{"line":102,"column":61}},"loc":{"start":{"line":102,"column":12},"end":{"line":102,"column":61}},"line":102},"6":{"name":"decode","decl":{"start":{"line":103,"column":12},"end":{"line":106,"column":6}},"loc":{"start":{"line":103,"column":12},"end":{"line":106,"column":6}},"line":103}},"f":{"0":20,"1":2,"2":30,"3":11,"4":9,"5":0,"6":1}}
,"/Users/gporcari/Sviluppo/genro_ng/meta-genro-modules/sub-projects/genro-tytx/ts/src/registry.ts": {"path":"/Users/gporcari/Sviluppo/genro_ng/meta-genro-modules/sub-projects/genro-tytx/ts/src/registry.ts","all":false,"statementMap":{"0":{"start":{"line":1,"column":0},"end":{"line":1,"column":3}},"13":{"start":{"line":14,"column":0},"end":{"line":14,"column":35}},"14":{"start":{"line":15,"column":0},"end":{"line":15,"column":12}},"15":{"start":{"line":16,"column":0},"end":{"line":16,"column":14}},"16":{"start":{"line":17,"column":0},"end":{"line":17,"column":43}},"17":{"start":{"line":18,"column":0},"end":{"line":18,"column":19}},"18":{"start":{"line":19,"column":0},"end":{"line":19,"column":48}},"19":{"start":{"line":20,"column":0},"end":{"line":20,"column":58}},"20":{"start":{"line":21,"column":0},"end":{"line":21,"column":46}},"21":{"start":{"line":22,"column":0},"end":{"line":22,"column":57}},"22":{"start":{"line":23,"column":0},"end":{"line":23,"column":2}},"24":{"start":{"line":25,"column":0},"end":{"line":25,"column":37}},"25":{"start":{"line":26,"column":0},"end":{"line":26,"column":12}},"26":{"start":{"line":27,"column":0},"end":{"line":27,"column":16}},"27":{"start":{"line":28,"column":0},"end":{"line":28,"column":34}},"28":{"start":{"line":29,"column":0},"end":{"line":29,"column":19}},"29":{"start":{"line":30,"column":0},"end":{"line":30,"column":46}},"30":{"start":{"line":31,"column":0},"end":{"line":31,"column":46}},"31":{"start":{"line":32,"column":0},"end":{"line":32,"column":46}},"32":{"start":{"line":33,"column":0},"end":{"line":33,"column":58}},"33":{"start":{"line":34,"column":0},"end":{"line":34,"column":2}},"35":{"start":{"line":36,"column":0},"end":{"line":36,"column":45}},"37":{"start":{"line":38,"column":0},"end":{"line":38,"column":48}},"38":{"start":{"line":39,"column":0},"end":{"line":39,"column":12}},"39":{"start":{"line":40,"column":0},"end":{"line":40,"column":18}},"40":{"start":{"line":41,"column":0},"end":{"line":41,"column":34}},"41":{"start":{"line":42,"column":0},"end":{"line":42,"column":25}},"42":{"start":{"line":43,"column":0},"end":{"line":43,"column":29}},"44":{"start":{"line":45,"column":0},"end":{"line":45,"column":9}},"46":{"start":{"line":47,"column":0},"end":{"line":47,"column":76}},"47":{"start":{"line":48,"column":0},"end":{"line":48,"column":60}},"49":{"start":{"line":50,"column":0},"end":{"line":50,"column":32}},"50":{"start":{"line":51,"column":0},"end":{"line":51,"column":13}},"51":{"start":{"line":52,"column":0},"end":{"line":52,"column":31}},"52":{"start":{"line":53,"column":0},"end":{"line":53,"column":5}},"53":{"start":{"line":54,"column":0},"end":{"line":54,"column":4}},"54":{"start":{"line":55,"column":0},"end":{"line":55,"column":55}},"55":{"start":{"line":56,"column":0},"end":{"line":56,"column":55}},"56":{"start":{"line":57,"column":0},"end":{"line":57,"column":59}},"57":{"start":{"line":58,"column":0},"end":{"line":58,"column":2}},"59":{"start":{"line":60,"column":0},"end":{"line":60,"column":37}},"60":{"start":{"line":61,"column":0},"end":{"line":61,"column":12}},"61":{"start":{"line":62,"column":0},"end":{"line":62,"column":15}},"62":{"start":{"line":63,"column":0},"end":{"line":63,"column":31}},"63":{"start":{"line":64,"column":0},"end":{"line":64,"column":20}},"64":{"start":{"line":65,"column":0},"end":{"line":65,"column":29}},"65":{"start":{"line":66,"column":0},"end":{"line":66,"column":38}},"66":{"start":{"line":67,"column":0},"end":{"line":67,"column":54}},"67":{"start":{"line":68,"column":0},"end":{"line":68,"column":4}},"68":{"start":{"line":69,"column":0},"end":{"line":69,"column":47}},"69":{"start":{"line":70,"column":0},"end":{"line":70,"column":75}},"70":{"start":{"line":71,"column":0},"end":{"line":71,"column":2}},"72":{"start":{"line":73,"column":0},"end":{"line":73,"column":35}},"73":{"start":{"line":74,"column":0},"end":{"line":74,"column":12}},"74":{"start":{"line":75,"column":0},"end":{"line":75,"column":14}},"75":{"start":{"line":76,"column":0},"end":{"line":76,"column":35}},"76":{"start":{"line":77,"column":0},"end":{"line":77,"column":19}},"77":{"start":{"line":78,"column":0},"end":{"line":78,"column":34}},"78":{"start":{"line":79,"column":0},"end":{"line":79,"column":38}},"79":{"start":{"line":80,"column":0},"end":{"line":80,"column":73}},"80":{"start":{"line":81,"column":0},"end":{"line":81,"column":2}},"86":{"start":{"line":87,"column":0},"end":{"line":87,"column":34}},"87":{"start":{"line":88,"column":0},"end":{"line":88,"column":12}},"88":{"start":{"line":89,"column":0},"end":{"line":89,"column":15}},"89":{"start":{"line":90,"column":0},"end":{"line":90,"column":33}},"90":{"start":{"line":91,"column":0},"end":{"line":91,"column":17}},"91":{"start":{"line":92,"column":0},"end":{"line":92,"column":63}},"92":{"start":{"line":93,"column":0},"end":{"line":93,"column":31}},"93":{"start":{"line":94,"column":0},"end":{"line":94,"column":40}},"94":{"start":{"line":95,"column":0},"end":{"line":95,"column":67}},"95":{"start":{"line":96,"column":0},"end":{"line":96,"column":60}},"96":{"start":{"line":97,"column":0},"end":{"line":97,"column":37}},"97":{"start":{"line":98,"column":0},"end":{"line":98,"column":4}},"98":{"start":{"line":99,"column":0},"end":{"line":99,"column":46}},"99":{"start":{"line":100,"column":0},"end":{"line":100,"column":47}},"101":{"start":{"line":102,"column":0},"end":{"line":102,"column":12}},"102":{"start":{"line":103,"column":0},"end":{"line":103,"column":34}},"103":{"start":{"line":104,"column":0},"end":{"line":104,"column":36}},"104":{"start":{"line":105,"column":0},"end":{"line":105,"column":36}},"105":{"start":{"line":106,"column":0},"end":{"line":106,"column":41}},"107":{"start":{"line":108,"column":0},"end":{"line":108,"column":97}},"109":{"start":{"line":110,"column":0},"end":{"line":110,"column":4}},"110":{"start":{"line":111,"column":0},"end":{"line":111,"column":2}},"118":{"start":{"line":119,"column":0},"end":{"line":119,"column":38}},"119":{"start":{"line":120,"column":0},"end":{"line":120,"column":14}},"120":{"start":{"line":121,"column":0},"end":{"line":121,"column":19}},"121":{"start":{"line":122,"column":0},"end":{"line":122,"column":14}},"122":{"start":{"line":123,"column":0},"end":{"line":123,"column":17}},"123":{"start":{"line":124,"column":0},"end":{"line":124,"column":44}},"124":{"start":{"line":125,"column":0},"end":{"line":125,"column":31}},"125":{"start":{"line":126,"column":0},"end":{"line":126,"column":40}},"126":{"start":{"line":127,"column":0},"end":{"line":127,"column":67}},"127":{"start":{"line":128,"column":0},"end":{"line":128,"column":60}},"128":{"start":{"line":129,"column":0},"end":{"line":129,"column":63}},"129":{"start":{"line":130,"column":0},"end":{"line":130,"column":67}},"130":{"start":{"line":131,"column":0},"end":{"line":131,"column":67}},"131":{"start":{"line":132,"column":0},"end":{"line":132,"column":69}},"132":{"start":{"line":133,"column":0},"end":{"line":133,"column":4}},"133":{"start":{"line":134,"column":0},"end":{"line":134,"column":46}},"134":{"start":{"line":135,"column":0},"end":{"line":135,"column":47}},"136":{"start":{"line":137,"column":0},"end":{"line":137,"column":25}},"137":{"start":{"line":138,"column":0},"end":{"line":138,"column":34}},"138":{"start":{"line":139,"column":0},"end":{"line":139,"column":36}},"139":{"start":{"line":140,"column":0},"end":{"line":140,"column":36}},"140":{"start":{"line":141,"column":0},"end":{"line":141,"column":39}},"141":{"start":{"line":142,"column":0},"end":{"line":142,"column":19}},"142":{"start":{"line":143,"column":0},"end":{"line":143,"column":95}},"143":{"start":{"line":144,"column":0},"end":{"line":144,"column":38}},"144":{"start":{"line":145,"column":0},"end":{"line":145,"column":4}},"145":{"start":{"line":146,"column":0},"end":{"line":146,"column":2}},"153":{"start":{"line":154,"column":0},"end":{"line":154,"column":43}},"154":{"start":{"line":155,"column":0},"end":{"line":155,"column":13}},"155":{"start":{"line":156,"column":0},"end":{"line":156,"column":25}},"156":{"start":{"line":157,"column":0},"end":{"line":157,"column":14}},"157":{"start":{"line":158,"column":0},"end":{"line":158,"column":17}},"158":{"start":{"line":159,"column":0},"end":{"line":159,"column":44}},"159":{"start":{"line":160,"column":0},"end":{"line":160,"column":31}},"160":{"start":{"line":161,"column":0},"end":{"line":161,"column":40}},"161":{"start":{"line":162,"column":0},"end":{"line":162,"column":67}},"162":{"start":{"line":163,"column":0},"end":{"line":163,"column":60}},"163":{"start":{"line":164,"column":0},"end":{"line":164,"column":63}},"164":{"start":{"line":165,"column":0},"end":{"line":165,"column":67}},"165":{"start":{"line":166,"column":0},"end":{"line":166,"column":67}},"166":{"start":{"line":167,"column":0},"end":{"line":167,"column":68}},"167":{"start":{"line":168,"column":0},"end":{"line":168,"column":4}},"168":{"start":{"line":169,"column":0},"end":{"line":169,"column":76}},"169":{"start":{"line":170,"column":0},"end":{"line":170,"column":2}},"175":{"start":{"line":176,"column":0},"end":{"line":176,"column":34}},"176":{"start":{"line":177,"column":0},"end":{"line":177,"column":12}},"177":{"start":{"line":178,"column":0},"end":{"line":178,"column":15}},"178":{"start":{"line":179,"column":0},"end":{"line":179,"column":26}},"179":{"start":{"line":180,"column":0},"end":{"line":180,"column":17}},"180":{"start":{"line":181,"column":0},"end":{"line":181,"column":66}},"181":{"start":{"line":182,"column":0},"end":{"line":182,"column":31}},"182":{"start":{"line":183,"column":0},"end":{"line":183,"column":63}},"183":{"start":{"line":184,"column":0},"end":{"line":184,"column":67}},"184":{"start":{"line":185,"column":0},"end":{"line":185,"column":67}},"185":{"start":{"line":186,"column":0},"end":{"line":186,"column":44}},"186":{"start":{"line":187,"column":0},"end":{"line":187,"column":4}},"187":{"start":{"line":188,"column":0},"end":{"line":188,"column":46}},"188":{"start":{"line":189,"column":0},"end":{"line":189,"column":47}},"190":{"start":{"line":191,"column":0},"end":{"line":191,"column":12}},"191":{"start":{"line":192,"column":0},"end":{"line":192,"column":94}},"193":{"start":{"line":194,"column":0},"end":{"line":194,"column":4}},"194":{"start":{"line":195,"column":0},"end":{"line":195,"column":2}},"196":{"start":{"line":197,"column":0},"end":{"line":197,"column":36}},"197":{"start":{"line":198,"column":0},"end":{"line":198,"column":13}},"198":{"start":{"line":199,"column":0},"end":{"line":199,"column":15}},"199":{"start":{"line":200,"column":0},"end":{"line":200,"column":20}},"200":{"start":{"line":201,"column":0},"end":{"line":201,"column":19}},"201":{"start":{"line":202,"column":0},"end":{"line":202,"column":56}},"202":{"start":{"line":203,"column":0},"end":{"line":203,"column":54}},"203":{"start":{"line":204,"column":0},"end":{"line":204,"column":46}},"204":{"start":{"line":205,"column":0},"end":{"line":205,"column":76}},"205":{"start":{"line":206,"column":0},"end":{"line":206,"column":2}},"210":{"start":{"line":211,"column":0},"end":{"line":211,"column":27}},"211":{"start":{"line":212,"column":0},"end":{"line":212,"column":60}},"212":{"start":{"line":213,"column":0},"end":{"line":213,"column":65}},"214":{"start":{"line":215,"column":0},"end":{"line":215,"column":17}},"215":{"start":{"line":216,"column":0},"end":{"line":216,"column":28}},"216":{"start":{"line":217,"column":0},"end":{"line":217,"column":3}},"218":{"start":{"line":219,"column":0},"end":{"line":219,"column":36}},"219":{"start":{"line":220,"column":0},"end":{"line":220,"column":22}},"220":{"start":{"line":221,"column":0},"end":{"line":221,"column":14}},"221":{"start":{"line":222,"column":0},"end":{"line":222,"column":16}},"222":{"start":{"line":223,"column":0},"end":{"line":223,"column":18}},"223":{"start":{"line":224,"column":0},"end":{"line":224,"column":15}},"224":{"start":{"line":225,"column":0},"end":{"line":225,"column":14}},"225":{"start":{"line":226,"column":0},"end":{"line":226,"column":15}},"226":{"start":{"line":227,"column":0},"end":{"line":227,"column":19}},"227":{"start":{"line":228,"column":0},"end":{"line":228,"column":43}},"228":{"start":{"line":229,"column":0},"end":{"line":229,"column":15}},"229":{"start":{"line":230,"column":0},"end":{"line":230,"column":15}},"230":{"start":{"line":231,"column":0},"end":{"line":231,"column":6}},"232":{"start":{"line":233,"column":0},"end":{"line":233,"column":34}},"233":{"start":{"line":234,"column":0},"end":{"line":234,"column":26}},"234":{"start":{"line":235,"column":0},"end":{"line":235,"column":5}},"235":{"start":{"line":236,"column":0},"end":{"line":236,"column":3}},"240":{"start":{"line":241,"column":0},"end":{"line":241,"column":34}},"241":{"start":{"line":242,"column":0},"end":{"line":242,"column":36}},"242":{"start":{"line":243,"column":0},"end":{"line":243,"column":41}},"243":{"start":{"line":244,"column":0},"end":{"line":244,"column":39}},"244":{"start":{"line":245,"column":0},"end":{"line":245,"column":39}},"245":{"start":{"line":246,"column":0},"end":{"line":246,"column":5}},"246":{"start":{"line":247,"column":0},"end":{"line":247,"column":3}},"251":{"start":{"line":252,"column":0},"end":{"line":252,"column":49}},"252":{"start":{"line":253,"column":0},"end":{"line":253,"column":87}},"253":{"start":{"line":254,"column":0},"end":{"line":254,"column":3}},"259":{"start":{"line":260,"column":0},"end":{"line":260,"column":59}},"260":{"start":{"line":261,"column":0},"end":{"line":261,"column":19}},"261":{"start":{"line":262,"column":0},"end":{"line":262,"column":38}},"262":{"start":{"line":263,"column":0},"end":{"line":263,"column":61}},"263":{"start":{"line":264,"column":0},"end":{"line":264,"column":5}},"265":{"start":{"line":266,"column":0},"end":{"line":266,"column":32}},"266":{"start":{"line":267,"column":0},"end":{"line":267,"column":19}},"267":{"start":{"line":268,"column":0},"end":{"line":268,"column":5}},"269":{"start":{"line":270,"column":0},"end":{"line":270,"column":40}},"270":{"start":{"line":271,"column":0},"end":{"line":271,"column":41}},"271":{"start":{"line":272,"column":0},"end":{"line":272,"column":32}},"273":{"start":{"line":274,"column":0},"end":{"line":274,"column":15}},"275":{"start":{"line":276,"column":0},"end":{"line":276,"column":37}},"276":{"start":{"line":277,"column":0},"end":{"line":277,"column":52}},"277":{"start":{"line":278,"column":0},"end":{"line":278,"column":7}},"278":{"start":{"line":279,"column":0},"end":{"line":279,"column":47}},"279":{"start":{"line":280,"column":0},"end":{"line":280,"column":5}},"281":{"start":{"line":282,"column":0},"end":{"line":282,"column":17}},"282":{"start":{"line":283,"column":0},"end":{"line":283,"column":3}},"287":{"start":{"line":288,"column":0},"end":{"line":288,"column":71}},"288":{"start":{"line":289,"column":0},"end":{"line":289,"column":50}},"290":{"start":{"line":291,"column":0},"end":{"line":291,"column":51}},"291":{"start":{"line":292,"column":0},"end":{"line":292,"column":32}},"292":{"start":{"line":293,"column":0},"end":{"line":293,"column":35}},"293":{"start":{"line":294,"column":0},"end":{"line":294,"column":7}},"294":{"start":{"line":295,"column":0},"end":{"line":295,"column":38}},"295":{"start":{"line":296,"column":0},"end":{"line":296,"column":6}},"297":{"start":{"line":298,"column":0},"end":{"line":298,"column":40}},"298":{"start":{"line":299,"column":0},"end":{"line":299,"column":3}},"303":{"start":{"line":304,"column":0},"end":{"line":304,"column":36}},"304":{"start":{"line":305,"column":0},"end":{"line":305,"column":38}},"305":{"start":{"line":306,"column":0},"end":{"line":306,"column":48}},"306":{"start":{"line":307,"column":0},"end":{"line":307,"column":32}},"308":{"start":{"line":309,"column":0},"end":{"line":309,"column":35}},"309":{"start":{"line":310,"column":0},"end":{"line":310,"column":41}},"310":{"start":{"line":311,"column":0},"end":{"line":311,"column":7}},"311":{"start":{"line":312,"column":0},"end":{"line":312,"column":35}},"312":{"start":{"line":313,"column":0},"end":{"line":313,"column":41}},"313":{"start":{"line":314,"column":0},"end":{"line":314,"column":7}},"314":{"start":{"line":315,"column":0},"end":{"line":315,"column":43}},"315":{"start":{"line":316,"column":0},"end":{"line":316,"column":5}},"316":{"start":{"line":317,"column":0},"end":{"line":317,"column":25}},"317":{"start":{"line":318,"column":0},"end":{"line":318,"column":3}},"330":{"start":{"line":331,"column":0},"end":{"line":331,"column":63}},"331":{"start":{"line":332,"column":0},"end":{"line":332,"column":38}},"332":{"start":{"line":333,"column":0},"end":{"line":333,"column":48}},"335":{"start":{"line":336,"column":0},"end":{"line":336,"column":47}},"336":{"start":{"line":337,"column":0},"end":{"line":337,"column":49}},"337":{"start":{"line":338,"column":0},"end":{"line":338,"column":28}},"338":{"start":{"line":339,"column":0},"end":{"line":339,"column":22}},"339":{"start":{"line":340,"column":0},"end":{"line":340,"column":7}},"341":{"start":{"line":342,"column":0},"end":{"line":342,"column":48}},"342":{"start":{"line":343,"column":0},"end":{"line":343,"column":5}},"345":{"start":{"line":346,"column":0},"end":{"line":346,"column":32}},"347":{"start":{"line":348,"column":0},"end":{"line":348,"column":35}},"348":{"start":{"line":349,"column":0},"end":{"line":349,"column":49}},"349":{"start":{"line":350,"column":0},"end":{"line":350,"column":7}},"351":{"start":{"line":352,"column":0},"end":{"line":352,"column":35}},"352":{"start":{"line":353,"column":0},"end":{"line":353,"column":49}},"353":{"start":{"line":354,"column":0},"end":{"line":354,"column":7}},"355":{"start":{"line":356,"column":0},"end":{"line":356,"column":53}},"356":{"start":{"line":357,"column":0},"end":{"line":357,"column":5}},"359":{"start":{"line":360,"column":0},"end":{"line":360,"column":37}},"360":{"start":{"line":361,"column":0},"end":{"line":361,"column":47}},"361":{"start":{"line":362,"column":0},"end":{"line":362,"column":5}},"364":{"start":{"line":365,"column":0},"end":{"line":365,"column":36}},"365":{"start":{"line":366,"column":0},"end":{"line":366,"column":36}},"366":{"start":{"line":367,"column":0},"end":{"line":367,"column":42}},"367":{"start":{"line":368,"column":0},"end":{"line":368,"column":45}},"368":{"start":{"line":369,"column":0},"end":{"line":369,"column":5}},"371":{"start":{"line":372,"column":0},"end":{"line":372,"column":36}},"372":{"start":{"line":373,"column":0},"end":{"line":373,"column":35}},"373":{"start":{"line":374,"column":0},"end":{"line":374,"column":5}},"376":{"start":{"line":377,"column":0},"end":{"line":377,"column":54}},"377":{"start":{"line":378,"column":0},"end":{"line":378,"column":48}},"378":{"start":{"line":379,"column":0},"end":{"line":379,"column":5}},"381":{"start":{"line":382,"column":0},"end":{"line":382,"column":25}},"382":{"start":{"line":383,"column":0},"end":{"line":383,"column":3}},"387":{"start":{"line":388,"column":0},"end":{"line":388,"column":62}},"388":{"start":{"line":389,"column":0},"end":{"line":389,"column":32}},"389":{"start":{"line":390,"column":0},"end":{"line":390,"column":45}},"390":{"start":{"line":391,"column":0},"end":{"line":391,"column":45}},"391":{"start":{"line":392,"column":0},"end":{"line":392,"column":19}},"392":{"start":{"line":393,"column":0},"end":{"line":393,"column":5}},"393":{"start":{"line":394,"column":0},"end":{"line":394,"column":47}},"394":{"start":{"line":395,"column":0},"end":{"line":395,"column":36}},"395":{"start":{"line":396,"column":0},"end":{"line":396,"column":49}},"396":{"start":{"line":397,"column":0},"end":{"line":397,"column":5}},"397":{"start":{"line":398,"column":0},"end":{"line":398,"column":46}},"398":{"start":{"line":399,"column":0},"end":{"line":399,"column":43}},"399":{"start":{"line":400,"column":0},"end":{"line":400,"column":3}},"404":{"start":{"line":405,"column":0},"end":{"line":405,"column":64}},"405":{"start":{"line":406,"column":0},"end":{"line":406,"column":31}},"406":{"start":{"line":407,"column":0},"end":{"line":407,"column":46}},"407":{"start":{"line":408,"column":0},"end":{"line":408,"column":33}},"408":{"start":{"line":409,"column":0},"end":{"line":409,"column":54}},"409":{"start":{"line":410,"column":0},"end":{"line":410,"column":24}},"410":{"start":{"line":411,"column":0},"end":{"line":411,"column":9}},"411":{"start":{"line":412,"column":0},"end":{"line":412,"column":7}},"412":{"start":{"line":413,"column":0},"end":{"line":413,"column":20}},"413":{"start":{"line":414,"column":0},"end":{"line":414,"column":5}},"414":{"start":{"line":415,"column":0},"end":{"line":415,"column":54}},"415":{"start":{"line":416,"column":0},"end":{"line":416,"column":3}},"420":{"start":{"line":421,"column":0},"end":{"line":421,"column":66}},"421":{"start":{"line":422,"column":0},"end":{"line":422,"column":31}},"422":{"start":{"line":423,"column":0},"end":{"line":423,"column":65}},"423":{"start":{"line":424,"column":0},"end":{"line":424,"column":5}},"424":{"start":{"line":425,"column":0},"end":{"line":425,"column":42}},"425":{"start":{"line":426,"column":0},"end":{"line":426,"column":3}},"430":{"start":{"line":431,"column":0},"end":{"line":431,"column":60}},"431":{"start":{"line":432,"column":0},"end":{"line":432,"column":29}},"432":{"start":{"line":433,"column":0},"end":{"line":433,"column":18}},"433":{"start":{"line":434,"column":0},"end":{"line":434,"column":5}},"435":{"start":{"line":436,"column":0},"end":{"line":436,"column":51}},"438":{"start":{"line":439,"column":0},"end":{"line":439,"column":30}},"439":{"start":{"line":440,"column":0},"end":{"line":440,"column":18}},"440":{"start":{"line":441,"column":0},"end":{"line":441,"column":5}},"442":{"start":{"line":443,"column":0},"end":{"line":443,"column":31}},"443":{"start":{"line":444,"column":0},"end":{"line":444,"column":37}},"444":{"start":{"line":445,"column":0},"end":{"line":445,"column":5}},"446":{"start":{"line":447,"column":0},"end":{"line":447,"column":40}},"447":{"start":{"line":448,"column":0},"end":{"line":448,"column":36}},"448":{"start":{"line":449,"column":0},"end":{"line":449,"column":16}},"449":{"start":{"line":450,"column":0},"end":{"line":450,"column":18}},"450":{"start":{"line":451,"column":0},"end":{"line":451,"column":5}},"452":{"start":{"line":453,"column":0},"end":{"line":453,"column":55}},"453":{"start":{"line":454,"column":0},"end":{"line":454,"column":56}},"454":{"start":{"line":455,"column":0},"end":{"line":455,"column":3}},"459":{"start":{"line":460,"column":0},"end":{"line":460,"column":60}},"460":{"start":{"line":461,"column":0},"end":{"line":461,"column":55}},"461":{"start":{"line":462,"column":0},"end":{"line":462,"column":32}},"462":{"start":{"line":463,"column":0},"end":{"line":463,"column":39}},"463":{"start":{"line":464,"column":0},"end":{"line":464,"column":7}},"464":{"start":{"line":465,"column":0},"end":{"line":465,"column":49}},"465":{"start":{"line":466,"column":0},"end":{"line":466,"column":6}},"466":{"start":{"line":467,"column":0},"end":{"line":467,"column":52}},"467":{"start":{"line":468,"column":0},"end":{"line":468,"column":3}},"472":{"start":{"line":473,"column":0},"end":{"line":473,"column":35}},"473":{"start":{"line":474,"column":0},"end":{"line":474,"column":44}},"474":{"start":{"line":475,"column":0},"end":{"line":475,"column":40}},"475":{"start":{"line":476,"column":0},"end":{"line":476,"column":40}},"476":{"start":{"line":477,"column":0},"end":{"line":477,"column":3}},"477":{"start":{"line":478,"column":0},"end":{"line":478,"column":1}},"482":{"start":{"line":483,"column":0},"end":{"line":483,"column":43}},"487":{"start":{"line":488,"column":0},"end":{"line":488,"column":70}},"488":{"start":{"line":489,"column":0},"end":{"line":489,"column":21}},"489":{"start":{"line":490,"column":0},"end":{"line":490,"column":1}}},"s":{"0":1,"13":1,"14":1,"15":1,"16":1,"17":1,"18":1,"19":1,"20":1,"21":3,"22":1,"24":1,"25":1,"26":1,"27":1,"28":1,"29":1,"30":1,"31":1,"32":2,"33":1,"35":1,"37":1,"38":1,"39":1,"40":1,"41":1,"42":1,"44":8,"46":8,"47":8,"49":8,"50":8,"51":1,"52":1,"53":8,"54":1,"55":1,"56":3,"57":1,"59":1,"60":1,"61":1,"62":1,"63":1,"64":1,"65":5,"66":5,"67":5,"68":1,"69":1,"70":1,"72":1,"73":1,"74":1,"75":1,"76":1,"77":1,"78":1,"79":1,"80":1,"86":1,"87":1,"88":1,"89":1,"90":1,"91":1,"92":1,"93":9,"94":9,"95":9,"96":9,"97":9,"98":1,"99":19,"101":18,"102":18,"103":11,"104":11,"105":11,"107":11,"109":19,"110":1,"118":1,"119":1,"120":1,"121":1,"122":1,"123":1,"124":1,"125":7,"126":7,"127":7,"128":7,"129":7,"130":7,"131":7,"132":7,"133":1,"134":4,"136":3,"137":3,"138":2,"139":2,"140":2,"141":4,"142":4,"143":4,"144":4,"145":1,"153":1,"154":1,"155":1,"156":1,"157":1,"158":1,"159":1,"160":1,"161":1,"162":1,"163":1,"164":1,"165":1,"166":1,"167":1,"168":1,"169":1,"175":1,"176":1,"177":1,"178":1,"179":1,"180":1,"181":1,"182":4,"183":4,"184":4,"185":4,"186":4,"187":1,"188":21,"190":20,"191":21,"193":21,"194":1,"196":1,"197":1,"198":1,"199":1,"200":1,"201":1,"202":1,"203":1,"204":2,"205":1,"210":1,"211":1,"212":5,"214":1,"215":5,"216":5,"218":1,"219":5,"220":5,"221":5,"222":5,"223":5,"224":5,"225":5,"226":5,"227":5,"228":5,"229":5,"230":5,"232":5,"233":50,"234":50,"235":5,"240":1,"241":50,"242":50,"243":50,"244":100,"245":100,"246":50,"251":1,"252":65,"253":65,"259":1,"260":47,"261":2,"262":2,"263":2,"265":47,"266":5,"267":5,"269":40,"270":40,"271":40,"273":47,"275":38,"276":1,"277":1,"278":37,"279":37,"281":2,"282":47,"287":1,"288":1,"290":1,"291":7,"292":3,"293":3,"294":4,"295":7,"297":1,"298":1,"303":1,"304":6,"305":6,"306":6,"308":3,"309":1,"310":1,"311":3,"312":1,"313":1,"314":1,"315":1,"316":1,"317":6,"330":1,"331":49,"332":49,"335":49,"336":11,"337":11,"338":7,"339":7,"341":4,"342":4,"345":49,"347":12,"348":1,"349":1,"351":12,"352":7,"353":7,"355":4,"356":4,"359":49,"360":4,"361":4,"364":49,"365":13,"366":9,"367":4,"368":13,"371":49,"372":1,"373":1,"376":49,"377":2,"378":2,"381":4,"382":49,"387":1,"388":23,"389":5,"390":5,"391":2,"392":2,"393":23,"394":23,"395":13,"396":13,"397":23,"398":2,"399":23,"404":1,"405":35,"406":13,"407":13,"408":25,"409":26,"410":26,"411":25,"412":13,"413":13,"414":22,"415":35,"420":1,"421":22,"422":8,"423":8,"424":14,"425":22,"430":1,"431":11,"432":1,"433":1,"435":10,"438":11,"439":2,"440":2,"442":11,"443":1,"444":1,"446":7,"447":7,"448":11,"449":1,"450":1,"452":6,"453":6,"454":11,"459":1,"460":4,"461":9,"462":1,"463":1,"464":8,"465":9,"466":4,"467":4,"472":1,"473":3,"474":2,"475":2,"476":3,"477":1,"482":1,"487":1,"488":2,"489":2},"branchMap":{"0":{"type":"branch","line":19,"loc":{"start":{"line":19,"column":9},"end":{"line":19,"column":48}},"locations":[{"start":{"line":19,"column":9},"end":{"line":19,"column":48}}]},"1":{"type":"branch","line":20,"loc":{"start":{"line":20,"column":13},"end":{"line":20,"column":58}},"locations":[{"start":{"line":20,"column":13},"end":{"line":20,"column":58}}]},"2":{"type":"branch","line":21,"loc":{"start":{"line":21,"column":10},"end":{"line":22,"column":57}},"locations":[{"start":{"line":21,"column":10},"end":{"line":22,"column":57}}]},"3":{"type":"branch","line":22,"loc":{"start":{"line":22,"column":21},"end":{"line":22,"column":57}},"locations":[{"start":{"line":22,"column":21},"end":{"line":22,"column":57}}]},"4":{"type":"branch","line":30,"loc":{"start":{"line":30,"column":9},"end":{"line":30,"column":46}},"locations":[{"start":{"line":30,"column":9},"end":{"line":30,"column":46}}]},"5":{"type":"branch","line":31,"loc":{"start":{"line":31,"column":13},"end":{"line":31,"column":46}},"locations":[{"start":{"line":31,"column":13},"end":{"line":31,"column":46}}]},"6":{"type":"branch","line":32,"loc":{"start":{"line":32,"column":10},"end":{"line":33,"column":58}},"locations":[{"start":{"line":32,"column":10},"end":{"line":33,"column":58}}]},"7":{"type":"branch","line":43,"loc":{"start":{"line":43,"column":9},"end":{"line":54,"column":4}},"locations":[{"start":{"line":43,"column":9},"end":{"line":54,"column":4}}]},"8":{"type":"branch","line":47,"loc":{"start":{"line":47,"column":19},"end":{"line":47,"column":76}},"locations":[{"start":{"line":47,"column":19},"end":{"line":47,"column":76}}]},"9":{"type":"branch","line":51,"loc":{"start":{"line":51,"column":4},"end":{"line":53,"column":5}},"locations":[{"start":{"line":51,"column":4},"end":{"line":53,"column":5}}]},"10":{"type":"branch","line":47,"loc":{"start":{"line":47,"column":33},"end":{"line":47,"column":76}},"locations":[{"start":{"line":47,"column":33},"end":{"line":47,"column":76}}]},"11":{"type":"branch","line":56,"loc":{"start":{"line":56,"column":10},"end":{"line":57,"column":59}},"locations":[{"start":{"line":56,"column":10},"end":{"line":57,"column":59}}]},"12":{"type":"branch","line":57,"loc":{"start":{"line":57,"column":21},"end":{"line":57,"column":59}},"locations":[{"start":{"line":57,"column":21},"end":{"line":57,"column":59}}]},"13":{"type":"branch","line":65,"loc":{"start":{"line":65,"column":9},"end":{"line":68,"column":4}},"locations":[{"start":{"line":65,"column":9},"end":{"line":68,"column":4}}]},"14":{"type":"branch","line":69,"loc":{"start":{"line":69,"column":13},"end":{"line":69,"column":47}},"locations":[{"start":{"line":69,"column":13},"end":{"line":69,"column":47}}]},"15":{"type":"branch","line":70,"loc":{"start":{"line":70,"column":10},"end":{"line":70,"column":75}},"locations":[{"start":{"line":70,"column":10},"end":{"line":70,"column":75}}]},"16":{"type":"branch","line":92,"loc":{"start":{"line":92,"column":9},"end":{"line":92,"column":63}},"locations":[{"start":{"line":92,"column":9},"end":{"line":92,"column":63}}]},"17":{"type":"branch","line":93,"loc":{"start":{"line":93,"column":13},"end":{"line":98,"column":4}},"locations":[{"start":{"line":93,"column":13},"end":{"line":98,"column":4}}]},"18":{"type":"branch","line":99,"loc":{"start":{"line":99,"column":10},"end":{"line":110,"column":4}},"locations":[{"start":{"line":99,"column":10},"end":{"line":110,"column":4}}]},"19":{"type":"branch","line":100,"loc":{"start":{"line":100,"column":34},"end":{"line":100,"column":47}},"locations":[{"start":{"line":100,"column":34},"end":{"line":100,"column":47}}]},"20":{"type":"branch","line":100,"loc":{"start":{"line":100,"column":41},"end":{"line":103,"column":34}},"locations":[{"start":{"line":100,"column":41},"end":{"line":103,"column":34}}]},"21":{"type":"branch","line":103,"loc":{"start":{"line":103,"column":30},"end":{"line":104,"column":36}},"locations":[{"start":{"line":103,"column":30},"end":{"line":104,"column":36}}]},"22":{"type":"branch","line":104,"loc":{"start":{"line":104,"column":32},"end":{"line":105,"column":36}},"locations":[{"start":{"line":104,"column":32},"end":{"line":105,"column":36}}]},"23":{"type":"branch","line":105,"loc":{"start":{"line":105,"column":32},"end":{"line":106,"column":41}},"locations":[{"start":{"line":105,"column":32},"end":{"line":106,"column":41}}]},"24":{"type":"branch","line":106,"loc":{"start":{"line":106,"column":37},"end":{"line":108,"column":97}},"locations":[{"start":{"line":106,"column":37},"end":{"line":108,"column":97}}]},"25":{"type":"branch","line":108,"loc":{"start":{"line":108,"column":35},"end":{"line":108,"column":72}},"locations":[{"start":{"line":108,"column":35},"end":{"line":108,"column":72}}]},"26":{"type":"branch","line":108,"loc":{"start":{"line":108,"column":67},"end":{"line":108,"column":97}},"locations":[{"start":{"line":108,"column":67},"end":{"line":108,"column":97}}]},"27":{"type":"branch","line":124,"loc":{"start":{"line":124,"column":9},"end":{"line":124,"column":44}},"locations":[{"start":{"line":124,"column":9},"end":{"line":124,"column":44}}]},"28":{"type":"branch","line":125,"loc":{"start":{"line":125,"column":13},"end":{"line":133,"column":4}},"locations":[{"start":{"line":125,"column":13},"end":{"line":133,"column":4}}]},"29":{"type":"branch","line":134,"loc":{"start":{"line":134,"column":10},"end":{"line":145,"column":4}},"locations":[{"start":{"line":134,"column":10},"end":{"line":145,"column":4}}]},"30":{"type":"branch","line":135,"loc":{"start":{"line":135,"column":34},"end":{"line":135,"column":47}},"locations":[{"start":{"line":135,"column":34},"end":{"line":135,"column":47}}]},"31":{"type":"branch","line":135,"loc":{"start":{"line":135,"column":41},"end":{"line":138,"column":34}},"locations":[{"start":{"line":135,"column":41},"end":{"line":138,"column":34}}]},"32":{"type":"branch","line":138,"loc":{"start":{"line":138,"column":30},"end":{"line":139,"column":36}},"locations":[{"start":{"line":138,"column":30},"end":{"line":139,"column":36}}]},"33":{"type":"branch","line":139,"loc":{"start":{"line":139,"column":32},"end":{"line":140,"column":36}},"locations":[{"start":{"line":139,"column":32},"end":{"line":140,"column":36}}]},"34":{"type":"branch","line":140,"loc":{"start":{"line":140,"column":32},"end":{"line":141,"column":39}},"locations":[{"start":{"line":140,"column":32},"end":{"line":141,"column":39}}]},"35":{"type":"branch","line":143,"loc":{"start":{"line":143,"column":33},"end":{"line":143,"column":70}},"locations":[{"start":{"line":143,"column":33},"end":{"line":143,"column":70}}]},"36":{"type":"branch","line":143,"loc":{"start":{"line":143,"column":65},"end":{"line":143,"column":95}},"locations":[{"start":{"line":143,"column":65},"end":{"line":143,"column":95}}]},"37":{"type":"branch","line":144,"loc":{"start":{"line":144,"column":12},"end":{"line":144,"column":38}},"locations":[{"start":{"line":144,"column":12},"end":{"line":144,"column":38}}]},"38":{"type":"branch","line":159,"loc":{"start":{"line":159,"column":9},"end":{"line":159,"column":44}},"locations":[{"start":{"line":159,"column":9},"end":{"line":159,"column":44}}]},"39":{"type":"branch","line":160,"loc":{"start":{"line":160,"column":13},"end":{"line":168,"column":4}},"locations":[{"start":{"line":160,"column":13},"end":{"line":168,"column":4}}]},"40":{"type":"branch","line":181,"loc":{"start":{"line":181,"column":9},"end":{"line":181,"column":66}},"locations":[{"start":{"line":181,"column":9},"end":{"line":181,"column":66}}]},"41":{"type":"branch","line":182,"loc":{"start":{"line":182,"column":13},"end":{"line":187,"column":4}},"locations":[{"start":{"line":182,"column":13},"end":{"line":187,"column":4}}]},"42":{"type":"branch","line":188,"loc":{"start":{"line":188,"column":10},"end":{"line":194,"column":4}},"locations":[{"start":{"line":188,"column":10},"end":{"line":194,"column":4}}]},"43":{"type":"branch","line":189,"loc":{"start":{"line":189,"column":34},"end":{"line":189,"column":47}},"locations":[{"start":{"line":189,"column":34},"end":{"line":189,"column":47}}]},"44":{"type":"branch","line":189,"loc":{"start":{"line":189,"column":41},"end":{"line":192,"column":41}},"locations":[{"start":{"line":189,"column":41},"end":{"line":192,"column":41}}]},"45":{"type":"branch","line":192,"loc":{"start":{"line":192,"column":33},"end":{"line":192,"column":70}},"locations":[{"start":{"line":192,"column":33},"end":{"line":192,"column":70}}]},"46":{"type":"branch","line":192,"loc":{"start":{"line":192,"column":65},"end":{"line":192,"column":94}},"locations":[{"start":{"line":192,"column":65},"end":{"line":192,"column":94}}]},"47":{"type":"branch","line":202,"loc":{"start":{"line":202,"column":9},"end":{"line":202,"column":56}},"locations":[{"start":{"line":202,"column":9},"end":{"line":202,"column":56}}]},"48":{"type":"branch","line":203,"loc":{"start":{"line":203,"column":13},"end":{"line":203,"column":54}},"locations":[{"start":{"line":203,"column":13},"end":{"line":203,"column":54}}]},"49":{"type":"branch","line":204,"loc":{"start":{"line":204,"column":10},"end":{"line":205,"column":76}},"locations":[{"start":{"line":204,"column":10},"end":{"line":205,"column":76}}]},"50":{"type":"branch","line":205,"loc":{"start":{"line":205,"column":43},"end":{"line":205,"column":76}},"locations":[{"start":{"line":205,"column":43},"end":{"line":205,"column":76}}]},"51":{"type":"branch","line":212,"loc":{"start":{"line":212,"column":19},"end":{"line":213,"column":65}},"locations":[{"start":{"line":212,"column":19},"end":{"line":213,"column":65}}]},"52":{"type":"branch","line":215,"loc":{"start":{"line":215,"column":2},"end":{"line":217,"column":3}},"locations":[{"start":{"line":215,"column":2},"end":{"line":217,"column":3}}]},"53":{"type":"branch","line":219,"loc":{"start":{"line":219,"column":10},"end":{"line":236,"column":3}},"locations":[{"start":{"line":219,"column":10},"end":{"line":236,"column":3}}]},"54":{"type":"branch","line":233,"loc":{"start":{"line":233,"column":33},"end":{"line":235,"column":5}},"locations":[{"start":{"line":233,"column":33},"end":{"line":235,"column":5}}]},"55":{"type":"branch","line":241,"loc":{"start":{"line":241,"column":2},"end":{"line":247,"column":3}},"locations":[{"start":{"line":241,"column":2},"end":{"line":247,"column":3}}]},"56":{"type":"branch","line":244,"loc":{"start":{"line":244,"column":38},"end":{"line":246,"column":5}},"locations":[{"start":{"line":244,"column":38},"end":{"line":246,"column":5}}]},"57":{"type":"branch","line":252,"loc":{"start":{"line":252,"column":2},"end":{"line":254,"column":3}},"locations":[{"start":{"line":252,"column":2},"end":{"line":254,"column":3}}]},"58":{"type":"branch","line":253,"loc":{"start":{"line":253,"column":55},"end":{"line":253,"column":87}},"locations":[{"start":{"line":253,"column":55},"end":{"line":253,"column":87}}]},"59":{"type":"branch","line":260,"loc":{"start":{"line":260,"column":2},"end":{"line":283,"column":3}},"locations":[{"start":{"line":260,"column":2},"end":{"line":283,"column":3}}]},"60":{"type":"branch","line":261,"loc":{"start":{"line":261,"column":18},"end":{"line":264,"column":5}},"locations":[{"start":{"line":261,"column":18},"end":{"line":264,"column":5}}]},"61":{"type":"branch","line":263,"loc":{"start":{"line":263,"column":13},"end":{"line":263,"column":55}},"locations":[{"start":{"line":263,"column":13},"end":{"line":263,"column":55}}]},"62":{"type":"branch","line":263,"loc":{"start":{"line":263,"column":37},"end":{"line":263,"column":61}},"locations":[{"start":{"line":263,"column":37},"end":{"line":263,"column":61}}]},"63":{"type":"branch","line":264,"loc":{"start":{"line":264,"column":4},"end":{"line":266,"column":31}},"locations":[{"start":{"line":264,"column":4},"end":{"line":266,"column":31}}]},"64":{"type":"branch","line":266,"loc":{"start":{"line":266,"column":31},"end":{"line":268,"column":5}},"locations":[{"start":{"line":266,"column":31},"end":{"line":268,"column":5}}]},"65":{"type":"branch","line":268,"loc":{"start":{"line":268,"column":4},"end":{"line":274,"column":14}},"locations":[{"start":{"line":268,"column":4},"end":{"line":274,"column":14}}]},"66":{"type":"branch","line":274,"loc":{"start":{"line":274,"column":14},"end":{"line":280,"column":5}},"locations":[{"start":{"line":274,"column":14},"end":{"line":280,"column":5}}]},"67":{"type":"branch","line":276,"loc":{"start":{"line":276,"column":36},"end":{"line":278,"column":7}},"locations":[{"start":{"line":276,"column":36},"end":{"line":278,"column":7}}]},"68":{"type":"branch","line":278,"loc":{"start":{"line":278,"column":6},"end":{"line":280,"column":5}},"locations":[{"start":{"line":278,"column":6},"end":{"line":280,"column":5}}]},"69":{"type":"branch","line":280,"loc":{"start":{"line":280,"column":4},"end":{"line":282,"column":17}},"locations":[{"start":{"line":280,"column":4},"end":{"line":282,"column":17}}]},"70":{"type":"branch","line":288,"loc":{"start":{"line":288,"column":10},"end":{"line":299,"column":3}},"locations":[{"start":{"line":288,"column":10},"end":{"line":299,"column":3}}]},"71":{"type":"branch","line":291,"loc":{"start":{"line":291,"column":22},"end":{"line":296,"column":6}},"locations":[{"start":{"line":291,"column":22},"end":{"line":296,"column":6}}]},"72":{"type":"branch","line":292,"loc":{"start":{"line":292,"column":31},"end":{"line":294,"column":7}},"locations":[{"start":{"line":292,"column":31},"end":{"line":294,"column":7}}]},"73":{"type":"branch","line":294,"loc":{"start":{"line":294,"column":6},"end":{"line":295,"column":38}},"locations":[{"start":{"line":294,"column":6},"end":{"line":295,"column":38}}]},"74":{"type":"branch","line":304,"loc":{"start":{"line":304,"column":2},"end":{"line":318,"column":3}},"locations":[{"start":{"line":304,"column":2},"end":{"line":318,"column":3}}]},"75":{"type":"branch","line":305,"loc":{"start":{"line":305,"column":24},"end":{"line":305,"column":38}},"locations":[{"start":{"line":305,"column":24},"end":{"line":305,"column":38}}]},"76":{"type":"branch","line":305,"loc":{"start":{"line":305,"column":31},"end":{"line":306,"column":36}},"locations":[{"start":{"line":305,"column":31},"end":{"line":306,"column":36}}]},"77":{"type":"branch","line":306,"loc":{"start":{"line":306,"column":29},"end":{"line":306,"column":48}},"locations":[{"start":{"line":306,"column":29},"end":{"line":306,"column":48}}]},"78":{"type":"branch","line":306,"loc":{"start":{"line":306,"column":36},"end":{"line":307,"column":31}},"locations":[{"start":{"line":306,"column":36},"end":{"line":307,"column":31}}]},"79":{"type":"branch","line":307,"loc":{"start":{"line":307,"column":31},"end":{"line":316,"column":5}},"locations":[{"start":{"line":307,"column":31},"end":{"line":316,"column":5}}]},"80":{"type":"branch","line":309,"loc":{"start":{"line":309,"column":34},"end":{"line":311,"column":7}},"locations":[{"start":{"line":309,"column":34},"end":{"line":311,"column":7}}]},"81":{"type":"branch","line":311,"loc":{"start":{"line":311,"column":6},"end":{"line":312,"column":34}},"locations":[{"start":{"line":311,"column":6},"end":{"line":312,"column":34}}]},"82":{"type":"branch","line":312,"loc":{"start":{"line":312,"column":34},"end":{"line":316,"column":5}},"locations":[{"start":{"line":312,"column":34},"end":{"line":316,"column":5}}]},"83":{"type":"branch","line":316,"loc":{"start":{"line":316,"column":4},"end":{"line":317,"column":25}},"locations":[{"start":{"line":316,"column":4},"end":{"line":317,"column":25}}]},"84":{"type":"branch","line":331,"loc":{"start":{"line":331,"column":2},"end":{"line":383,"column":3}},"locations":[{"start":{"line":331,"column":2},"end":{"line":383,"column":3}}]},"85":{"type":"branch","line":332,"loc":{"start":{"line":332,"column":24},"end":{"line":332,"column":38}},"locations":[{"start":{"line":332,"column":24},"end":{"line":332,"column":38}}]},"86":{"type":"branch","line":332,"loc":{"start":{"line":332,"column":31},"end":{"line":333,"column":36}},"locations":[{"start":{"line":332,"column":31},"end":{"line":333,"column":36}}]},"87":{"type":"branch","line":333,"loc":{"start":{"line":333,"column":29},"end":{"line":333,"column":48}},"locations":[{"start":{"line":333,"column":29},"end":{"line":333,"column":48}}]},"88":{"type":"branch","line":333,"loc":{"start":{"line":333,"column":36},"end":{"line":336,"column":24}},"locations":[{"start":{"line":333,"column":36},"end":{"line":336,"column":24}}]},"89":{"type":"branch","line":336,"loc":{"start":{"line":336,"column":8},"end":{"line":336,"column":46}},"locations":[{"start":{"line":336,"column":8},"end":{"line":336,"column":46}}]},"90":{"type":"branch","line":336,"loc":{"start":{"line":336,"column":46},"end":{"line":343,"column":5}},"locations":[{"start":{"line":336,"column":46},"end":{"line":343,"column":5}}]},"91":{"type":"branch","line":338,"loc":{"start":{"line":338,"column":27},"end":{"line":340,"column":7}},"locations":[{"start":{"line":338,"column":27},"end":{"line":340,"column":7}}]},"92":{"type":"branch","line":340,"loc":{"start":{"line":340,"column":6},"end":{"line":343,"column":5}},"locations":[{"start":{"line":340,"column":6},"end":{"line":343,"column":5}}]},"93":{"type":"branch","line":343,"loc":{"start":{"line":343,"column":4},"end":{"line":346,"column":31}},"locations":[{"start":{"line":343,"column":4},"end":{"line":346,"column":31}}]},"94":{"type":"branch","line":346,"loc":{"start":{"line":346,"column":31},"end":{"line":357,"column":5}},"locations":[{"start":{"line":346,"column":31},"end":{"line":357,"column":5}}]},"95":{"type":"branch","line":348,"loc":{"start":{"line":348,"column":34},"end":{"line":350,"column":7}},"locations":[{"start":{"line":348,"column":34},"end":{"line":350,"column":7}}]},"96":{"type":"branch","line":350,"loc":{"start":{"line":350,"column":6},"end":{"line":352,"column":34}},"locations":[{"start":{"line":350,"column":6},"end":{"line":352,"column":34}}]},"97":{"type":"branch","line":352,"loc":{"start":{"line":352,"column":34},"end":{"line":354,"column":7}},"locations":[{"start":{"line":352,"column":34},"end":{"line":354,"column":7}}]},"98":{"type":"branch","line":354,"loc":{"start":{"line":354,"column":6},"end":{"line":357,"column":5}},"locations":[{"start":{"line":354,"column":6},"end":{"line":357,"column":5}}]},"99":{"type":"branch","line":357,"loc":{"start":{"line":357,"column":4},"end":{"line":360,"column":36}},"locations":[{"start":{"line":357,"column":4},"end":{"line":360,"column":36}}]},"100":{"type":"branch","line":360,"loc":{"start":{"line":360,"column":36},"end":{"line":362,"column":5}},"locations":[{"start":{"line":360,"column":36},"end":{"line":362,"column":5}}]},"101":{"type":"branch","line":362,"loc":{"start":{"line":362,"column":4},"end":{"line":365,"column":35}},"locations":[{"start":{"line":362,"column":4},"end":{"line":365,"column":35}}]},"102":{"type":"branch","line":365,"loc":{"start":{"line":365,"column":35},"end":{"line":369,"column":5}},"locations":[{"start":{"line":365,"column":35},"end":{"line":369,"column":5}}]},"103":{"type":"branch","line":366,"loc":{"start":{"line":366,"column":35},"end":{"line":367,"column":42}},"locations":[{"start":{"line":366,"column":35},"end":{"line":367,"column":42}}]},"104":{"type":"branch","line":367,"loc":{"start":{"line":367,"column":37},"end":{"line":368,"column":45}},"locations":[{"start":{"line":367,"column":37},"end":{"line":368,"column":45}}]},"105":{"type":"branch","line":369,"loc":{"start":{"line":369,"column":4},"end":{"line":372,"column":35}},"locations":[{"start":{"line":369,"column":4},"end":{"line":372,"column":35}}]},"106":{"type":"branch","line":372,"loc":{"start":{"line":372,"column":35},"end":{"line":374,"column":5}},"locations":[{"start":{"line":372,"column":35},"end":{"line":374,"column":5}}]},"107":{"type":"branch","line":374,"loc":{"start":{"line":374,"column":4},"end":{"line":377,"column":37}},"locations":[{"start":{"line":374,"column":4},"end":{"line":377,"column":37}}]},"108":{"type":"branch","line":377,"loc":{"start":{"line":377,"column":25},"end":{"line":377,"column":53}},"locations":[{"start":{"line":377,"column":25},"end":{"line":377,"column":53}}]},"109":{"type":"branch","line":377,"loc":{"start":{"line":377,"column":53},"end":{"line":379,"column":5}},"locations":[{"start":{"line":377,"column":53},"end":{"line":379,"column":5}}]},"110":{"type":"branch","line":379,"loc":{"start":{"line":379,"column":4},"end":{"line":382,"column":25}},"locations":[{"start":{"line":379,"column":4},"end":{"line":382,"column":25}}]},"111":{"type":"branch","line":388,"loc":{"start":{"line":388,"column":10},"end":{"line":400,"column":3}},"locations":[{"start":{"line":388,"column":10},"end":{"line":400,"column":3}}]},"112":{"type":"branch","line":389,"loc":{"start":{"line":389,"column":31},"end":{"line":393,"column":5}},"locations":[{"start":{"line":389,"column":31},"end":{"line":393,"column":5}}]},"113":{"type":"branch","line":390,"loc":{"start":{"line":390,"column":34},"end":{"line":390,"column":45}},"locations":[{"start":{"line":390,"column":34},"end":{"line":390,"column":45}}]},"114":{"type":"branch","line":390,"loc":{"start":{"line":390,"column":41},"end":{"line":391,"column":41}},"locations":[{"start":{"line":390,"column":41},"end":{"line":391,"column":41}}]},"115":{"type":"branch","line":391,"loc":{"start":{"line":391,"column":34},"end":{"line":391,"column":45}}
[...]
1},"end":{"line":393,"column":5}},"locations":[{"start":{"line":391,"column":41},"end":{"line":393,"column":5}}]},"117":{"type":"branch","line":393,"loc":{"start":{"line":393,"column":4},"end":{"line":394,"column":43}},"locations":[{"start":{"line":393,"column":4},"end":{"line":394,"column":43}}]},"118":{"type":"branch","line":394,"loc":{"start":{"line":394,"column":36},"end":{"line":394,"column":47}},"locations":[{"start":{"line":394,"column":36},"end":{"line":394,"column":47}}]},"119":{"type":"branch","line":394,"loc":{"start":{"line":394,"column":43},"end":{"line":395,"column":35}},"locations":[{"start":{"line":394,"column":43},"end":{"line":395,"column":35}}]},"120":{"type":"branch","line":395,"loc":{"start":{"line":395,"column":35},"end":{"line":397,"column":5}},"locations":[{"start":{"line":395,"column":35},"end":{"line":397,"column":5}}]},"121":{"type":"branch","line":396,"loc":{"start":{"line":396,"column":35},"end":{"line":396,"column":45}},"locations":[{"start":{"line":396,"column":35},"end":{"line":396,"column":45}}]},"122":{"type":"branch","line":396,"loc":{"start":{"line":396,"column":39},"end":{"line":396,"column":49}},"locations":[{"start":{"line":396,"column":39},"end":{"line":396,"column":49}}]},"123":{"type":"branch","line":397,"loc":{"start":{"line":397,"column":4},"end":{"line":398,"column":42}},"locations":[{"start":{"line":397,"column":4},"end":{"line":398,"column":42}}]},"124":{"type":"branch","line":398,"loc":{"start":{"line":398,"column":35},"end":{"line":398,"column":46}},"locations":[{"start":{"line":398,"column":35},"end":{"line":398,"column":46}}]},"125":{"type":"branch","line":398,"loc":{"start":{"line":398,"column":42},"end":{"line":399,"column":43}},"locations":[{"start":{"line":398,"column":42},"end":{"line":399,"column":43}}]},"126":{"type":"branch","line":405,"loc":{"start":{"line":405,"column":10},"end":{"line":416,"column":3}},"locations":[{"start":{"line":405,"column":10},"end":{"line":416,"column":3}}]},"127":{"type":"branch","line":406,"loc":{"start":{"line":406,"column":30},"end":{"line":414,"column":5}},"locations":[{"start":{"line":406,"column":30},"end":{"line":414,"column":5}}]},"128":{"type":"branch","line":408,"loc":{"start":{"line":408,"column":32},"end":{"line":412,"column":7}},"locations":[{"start":{"line":408,"column":32},"end":{"line":412,"column":7}}]},"129":{"type":"branch","line":409,"loc":{"start":{"line":409,"column":53},"end":{"line":411,"column":9}},"locations":[{"start":{"line":409,"column":53},"end":{"line":411,"column":9}}]},"130":{"type":"branch","line":414,"loc":{"start":{"line":414,"column":4},"end":{"line":415,"column":54}},"locations":[{"start":{"line":414,"column":4},"end":{"line":415,"column":54}}]},"131":{"type":"branch","line":421,"loc":{"start":{"line":421,"column":10},"end":{"line":426,"column":3}},"locations":[{"start":{"line":421,"column":10},"end":{"line":426,"column":3}}]},"132":{"type":"branch","line":422,"loc":{"start":{"line":422,"column":30},"end":{"line":424,"column":5}},"locations":[{"start":{"line":422,"column":30},"end":{"line":424,"column":5}}]},"133":{"type":"branch","line":424,"loc":{"start":{"line":424,"column":4},"end":{"line":425,"column":42}},"locations":[{"start":{"line":424,"column":4},"end":{"line":425,"column":42}}]},"134":{"type":"branch","line":423,"loc":{"start":{"line":423,"column":23},"end":{"line":423,"column":63}},"locations":[{"start":{"line":423,"column":23},"end":{"line":423,"column":63}}]},"135":{"type":"branch","line":431,"loc":{"start":{"line":431,"column":10},"end":{"line":455,"column":3}},"locations":[{"start":{"line":431,"column":10},"end":{"line":455,"column":3}}]},"136":{"type":"branch","line":432,"loc":{"start":{"line":432,"column":28},"end":{"line":434,"column":5}},"locations":[{"start":{"line":432,"column":28},"end":{"line":434,"column":5}}]},"137":{"type":"branch","line":434,"loc":{"start":{"line":434,"column":4},"end":{"line":439,"column":29}},"locations":[{"start":{"line":434,"column":4},"end":{"line":439,"column":29}}]},"138":{"type":"branch","line":439,"loc":{"start":{"line":439,"column":29},"end":{"line":441,"column":5}},"locations":[{"start":{"line":439,"column":29},"end":{"line":441,"column":5}}]},"139":{"type":"branch","line":441,"loc":{"start":{"line":441,"column":4},"end":{"line":443,"column":30}},"locations":[{"start":{"line":441,"column":4},"end":{"line":443,"column":30}}]},"140":{"type":"branch","line":443,"loc":{"start":{"line":443,"column":30},"end":{"line":445,"column":5}},"locations":[{"start":{"line":443,"column":30},"end":{"line":445,"column":5}}]},"141":{"type":"branch","line":445,"loc":{"start":{"line":445,"column":4},"end":{"line":449,"column":15}},"locations":[{"start":{"line":445,"column":4},"end":{"line":449,"column":15}}]},"142":{"type":"branch","line":449,"loc":{"start":{"line":449,"column":15},"end":{"line":451,"column":5}},"locations":[{"start":{"line":449,"column":15},"end":{"line":451,"column":5}}]},"143":{"type":"branch","line":451,"loc":{"start":{"line":451,"column":4},"end":{"line":454,"column":56}},"locations":[{"start":{"line":451,"column":4},"end":{"line":454,"column":56}}]},"144":{"type":"branch","line":460,"loc":{"start":{"line":460,"column":10},"end":{"line":468,"column":3}},"locations":[{"start":{"line":460,"column":10},"end":{"line":468,"column":3}}]},"145":{"type":"branch","line":461,"loc":{"start":{"line":461,"column":26},"end":{"line":466,"column":6}},"locations":[{"start":{"line":461,"column":26},"end":{"line":466,"column":6}}]},"146":{"type":"branch","line":462,"loc":{"start":{"line":462,"column":31},"end":{"line":464,"column":7}},"locations":[{"start":{"line":462,"column":31},"end":{"line":464,"column":7}}]},"147":{"type":"branch","line":464,"loc":{"start":{"line":464,"column":6},"end":{"line":465,"column":49}},"locations":[{"start":{"line":464,"column":6},"end":{"line":465,"column":49}}]},"148":{"type":"branch","line":473,"loc":{"start":{"line":473,"column":2},"end":{"line":477,"column":3}},"locations":[{"start":{"line":473,"column":2},"end":{"line":477,"column":3}}]},"149":{"type":"branch","line":474,"loc":{"start":{"line":474,"column":31},"end":{"line":474,"column":44}},"locations":[{"start":{"line":474,"column":31},"end":{"line":474,"column":44}}]},"150":{"type":"branch","line":474,"loc":{"start":{"line":474,"column":38},"end":{"line":476,"column":40}},"locations":[{"start":{"line":474,"column":38},"end":{"line":476,"column":40}}]},"151":{"type":"branch","line":488,"loc":{"start":{"line":488,"column":7},"end":{"line":490,"column":1}},"locations":[{"start":{"line":488,"column":7},"end":{"line":490,"column":1}}]}},"b":{"0":[18],"1":[16],"2":[3],"3":[2],"4":[2],"5":[4],"6":[2],"7":[8],"8":[7],"9":[1],"10":[7],"11":[3],"12":[2],"13":[5],"14":[6],"15":[2],"16":[4],"17":[9],"18":[19],"19":[1],"20":[18],"21":[11],"22":[11],"23":[11],"24":[11],"25":[1],"26":[1],"27":[3],"28":[7],"29":[4],"30":[1],"31":[3],"32":[2],"33":[2],"34":[2],"35":[1],"36":[1],"37":[1],"38":[2],"39":[1],"40":[1],"41":[4],"42":[21],"43":[1],"44":[20],"45":[4],"46":[4],"47":[1],"48":[2],"49":[2],"50":[1],"51":[5],"52":[5],"53":[5],"54":[50],"55":[50],"56":[100],"57":[65],"58":[6],"59":[47],"60":[2],"61":[1],"62":[1],"63":[45],"64":[5],"65":[40],"66":[38],"67":[1],"68":[37],"69":[2],"70":[1],"71":[7],"72":[3],"73":[4],"74":[6],"75":[1],"76":[5],"77":[1],"78":[4],"79":[3],"80":[1],"81":[2],"82":[1],"83":[1],"84":[49],"85":[1],"86":[48],"87":[1],"88":[47],"89":[11],"90":[11],"91":[7],"92":[4],"93":[36],"94":[12],"95":[1],"96":[11],"97":[7],"98":[4],"99":[24],"100":[4],"101":[20],"102":[13],"103":[9],"104":[4],"105":[7],"106":[1],"107":[6],"108":[2],"109":[2],"110":[4],"111":[23],"112":[5],"113":[2],"114":[3],"115":[1],"116":[2],"117":[18],"118":[2],"119":[16],"120":[13],"121":[12],"122":[1],"123":[3],"124":[1],"125":[2],"126":[35],"127":[13],"128":[25],"129":[26],"130":[22],"131":[22],"132":[8],"133":[14],"134":[16],"135":[11],"136":[1],"137":[10],"138":[2],"139":[8],"140":[1],"141":[7],"142":[1],"143":[6],"144":[4],"145":[9],"146":[1],"147":[8],"148":[3],"149":[1],"150":[2],"151":[2]},"fnMap":{"0":{"name":"parse","decl":{"start":{"line":19,"column":9},"end":{"line":19,"column":48}},"loc":{"start":{"line":19,"column":9},"end":{"line":19,"column":48}},"line":19},"1":{"name":"serialize","decl":{"start":{"line":20,"column":13},"end":{"line":20,"column":58}},"loc":{"start":{"line":20,"column":13},"end":{"line":20,"column":58}},"line":20},"2":{"name":"isType","decl":{"start":{"line":21,"column":10},"end":{"line":22,"column":57}},"loc":{"start":{"line":21,"column":10},"end":{"line":22,"column":57}},"line":21},"3":{"name":"parse","decl":{"start":{"line":30,"column":9},"end":{"line":30,"column":46}},"loc":{"start":{"line":30,"column":9},"end":{"line":30,"column":46}},"line":30},"4":{"name":"serialize","decl":{"start":{"line":31,"column":13},"end":{"line":31,"column":46}},"loc":{"start":{"line":31,"column":13},"end":{"line":31,"column":46}},"line":31},"5":{"name":"isType","decl":{"start":{"line":32,"column":10},"end":{"line":33,"column":58}},"loc":{"start":{"line":32,"column":10},"end":{"line":33,"column":58}},"line":32},"6":{"name":"parse","decl":{"start":{"line":43,"column":9},"end":{"line":54,"column":4}},"loc":{"start":{"line":43,"column":9},"end":{"line":54,"column":4}},"line":43},"7":{"name":"serialize","decl":{"start":{"line":55,"column":13},"end":{"line":55,"column":55}},"loc":{"start":{"line":55,"column":13},"end":{"line":55,"column":55}},"line":55},"8":{"name":"isType","decl":{"start":{"line":56,"column":10},"end":{"line":57,"column":59}},"loc":{"start":{"line":56,"column":10},"end":{"line":57,"column":59}},"line":56},"9":{"name":"parse","decl":{"start":{"line":65,"column":9},"end":{"line":68,"column":4}},"loc":{"start":{"line":65,"column":9},"end":{"line":68,"column":4}},"line":65},"10":{"name":"serialize","decl":{"start":{"line":69,"column":13},"end":{"line":69,"column":47}},"loc":{"start":{"line":69,"column":13},"end":{"line":69,"column":47}},"line":69},"11":{"name":"isType","decl":{"start":{"line":70,"column":10},"end":{"line":70,"column":75}},"loc":{"start":{"line":70,"column":10},"end":{"line":70,"column":75}},"line":70},"12":{"name":"parse","decl":{"start":{"line":78,"column":9},"end":{"line":78,"column":34}},"loc":{"start":{"line":78,"column":9},"end":{"line":78,"column":34}},"line":78},"13":{"name":"serialize","decl":{"start":{"line":79,"column":13},"end":{"line":79,"column":38}},"loc":{"start":{"line":79,"column":13},"end":{"line":79,"column":38}},"line":79},"14":{"name":"isType","decl":{"start":{"line":80,"column":10},"end":{"line":80,"column":73}},"loc":{"start":{"line":80,"column":10},"end":{"line":80,"column":73}},"line":80},"15":{"name":"parse","decl":{"start":{"line":92,"column":9},"end":{"line":92,"column":63}},"loc":{"start":{"line":92,"column":9},"end":{"line":92,"column":63}},"line":92},"16":{"name":"serialize","decl":{"start":{"line":93,"column":13},"end":{"line":98,"column":4}},"loc":{"start":{"line":93,"column":13},"end":{"line":98,"column":4}},"line":93},"17":{"name":"isType","decl":{"start":{"line":99,"column":10},"end":{"line":110,"column":4}},"loc":{"start":{"line":99,"column":10},"end":{"line":110,"column":4}},"line":99},"18":{"name":"parse","decl":{"start":{"line":124,"column":9},"end":{"line":124,"column":44}},"loc":{"start":{"line":124,"column":9},"end":{"line":124,"column":44}},"line":124},"19":{"name":"serialize","decl":{"start":{"line":125,"column":13},"end":{"line":133,"column":4}},"loc":{"start":{"line":125,"column":13},"end":{"line":133,"column":4}},"line":125},"20":{"name":"isType","decl":{"start":{"line":134,"column":10},"end":{"line":145,"column":4}},"loc":{"start":{"line":134,"column":10},"end":{"line":145,"column":4}},"line":134},"21":{"name":"parse","decl":{"start":{"line":159,"column":9},"end":{"line":159,"column":44}},"loc":{"start":{"line":159,"column":9},"end":{"line":159,"column":44}},"line":159},"22":{"name":"serialize","decl":{"start":{"line":160,"column":13},"end":{"line":168,"column":4}},"loc":{"start":{"line":160,"column":13},"end":{"line":168,"column":4}},"line":160},"23":{"name":"isType","decl":{"start":{"line":169,"column":10},"end":{"line":169,"column":76}},"loc":{"start":{"line":169,"column":10},"end":{"line":169,"column":76}},"line":169},"24":{"name":"parse","decl":{"start":{"line":181,"column":9},"end":{"line":181,"column":66}},"loc":{"start":{"line":181,"column":9},"end":{"line":181,"column":66}},"line":181},"25":{"name":"serialize","decl":{"start":{"line":182,"column":13},"end":{"line":187,"column":4}},"loc":{"start":{"line":182,"column":13},"end":{"line":187,"column":4}},"line":182},"26":{"name":"isType","decl":{"start":{"line":188,"column":10},"end":{"line":194,"column":4}},"loc":{"start":{"line":188,"column":10},"end":{"line":194,"column":4}},"line":188},"27":{"name":"parse","decl":{"start":{"line":202,"column":9},"end":{"line":202,"column":56}},"loc":{"start":{"line":202,"column":9},"end":{"line":202,"column":56}},"line":202},"28":{"name":"serialize","decl":{"start":{"line":203,"column":13},"end":{"line":203,"column":54}},"loc":{"start":{"line":203,"column":13},"end":{"line":203,"column":54}},"line":203},"29":{"name":"isType","decl":{"start":{"line":204,"column":10},"end":{"line":205,"column":76}},"loc":{"start":{"line":204,"column":10},"end":{"line":205,"column":76}},"line":204},"30":{"name":"<instance_members_initializer>","decl":{"start":{"line":212,"column":19},"end":{"line":213,"column":65}},"loc":{"start":{"line":212,"column":19},"end":{"line":213,"column":65}},"line":212},"31":{"name":"TypeRegistry","decl":{"start":{"line":215,"column":2},"end":{"line":217,"column":3}},"loc":{"start":{"line":215,"column":2},"end":{"line":217,"column":3}},"line":215},"32":{"name":"registerBuiltins","decl":{"start":{"line":219,"column":10},"end":{"line":236,"column":3}},"loc":{"start":{"line":219,"column":10},"end":{"line":236,"column":3}},"line":219},"33":{"name":"register","decl":{"start":{"line":241,"column":2},"end":{"line":247,"column":3}},"loc":{"start":{"line":241,"column":2},"end":{"line":247,"column":3}},"line":241},"34":{"name":"get","decl":{"start":{"line":252,"column":2},"end":{"line":254,"column":3}},"loc":{"start":{"line":252,"column":2},"end":{"line":254,"column":3}},"line":252},"35":{"name":"fromText","decl":{"start":{"line":260,"column":2},"end":{"line":283,"column":3}},"loc":{"start":{"line":260,"column":2},"end":{"line":283,"column":3}},"line":260},"36":{"name":"parseTypedArray","decl":{"start":{"line":288,"column":10},"end":{"line":299,"column":3}},"loc":{"start":{"line":288,"column":10},"end":{"line":299,"column":3}},"line":288},"37":{"name":"applyType","decl":{"start":{"line":291,"column":22},"end":{"line":296,"column":6}},"loc":{"start":{"line":291,"column":22},"end":{"line":296,"column":6}},"line":291},"38":{"name":"asText","decl":{"start":{"line":304,"column":2},"end":{"line":318,"column":3}},"loc":{"start":{"line":304,"column":2},"end":{"line":318,"column":3}},"line":304},"39":{"name":"asTypedText","decl":{"start":{"line":331,"column":2},"end":{"line":383,"column":3}},"loc":{"start":{"line":331,"column":2},"end":{"line":383,"column":3}},"line":331},"40":{"name":"getTypeCodeForValue","decl":{"start":{"line":388,"column":10},"end":{"line":400,"column":3}},"loc":{"start":{"line":388,"column":10},"end":{"line":400,"column":3}},"line":388},"41":{"name":"collectLeafTypes","decl":{"start":{"line":405,"column":10},"end":{"line":416,"column":3}},"loc":{"start":{"line":405,"column":10},"end":{"line":416,"column":3}},"line":405},"42":{"name":"serializeLeaf","decl":{"start":{"line":421,"column":10},"end":{"line":426,"column":3}},"loc":{"start":{"line":421,"column":10},"end":{"line":426,"column":3}},"line":421},"43":{"name":"tryCompactArray","decl":{"start":{"line":431,"column":10},"end":{"line":455,"column":3}},"loc":{"start":{"line":431,"column":10},"end":{"line":455,"column":3}},"line":431},"44":{"name":"serializeArrayElements","decl":{"start":{"line":460,"column":10},"end":{"line":468,"column":3}},"loc":{"start":{"line":460,"column":10},"end":{"line":468,"column":3}},"line":460},"45":{"name":"serializeItem","decl":{"start":{"line":461,"column":26},"end":{"line":466,"column":6}},"loc":{"start":{"line":461,"column":26},"end":{"line":466,"column":6}},"line":461},"46":{"name":"isTyped","decl":{"start":{"line":473,"column":2},"end":{"line":477,"column":3}},"loc":{"start":{"line":473,"column":2},"end":{"line":477,"column":3}},"line":473},"47":{"name":"__setBigLoader","decl":{"start":{"line":488,"column":7},"end":{"line":490,"column":1}},"loc":{"start":{"line":488,"column":7},"end":{"line":490,"column":1}},"line":488}},"f":{"0":18,"1":16,"2":3,"3":2,"4":4,"5":2,"6":8,"7":0,"8":3,"9":5,"10":6,"11":2,"12":0,"13":0,"14":0,"15":4,"16":9,"17":19,"18":3,"19":7,"20":4,"21":2,"22":1,"23":0,"24":1,"25":4,"26":21,"27":1,"28":2,"29":2,"30":5,"31":5,"32":5,"33":50,"34":65,"35":47,"36":1,"37":7,"38":6,"39":49,"40":23,"41":35,"42":22,"43":11,"44":4,"45":9,"46":3,"47":2}}
,"/Users/gporcari/Sviluppo/genro_ng/meta-genro-modules/sub-projects/genro-tytx/ts/src/types.ts": {"path":"/Users/gporcari/Sviluppo/genro_ng/meta-genro-modules/sub-projects/genro-tytx/ts/src/types.ts","all":false,"statementMap":{"110":{"start":{"line":111,"column":0},"end":{"line":111,"column":69}},"111":{"start":{"line":112,"column":0},"end":{"line":112,"column":46}},"112":{"start":{"line":113,"column":0},"end":{"line":113,"column":38}},"113":{"start":{"line":114,"column":0},"end":{"line":114,"column":43}},"114":{"start":{"line":115,"column":0},"end":{"line":115,"column":1}},"119":{"start":{"line":120,"column":0},"end":{"line":120,"column":63}},"120":{"start":{"line":121,"column":0},"end":{"line":121,"column":38}},"121":{"start":{"line":122,"column":0},"end":{"line":122,"column":42}},"122":{"start":{"line":123,"column":0},"end":{"line":123,"column":1}},"127":{"start":{"line":128,"column":0},"end":{"line":128,"column":58}},"128":{"start":{"line":129,"column":0},"end":{"line":129,"column":38}},"129":{"start":{"line":130,"column":0},"end":{"line":130,"column":29}},"130":{"start":{"line":131,"column":0},"end":{"line":131,"column":1}}},"s":{"110":1,"111":55,"112":54,"113":55,"114":55,"119":1,"120":44,"121":44,"122":44,"127":1,"128":42,"129":42,"130":42},"branchMap":{"0":{"type":"branch","line":111,"loc":{"start":{"line":111,"column":7},"end":{"line":115,"column":1}},"locations":[{"start":{"line":111,"column":7},"end":{"line":115,"column":1}}]},"1":{"type":"branch","line":112,"loc":{"start":{"line":112,"column":33},"end":{"line":112,"column":46}},"locations":[{"start":{"line":112,"column":33},"end":{"line":112,"column":46}}]},"2":{"type":"branch","line":112,"loc":{"start":{"line":112,"column":40},"end":{"line":114,"column":20}},"locations":[{"start":{"line":112,"column":40},"end":{"line":114,"column":20}}]},"3":{"type":"branch","line":114,"loc":{"start":{"line":114,"column":15},"end":{"line":114,"column":43}},"locations":[{"start":{"line":114,"column":15},"end":{"line":114,"column":43}}]},"4":{"type":"branch","line":120,"loc":{"start":{"line":120,"column":7},"end":{"line":123,"column":1}},"locations":[{"start":{"line":120,"column":7},"end":{"line":123,"column":1}}]},"5":{"type":"branch","line":128,"loc":{"start":{"line":128,"column":7},"end":{"line":131,"column":1}},"locations":[{"start":{"line":128,"column":7},"end":{"line":131,"column":1}}]}},"b":{"0":[55],"1":[1],"2":[54],"3":[45],"4":[44],"5":[42]},"fnMap":{"0":{"name":"isTypedString","decl":{"start":{"line":111,"column":7},"end":{"line":115,"column":1}},"loc":{"start":{"line":111,"column":7},"end":{"line":115,"column":1}},"line":111},"1":{"name":"extractTypeCode","decl":{"start":{"line":120,"column":7},"end":{"line":123,"column":1}},"loc":{"start":{"line":120,"column":7},"end":{"line":123,"column":1}},"line":120},"2":{"name":"extractValue","decl":{"start":{"line":128,"column":7},"end":{"line":131,"column":1}},"loc":{"start":{"line":128,"column":7},"end":{"line":131,"column":1}},"line":128}},"f":{"0":55,"1":44,"2":42}}
}
