{"/Users/gporcari/Sviluppo/genro_ng/meta-genro-modules/sub-projects/genro-tytx/ts/src/fetch.ts": {"path":"/Users/gporcari/Sviluppo/genro_ng/meta-genro-modules/sub-projects/genro-tytx/ts/src/fetch.ts","all":false,"statementMap":{"0":{"start":{"line":1,"column":0},"end":{"line":1,"column":50}},"17":{"start":{"line":18,"column":0},"end":{"line":18,"column":103}},"18":{"start":{"line":19,"column":0},"end":{"line":19,"column":27}},"19":{"start":{"line":20,"column":0},"end":{"line":20,"column":31}},"20":{"start":{"line":21,"column":0},"end":{"line":21,"column":109}},"21":{"start":{"line":22,"column":0},"end":{"line":22,"column":3}},"22":{"start":{"line":23,"column":0},"end":{"line":23,"column":24}},"23":{"start":{"line":24,"column":0},"end":{"line":24,"column":12}},"24":{"start":{"line":25,"column":0},"end":{"line":25,"column":30}},"25":{"start":{"line":26,"column":0},"end":{"line":26,"column":80}},"26":{"start":{"line":27,"column":0},"end":{"line":27,"column":6}},"27":{"start":{"line":28,"column":0},"end":{"line":28,"column":3}},"29":{"start":{"line":30,"column":0},"end":{"line":30,"column":10}},"30":{"start":{"line":31,"column":0},"end":{"line":31,"column":37}},"31":{"start":{"line":32,"column":0},"end":{"line":32,"column":72}},"32":{"start":{"line":33,"column":0},"end":{"line":33,"column":4}},"33":{"start":{"line":34,"column":0},"end":{"line":34,"column":1}},"35":{"start":{"line":36,"column":0},"end":{"line":36,"column":64}},"36":{"start":{"line":37,"column":0},"end":{"line":37,"column":34}},"37":{"start":{"line":38,"column":0},"end":{"line":38,"column":39}},"38":{"start":{"line":39,"column":0},"end":{"line":39,"column":41}},"39":{"start":{"line":40,"column":0},"end":{"line":40,"column":39}},"40":{"start":{"line":41,"column":0},"end":{"line":41,"column":87}},"41":{"start":{"line":42,"column":0},"end":{"line":42,"column":16}},"42":{"start":{"line":43,"column":0},"end":{"line":43,"column":1}},"56":{"start":{"line":57,"column":0},"end":{"line":57,"column":94}},"57":{"start":{"line":58,"column":0},"end":{"line":58,"column":40}},"58":{"start":{"line":59,"column":0},"end":{"line":59,"column":16}},"59":{"start":{"line":60,"column":0},"end":{"line":60,"column":42}},"60":{"start":{"line":61,"column":0},"end":{"line":61,"column":3}},"61":{"start":{"line":62,"column":0},"end":{"line":62,"column":81}},"63":{"start":{"line":64,"column":0},"end":{"line":64,"column":29}},"64":{"start":{"line":65,"column":0},"end":{"line":65,"column":40}},"65":{"start":{"line":66,"column":0},"end":{"line":66,"column":40}},"66":{"start":{"line":67,"column":0},"end":{"line":67,"column":3}},"68":{"start":{"line":69,"column":0},"end":{"line":69,"column":31}},"69":{"start":{"line":70,"column":0},"end":{"line":70,"column":46}},"70":{"start":{"line":71,"column":0},"end":{"line":71,"column":25}},"72":{"start":{"line":73,"column":0},"end":{"line":73,"column":34}},"73":{"start":{"line":74,"column":0},"end":{"line":74,"column":3}},"74":{"start":{"line":75,"column":0},"end":{"line":75,"column":32}},"75":{"start":{"line":76,"column":0},"end":{"line":76,"column":1}},"85":{"start":{"line":86,"column":0},"end":{"line":86,"column":103}},"86":{"start":{"line":87,"column":0},"end":{"line":87,"column":42}},"87":{"start":{"line":88,"column":0},"end":{"line":88,"column":69}},"88":{"start":{"line":89,"column":0},"end":{"line":89,"column":67}},"89":{"start":{"line":90,"column":0},"end":{"line":90,"column":46}},"90":{"start":{"line":91,"column":0},"end":{"line":91,"column":68}},"91":{"start":{"line":92,"column":0},"end":{"line":92,"column":1}}},"s":{"0":1,"17":4,"18":4,"19":1,"20":1,"21":1,"22":4,"23":2,"24":2,"25":2,"26":2,"27":2,"29":1,"30":1,"31":1,"32":1,"33":1,"35":9,"36":9,"37":9,"38":9,"39":9,"40":9,"41":2,"42":2,"56":12,"57":12,"58":12,"59":1,"60":1,"61":12,"63":12,"64":2,"65":2,"66":2,"68":9,"69":12,"70":12,"72":1,"73":1,"74":3,"75":3,"85":4,"86":4,"87":4,"88":4,"89":4,"90":4,"91":4},"branchMap":{"0":{"type":"branch","line":18,"loc":{"start":{"line":18,"column":0},"end":{"line":34,"column":1}},"locations":[{"start":{"line":18,"column":0},"end":{"line":34,"column":1}}]},"1":{"type":"branch","line":19,"loc":{"start":{"line":19,"column":26},"end":{"line":22,"column":3}},"locations":[{"start":{"line":19,"column":26},"end":{"line":22,"column":3}}]},"2":{"type":"branch","line":22,"loc":{"start":{"line":22,"column":2},"end":{"line":23,"column":23}},"locations":[{"start":{"line":22,"column":2},"end":{"line":23,"column":23}}]},"3":{"type":"branch","line":23,"loc":{"start":{"line":23,"column":23},"end":{"line":28,"column":3}},"locations":[{"start":{"line":23,"column":23},"end":{"line":28,"column":3}}]},"4":{"type":"branch","line":28,"loc":{"start":{"line":28,"column":2},"end":{"line":34,"column":1}},"locations":[{"start":{"line":28,"column":2},"end":{"line":34,"column":1}}]},"5":{"type":"branch","line":36,"loc":{"start":{"line":36,"column":0},"end":{"line":43,"column":1}},"locations":[{"start":{"line":36,"column":0},"end":{"line":43,"column":1}}]},"6":{"type":"branch","line":37,"loc":{"start":{"line":37,"column":20},"end":{"line":37,"column":34}},"locations":[{"start":{"line":37,"column":20},"end":{"line":37,"column":34}}]},"7":{"type":"branch","line":39,"loc":{"start":{"line":39,"column":27},"end":{"line":39,"column":41}},"locations":[{"start":{"line":39,"column":27},"end":{"line":39,"column":41}}]},"8":{"type":"branch","line":39,"loc":{"start":{"line":39,"column":34},"end":{"line":40,"column":33}},"locations":[{"start":{"line":39,"column":34},"end":{"line":40,"column":33}}]},"9":{"type":"branch","line":40,"loc":{"start":{"line":40,"column":26},"end":{"line":40,"column":39}},"locations":[{"start":{"line":40,"column":26},"end":{"line":40,"column":39}}]},"10":{"type":"branch","line":40,"loc":{"start":{"line":40,"column":33},"end":{"line":41,"column":32}},"locations":[{"start":{"line":40,"column":33},"end":{"line":41,"column":32}}]},"11":{"type":"branch","line":41,"loc":{"start":{"line":41,"column":27},"end":{"line":41,"column":70}},"locations":[{"start":{"line":41,"column":27},"end":{"line":41,"column":70}}]},"12":{"type":"branch","line":41,"loc":{"start":{"line":41,"column":70},"end":{"line":43,"column":1}},"locations":[{"start":{"line":41,"column":70},"end":{"line":43,"column":1}}]},"13":{"type":"branch","line":57,"loc":{"start":{"line":57,"column":0},"end":{"line":76,"column":1}},"locations":[{"start":{"line":57,"column":0},"end":{"line":76,"column":1}}]},"14":{"type":"branch","line":59,"loc":{"start":{"line":59,"column":15},"end":{"line":61,"column":3}},"locations":[{"start":{"line":59,"column":15},"end":{"line":61,"column":3}}]},"15":{"type":"branch","line":61,"loc":{"start":{"line":61,"column":2},"end":{"line":62,"column":35}},"locations":[{"start":{"line":61,"column":2},"end":{"line":62,"column":35}}]},"16":{"type":"branch","line":62,"loc":{"start":{"line":62,"column":25},"end":{"line":62,"column":81}},"locations":[{"start":{"line":62,"column":25},"end":{"line":62,"column":81}}]},"17":{"type":"branch","line":64,"loc":{"start":{"line":64,"column":28},"end":{"line":67,"column":3}},"locations":[{"start":{"line":64,"column":28},"end":{"line":67,"column":3}}]},"18":{"type":"branch","line":67,"loc":{"start":{"line":67,"column":2},"end":{"line":70,"column":32}},"locations":[{"start":{"line":67,"column":2},"end":{"line":70,"column":32}}]},"19":{"type":"branch","line":70,"loc":{"start":{"line":70,"column":25},"end":{"line":70,"column":46}},"locations":[{"start":{"line":70,"column":25},"end":{"line":70,"column":46}}]},"20":{"type":"branch","line":70,"loc":{"start":{"line":70,"column":44},"end":{"line":71,"column":24}},"locations":[{"start":{"line":70,"column":44},"end":{"line":71,"column":24}}]},"21":{"type":"branch","line":71,"loc":{"start":{"line":71,"column":24},"end":{"line":74,"column":3}},"locations":[{"start":{"line":71,"column":24},"end":{"line":74,"column":3}}]},"22":{"type":"branch","line":74,"loc":{"start":{"line":74,"column":2},"end":{"line":76,"column":1}},"locations":[{"start":{"line":74,"column":2},"end":{"line":76,"column":1}}]},"23":{"type":"branch","line":86,"loc":{"start":{"line":86,"column":0},"end":{"line":92,"column":1}},"locations":[{"start":{"line":86,"column":0},"end":{"line":92,"column":1}}]},"24":{"type":"branch","line":87,"loc":{"start":{"line":87,"column":25},"end":{"line":87,"column":42}},"locations":[{"start":{"line":87,"column":25},"end":{"line":87,"column":42}}]}},"b":{"0":[4],"1":[1],"2":[3],"3":[2],"4":[1],"5":[9],"6":[0],"7":[4],"8":[5],"9":[1],"10":[4],"11":[2],"12":[2],"13":[12],"14":[1],"15":[11],"16":[9],"17":[2],"18":[9],"19":[5],"20":[4],"21":[1],"22":[3],"23":[4],"24":[1]},"fnMap":{"0":{"name":"serializeTypedBody","decl":{"start":{"line":18,"column":0},"end":{"line":34,"column":1}},"loc":{"start":{"line":18,"column":0},"end":{"line":34,"column":1}},"line":18},"1":{"name":"detectExpect","decl":{"start":{"line":36,"column":0},"end":{"line":43,"column":1}},"loc":{"start":{"line":36,"column":0},"end":{"line":43,"column":1}},"line":36},"2":{"name":"fetchTyped","decl":{"start":{"line":57,"column":0},"end":{"line":76,"column":1}},"loc":{"start":{"line":57,"column":0},"end":{"line":76,"column":1}},"line":57},"3":{"name":"fetchTypedRequest","decl":{"start":{"line":86,"column":0},"end":{"line":92,"column":1}},"loc":{"start":{"line":86,"column":0},"end":{"line":92,"column":1}},"line":86}},"f":{"0":4,"1":9,"2":12,"3":4}}
,"/Users/gporcari/Sviluppo/genro_ng/meta-genro-modules/sub-projects/genro-tytx/ts/src/index.ts": {"path":"/Users/gporcari/Sviluppo/genro_ng/meta-genro-modules/sub-projects/genro-tytx/ts/src/index.ts","all":false,"statementMap":{"0":{"start":{"line":1,"column":0},"end":{"line":1,"column":3}},"114":{"start":{"line":115,"column":0},"end":{"line":115,"column":31}},"129":{"start":{"line":130,"column":0},"end":{"line":130,"column":57}},"140":{"start":{"line":141,"column":0},"end":{"line":141,"column":53}},"152":{"start":{"line":153,"column":0},"end":{"line":153,"column":63}}},"s":{"0":1,"114":1,"129":1,"140":1,"152":1},"branchMap":{},"b":{},"fnMap":{},"f":{}}
,"/Users/gporcari/Sviluppo/genro_ng/meta-genro-modules/sub-projects/genro-tytx/ts/src/json.ts": {"path":"/Users/gporcari/Sviluppo/genro_ng/meta-genro-modules/sub-projects/genro-tytx/ts/src/json.ts","all":false,"statementMap":{"0":{"start":{"line":1,"column":0},"end":{"line":1,"column":3}},"16":{"start":{"line":17,"column":0},"end":{"line":17,"column":37}},"19":{"start":{"line":20,"column":0},"end":{"line":20,"column":39}},"24":{"start":{"line":25,"column":0},"end":{"line":25,"column":101}},"25":{"start":{"line":26,"column":0},"end":{"line":26,"column":32}},"26":{"start":{"line":27,"column":0},"end":{"line":27,"column":59}},"27":{"start":{"line":28,"column":0},"end":{"line":28,"column":3}},"28":{"start":{"line":29,"column":0},"end":{"line":29,"column":27}},"29":{"start":{"line":30,"column":0},"end":{"line":30,"column":58}},"30":{"start":{"line":31,"column":0},"end":{"line":31,"column":3}},"31":{"start":{"line":32,"column":0},"end":{"line":32,"column":48}},"32":{"start":{"line":33,"column":0},"end":{"line":33,"column":34}},"33":{"start":{"line":34,"column":0},"end":{"line":34,"column":47}},"34":{"start":{"line":35,"column":0},"end":{"line":35,"column":43}},"35":{"start":{"line":36,"column":0},"end":{"line":36,"column":5}},"36":{"start":{"line":37,"column":0},"end":{"line":37,"column":18}},"37":{"start":{"line":38,"column":0},"end":{"line":38,"column":3}},"38":{"start":{"line":39,"column":0},"end":{"line":39,"column":26}},"39":{"start":{"line":40,"column":0},"end":{"line":40,"column":1}},"45":{"start":{"line":46,"column":0},"end":{"line":46,"column":101}},"46":{"start":{"line":47,"column":0},"end":{"line":47,"column":48}},"47":{"start":{"line":48,"column":0},"end":{"line":48,"column":39}},"48":{"start":{"line":49,"column":0},"end":{"line":49,"column":1}},"56":{"start":{"line":57,"column":0},"end":{"line":57,"column":59}},"57":{"start":{"line":58,"column":0},"end":{"line":58,"column":42}},"58":{"start":{"line":59,"column":0},"end":{"line":59,"column":15}},"59":{"start":{"line":60,"column":0},"end":{"line":60,"column":3}},"62":{"start":{"line":63,"column":0},"end":{"line":63,"column":28}},"63":{"start":{"line":64,"column":0},"end":{"line":64,"column":65}},"64":{"start":{"line":65,"column":0},"end":{"line":65,"column":3}},"67":{"start":{"line":68,"column":0},"end":{"line":68,"column":27}},"68":{"start":{"line":69,"column":0},"end":{"line":69,"column":47}},"69":{"start":{"line":70,"column":0},"end":{"line":70,"column":3}},"72":{"start":{"line":73,"column":0},"end":{"line":73,"column":32}},"73":{"start":{"line":74,"column":0},"end":{"line":74,"column":47}},"74":{"start":{"line":75,"column":0},"end":{"line":75,"column":47}},"75":{"start":{"line":76,"column":0},"end":{"line":76,"column":38}},"76":{"start":{"line":77,"column":0},"end":{"line":77,"column":5}},"77":{"start":{"line":78,"column":0},"end":{"line":78,"column":18}},"78":{"start":{"line":79,"column":0},"end":{"line":79,"column":3}},"81":{"start":{"line":82,"column":0},"end":{"line":82,"column":13}},"82":{"start":{"line":83,"column":0},"end":{"line":83,"column":1}},"93":{"start":{"line":94,"column":0},"end":{"line":94,"column":78}},"94":{"start":{"line":95,"column":0},"end":{"line":95,"column":42}},"95":{"start":{"line":96,"column":0},"end":{"line":96,"column":31}},"96":{"start":{"line":97,"column":0},"end":{"line":97,"column":54}},"97":{"start":{"line":98,"column":0},"end":{"line":98,"column":33}},"98":{"start":{"line":99,"column":0},"end":{"line":99,"column":1}},"109":{"start":{"line":110,"column":0},"end":{"line":110,"column":73}},"110":{"start":{"line":111,"column":0},"end":{"line":111,"column":43}},"111":{"start":{"line":112,"column":0},"end":{"line":112,"column":31}},"112":{"start":{"line":113,"column":0},"end":{"line":113,"column":54}},"113":{"start":{"line":114,"column":0},"end":{"line":114,"column":33}},"114":{"start":{"line":115,"column":0},"end":{"line":115,"column":1}},"141":{"start":{"line":142,"column":0},"end":{"line":142,"column":75}},"143":{"start":{"line":144,"column":0},"end":{"line":144,"column":41}},"144":{"start":{"line":145,"column":0},"end":{"line":145,"column":60}},"145":{"start":{"line":146,"column":0},"end":{"line":146,"column":63}},"146":{"start":{"line":147,"column":0},"end":{"line":147,"column":63}},"147":{"start":{"line":148,"column":0},"end":{"line":148,"column":3}},"150":{"start":{"line":151,"column":0},"end":{"line":151,"column":18}},"151":{"start":{"line":152,"column":0},"end":{"line":152,"column":34}},"152":{"start":{"line":153,"column":0},"end":{"line":153,"column":36}},"153":{"start":{"line":154,"column":0},"end":{"line":154,"column":3}},"156":{"start":{"line":157,"column":0},"end":{"line":157,"column":37}},"157":{"start":{"line":158,"column":0},"end":{"line":158,"column":1}},"168":{"start":{"line":169,"column":0},"end":{"line":169,"column":63}},"169":{"start":{"line":170,"column":0},"end":{"line":170,"column":27}},"170":{"start":{"line":171,"column":0},"end":{"line":171,"column":1}},"175":{"start":{"line":176,"column":0},"end":{"line":176,"column":66}},"176":{"start":{"line":177,"column":0},"end":{"line":177,"column":27}},"177":{"start":{"line":178,"column":0},"end":{"line":178,"column":1}}},"s":{"0":1,"16":1,"19":1,"24":76,"25":76,"26":37,"27":37,"28":76,"29":4,"30":4,"31":76,"32":27,"33":27,"34":40,"35":40,"36":27,"37":27,"38":8,"39":8,"45":5,"46":5,"47":5,"48":5,"56":76,"57":76,"58":1,"59":1,"62":76,"63":9,"64":9,"67":76,"68":4,"69":4,"72":76,"73":24,"74":24,"75":43,"76":43,"77":24,"78":24,"81":38,"82":38,"93":1,"94":19,"95":19,"96":1,"97":18,"98":19,"109":1,"110":3,"111":3,"112":1,"113":2,"114":3,"141":1,"143":34,"144":17,"145":17,"146":17,"147":17,"150":17,"151":34,"152":1,"153":1,"156":17,"157":17,"168":1,"169":4,"170":4,"175":1,"176":1,"177":1},"branchMap":{"0":{"type":"branch","line":25,"loc":{"start":{"line":25,"column":0},"end":{"line":40,"column":1}},"locations":[{"start":{"line":25,"column":0},"end":{"line":40,"column":1}}]},"1":{"type":"branch","line":26,"loc":{"start":{"line":26,"column":31},"end":{"line":29,"column":26}},"locations":[{"start":{"line":26,"column":31},"end":{"line":29,"column":26}}]},"2":{"type":"branch","line":26,"loc":{"start":{"line":26,"column":31},"end":{"line":28,"column":3}},"locations":[{"start":{"line":26,"column":31},"end":{"line":28,"column":3}}]},"3":{"type":"branch","line":28,"loc":{"start":{"line":28,"column":2},"end":{"line":29,"column":26}},"locations":[{"start":{"line":28,"column":2},"end":{"line":29,"column":26}}]},"4":{"type":"branch","line":29,"loc":{"start":{"line":29,"column":26},"end":{"line":31,"column":3}},"locations":[{"start":{"line":29,"column":26},"end":{"line":31,"column":3}}]},"5":{"type":"branch","line":31,"loc":{"start":{"line":31,"column":2},"end":{"line":32,"column":47}},"locations":[{"start":{"line":31,"column":2},"end":{"line":32,"column":47}}]},"6":{"type":"branch","line":32,"loc":{"start":{"line":32,"column":47},"end":{"line":38,"column":3}},"locations":[{"start":{"line":32,"column":47},"end":{"line":38,"column":3}}]},"7":{"type":"branch","line":34,"loc":{"start":{"line":34,"column":46},"end":{"line":36,"column":5}},"locations":[{"start":{"line":34,"column":46},"end":{"line":36,"column":5}}]},"8":{"type":"branch","line":38,"loc":{"start":{"line":38,"column":2},"end":{"line":40,"column":1}},"locations":[{"start":{"line":38,"column":2},"end":{"line":40,"column":1}}]},"9":{"type":"branch","line":30,"loc":{"start":{"line":30,"column":19},"end":{"line":30,"column":56}},"locations":[{"start":{"line":30,"column":19},"end":{"line":30,"column":56}}]},"10":{"type":"branch","line":46,"loc":{"start":{"line":46,"column":0},"end":{"line":49,"column":1}},"locations":[{"start":{"line":46,"column":0},"end":{"line":49,"column":1}}]},"11":{"type":"branch","line":57,"loc":{"start":{"line":57,"column":0},"end":{"line":83,"column":1}},"locations":[{"start":{"line":57,"column":0},"end":{"line":83,"column":1}}]},"12":{"type":"branch","line":58,"loc":{"start":{"line":58,"column":14},"end":{"line":58,"column":41}},"locations":[{"start":{"line":58,"column":14},"end":{"line":58,"column":41}}]},"13":{"type":"branch","line":58,"loc":{"start":{"line":58,"column":41},"end":{"line":60,"column":3}},"locations":[{"start":{"line":58,"column":41},"end":{"line":60,"column":3}}]},"14":{"type":"branch","line":60,"loc":{"start":{"line":60,"column":2},"end":{"line":63,"column":27}},"locations":[{"start":{"line":60,"column":2},"end":{"line":63,"column":27}}]},"15":{"type":"branch","line":63,"loc":{"start":{"line":63,"column":27},"end":{"line":65,"column":3}},"locations":[{"start":{"line":63,"column":27},"end":{"line":65,"column":3}}]},"16":{"type":"branch","line":64,"loc":{"start":{"line":64,"column":11},"end":{"line":64,"column":47}},"locations":[{"start":{"line":64,"column":11},"end":{"line":64,"column":47}}]},"17":{"type":"branch","line":64,"loc":{"start":{"line":64,"column":43},"end":{"line":64,"column":65}},"locations":[{"start":{"line":64,"column":43},"end":{"line":64,"column":65}}]},"18":{"type":"branch","line":65,"loc":{"start":{"line":65,"column":2},"end":{"line":68,"column":26}},"locations":[{"start":{"line":65,"column":2},"end":{"line":68,"column":26}}]},"19":{"type":"branch","line":68,"loc":{"start":{"line":68,"column":26},"end":{"line":70,"column":3}},"locations":[{"start":{"line":68,"column":26},"end":{"line":70,"column":3}}]},"20":{"type":"branch","line":70,"loc":{"start":{"line":70,"column":2},"end":{"line":73,"column":31}},"locations":[{"start":{"line":70,"column":2},"end":{"line":73,"column":31}}]},"21":{"type":"branch","line":73,"loc":{"start":{"line":73,"column":31},"end":{"line":83,"column":1}},"locations":[{"start":{"line":73,"column":31},"end":{"line":83,"column":1}}]},"22":{"type":"branch","line":73,"loc":{"start":{"line":73,"column":31},"end":{"line":79,"column":3}},"locations":[{"start":{"line":73,"column":31},"end":{"line":79,"column":3}}]},"23":{"type":"branch","line":75,"loc":{"start":{"line":75,"column":46},"end":{"line":77,"column":5}},"locations":[{"start":{"line":75,"column":46},"end":{"line":77,"column":5}}]},"24":{"type":"branch","line":79,"loc":{"start":{"line":79,"column":2},"end":{"line":83,"column":1}},"locations":[{"start":{"line":79,"column":2},"end":{"line":83,"column":1}}]},"25":{"type":"branch","line":69,"loc":{"start":{"line":69,"column":19},"end":{"line":69,"column":45}},"locations":[{"start":{"line":69,"column":19},"end":{"line":69,"column":45}}]},"26":{"type":"branch","line":94,"loc":{"start":{"line":94,"column":7},"end":{"line":99,"column":1}},"locations":[{"start":{"line":94,"column":7},"end":{"line":99,"column":1}}]},"27":{"type":"branch","line":96,"loc":{"start":{"line":96,"column":27},"end":{"line":97,"column":54}},"locations":[{"start":{"line":96,"column":27},"end":{"line":97,"column":54}}]},"28":{"type":"branch","line":97,"loc":{"start":{"line":97,"column":53},"end":{"line":98,"column":33}},"locations":[{"start":{"line":97,"column":53},"end":{"line":98,"column":33}}]},"29":{"type":"branch","line":110,"loc":{"start":{"line":110,"column":7},"end":{"line":115,"column":1}},"locations":[{"start":{"line":110,"column":7},"end":{"line":115,"column":1}}]},"30":{"type":"branch","line":112,"loc":{"start":{"line":112,"column":27},"end":{"line":113,"column":54}},"locations":[{"start":{"line":112,"column":27},"end":{"line":113,"column":54}}]},"31":{"type":"branch","line":113,"loc":{"start":{"line":113,"column":53},"end":{"line":114,"column":33}},"locations":[{"start":{"line":113,"column":53},"end":{"line":114,"column":33}}]},"32":{"type":"branch","line":142,"loc":{"start":{"line":142,"column":7},"end":{"line":158,"column":1}},"locations":[{"start":{"line":142,"column":7},"end":{"line":158,"column":1}}]},"33":{"type":"branch","line":144,"loc":{"start":{"line":144,"column":40},"end":{"line":152,"column":33}},"locations":[{"start":{"line":144,"column":40},"end":{"line":152,"column":33}}]},"34":{"type":"branch","line":152,"loc":{"start":{"line":152,"column":33},"end":{"line":154,"column":3}},"locations":[{"start":{"line":152,"column":33},"end":{"line":154,"column":3}}]},"35":{"type":"branch","line":154,"loc":{"start":{"line":154,"column":2},"end":{"line":158,"column":1}},"locations":[{"start":{"line":154,"column":2},"end":{"line":158,"column":1}}]},"36":{"type":"branch","line":169,"loc":{"start":{"line":169,"column":7},"end":{"line":171,"column":1}},"locations":[{"start":{"line":169,"column":7},"end":{"line":171,"column":1}}]},"37":{"type":"branch","line":176,"loc":{"start":{"line":176,"column":7},"end":{"line":178,"column":1}},"locations":[{"start":{"line":176,"column":7},"end":{"line":178,"column":1}}]}},"b":{"0":[76],"1":[68],"2":[37],"3":[39],"4":[4],"5":[35],"6":[27],"7":[40],"8":[8],"9":[9],"10":[5],"11":[76],"12":[75],"13":[1],"14":[75],"15":[9],"16":[8],"17":[1],"18":[66],"19":[4],"20":[62],"21":[74],"22":[24],"23":[43],"24":[38],"25":[11],"26":[19],"27":[1],"28":[18],"29":[3],"30":[1],"31":[2],"32":[34],"33":[17],"34":[1],"35":[17],"36":[4],"37":[1]},"fnMap":{"0":{"name":"hydrate","decl":{"start":{"line":25,"column":0},"end":{"line":40,"column":1}},"loc":{"start":{"line":25,"column":0},"end":{"line":40,"column":1}},"line":25},"1":{"name":"hydrateJson","decl":{"start":{"line":46,"column":0},"end":{"line":49,"column":1}},"loc":{"start":{"line":46,"column":0},"end":{"line":49,"column":1}},"line":46},"2":{"name":"serialize","decl":{"start":{"line":57,"column":0},"end":{"line":83,"column":1}},"loc":{"start":{"line":57,"column":0},"end":{"line":83,"column":1}},"line":57},"3":{"name":"asTypedJson","decl":{"start":{"line":94,"column":7},"end":{"line":99,"column":1}},"loc":{"start":{"line":94,"column":7},"end":{"line":99,"column":1}},"line":94},"4":{"name":"asJson","decl":{"start":{"line":110,"column":7},"end":{"line":115,"column":1}},"loc":{"start":{"line":110,"column":7},"end":{"line":115,"column":1}},"line":110},"5":{"name":"fromJson","decl":{"start":{"line":142,"column":7},"end":{"line":158,"column":1}},"loc":{"start":{"line":142,"column":7},"end":{"line":158,"column":1}},"line":142},"6":{"name":"hydrateObject","decl":{"start":{"line":169,"column":7},"end":{"line":171,"column":1}},"loc":{"start":{"line":169,"column":7},"end":{"line":171,"column":1}},"line":169},"7":{"name":"hydrateArray","decl":{"start":{"line":176,"column":7},"end":{"line":178,"column":1}},"loc":{"start":{"line":176,"column":7},"end":{"line":178,"column":1}},"line":176}},"f":{"0":76,"1":5,"2":76,"3":19,"4":3,"5":34,"6":4,"7":1}}
,"/Users/gporcari/Sviluppo/genro_ng/meta-genro-modules/sub-projects/genro-tytx/ts/src/metadata.ts": {"path":"/Users/gporcari/Sviluppo/genro_ng/meta-genro-modules/sub-projects/genro-tytx/ts/src/metadata.ts","all":false,"statementMap":{"33":{"start":{"line":34,"column":0},"end":{"line":34,"column":35}},"35":{"start":{"line":36,"column":0},"end":{"line":36,"column":8}},"36":{"start":{"line":37,"column":0},"end":{"line":37,"column":8}},"37":{"start":{"line":38,"column":0},"end":{"line":38,"column":8}},"38":{"start":{"line":39,"column":0},"end":{"line":39,"column":8}},"39":{"start":{"line":40,"column":0},"end":{"line":40,"column":8}},"40":{"start":{"line":41,"column":0},"end":{"line":41,"column":9}},"42":{"start":{"line":43,"column":0},"end":{"line":43,"column":8}},"43":{"start":{"line":44,"column":0},"end":{"line":44,"column":7}},"44":{"start":{"line":45,"column":0},"end":{"line":45,"column":9}},"45":{"start":{"line":46,"column":0},"end":{"line":46,"column":8}},"46":{"start":{"line":47,"column":0},"end":{"line":47,"column":7}},"47":{"start":{"line":48,"column":0},"end":{"line":48,"column":11}},"48":{"start":{"line":49,"column":0},"end":{"line":49,"column":3}},"53":{"start":{"line":54,"column":0},"end":{"line":54,"column":47}},"54":{"start":{"line":55,"column":0},"end":{"line":55,"column":32}},"55":{"start":{"line":56,"column":0},"end":{"line":56,"column":19}},"56":{"start":{"line":57,"column":0},"end":{"line":57,"column":37}},"57":{"start":{"line":58,"column":0},"end":{"line":58,"column":3}},"58":{"start":{"line":59,"column":0},"end":{"line":59,"column":1}},"79":{"start":{"line":80,"column":0},"end":{"line":80,"column":59}},"80":{"start":{"line":81,"column":0},"end":{"line":81,"column":30}},"81":{"start":{"line":82,"column":0},"end":{"line":82,"column":14}},"82":{"start":{"line":83,"column":0},"end":{"line":83,"column":3}},"84":{"start":{"line":85,"column":0},"end":{"line":85,"column":34}},"85":{"start":{"line":86,"column":0},"end":{"line":86,"column":30}},"86":{"start":{"line":87,"column":0},"end":{"line":87,"column":14}},"88":{"start":{"line":89,"column":0},"end":{"line":89,"column":32}},"90":{"start":{"line":91,"column":0},"end":{"line":91,"column":61}},"91":{"start":{"line":92,"column":0},"end":{"line":92,"column":12}},"92":{"start":{"line":93,"column":0},"end":{"line":93,"column":5}},"94":{"start":{"line":95,"column":0},"end":{"line":95,"column":37}},"97":{"start":{"line":98,"column":0},"end":{"line":98,"column":25}},"98":{"start":{"line":99,"column":0},"end":{"line":99,"column":65}},"99":{"start":{"line":100,"column":0},"end":{"line":100,"column":12}},"100":{"start":{"line":101,"column":0},"end":{"line":101,"column":5}},"101":{"start":{"line":102,"column":0},"end":{"line":102,"column":45}},"103":{"start":{"line":104,"column":0},"end":{"line":104,"column":15}},"104":{"start":{"line":105,"column":0},"end":{"line":105,"column":70}},"105":{"start":{"line":106,"column":0},"end":{"line":106,"column":5}},"108":{"start":{"line":109,"column":0},"end":{"line":109,"column":61}},"109":{"start":{"line":110,"column":0},"end":{"line":110,"column":12}},"110":{"start":{"line":111,"column":0},"end":{"line":111,"column":5}},"113":{"start":{"line":114,"column":0},"end":{"line":114,"column":31}},"114":{"start":{"line":115,"column":0},"end":{"line":115,"column":89}},"115":{"start":{"line":116,"column":0},"end":{"line":116,"column":5}},"116":{"start":{"line":117,"column":0},"end":{"line":117,"column":10}},"119":{"start":{"line":120,"column":0},"end":{"line":120,"column":61}},"120":{"start":{"line":121,"column":0},"end":{"line":121,"column":12}},"121":{"start":{"line":122,"column":0},"end":{"line":122,"column":5}},"124":{"start":{"line":125,"column":0},"end":{"line":125,"column":22}},"126":{"start":{"line":127,"column":0},"end":{"line":127,"column":31}},"128":{"start":{"line":129,"column":0},"end":{"line":129,"column":34}},"129":{"start":{"line":130,"column":0},"end":{"line":130,"column":26}},"130":{"start":{"line":131,"column":0},"end":{"line":131,"column":60}},"131":{"start":{"line":132,"column":0},"end":{"line":132,"column":64}},"133":{"start":{"line":134,"column":0},"end":{"line":134,"column":44}},"134":{"start":{"line":135,"column":0},"end":{"line":135,"column":33}},"135":{"start":{"line":136,"column":0},"end":{"line":136,"column":30}},"136":{"start":{"line":137,"column":0},"end":{"line":137,"column":21}},"137":{"start":{"line":138,"column":0},"end":{"line":138,"column":41}},"138":{"start":{"line":139,"column":0},"end":{"line":139,"column":31}},"139":{"start":{"line":140,"column":0},"end":{"line":140,"column":21}},"140":{"start":{"line":141,"column":0},"end":{"line":141,"column":18}},"141":{"start":{"line":142,"column":0},"end":{"line":142,"column":39}},"142":{"start":{"line":143,"column":0},"end":{"line":143,"column":18}},"143":{"start":{"line":144,"column":0},"end":{"line":144,"column":11}},"144":{"start":{"line":145,"column":0},"end":{"line":145,"column":16}},"145":{"start":{"line":146,"column":0},"end":{"line":146,"column":37}},"146":{"start":{"line":147,"column":0},"end":{"line":147,"column":16}},"147":{"start":{"line":148,"column":0},"end":{"line":148,"column":9}},"148":{"start":{"line":149,"column":0},"end":{"line":149,"column":7}},"149":{"start":{"line":150,"column":0},"end":{"line":150,"column":33}},"150":{"start":{"line":151,"column":0},"end":{"line":151,"column":84}},"151":{"start":{"line":152,"column":0},"end":{"line":152,"column":7}},"152":{"start":{"line":153,"column":0},"end":{"line":153,"column":34}},"153":{"start":{"line":154,"column":0},"end":{"line":154,"column":25}},"154":{"start":{"line":155,"column":0},"end":{"line":155,"column":12}},"156":{"start":{"line":157,"column":0},"end":{"line":157,"column":29}},"157":{"start":{"line":158,"column":0},"end":{"line":158,"column":84}},"158":{"start":{"line":159,"column":0},"end":{"line":159,"column":14}},"159":{"start":{"line":160,"column":0},"end":{"line":160,"column":7}},"160":{"start":{"line":161,"column":0},"end":{"line":161,"column":52}},"161":{"start":{"line":162,"column":0},"end":{"line":162,"column":5}},"163":{"start":{"line":164,"column":0},"end":{"line":164,"column":24}},"166":{"start":{"line":167,"column":0},"end":{"line":167,"column":61}},"167":{"start":{"line":168,"column":0},"end":{"line":168,"column":12}},"168":{"start":{"line":169,"column":0},"end":{"line":169,"column":5}},"171":{"start":{"line":172,"column":0},"end":{"line":172,"column":31}},"172":{"start":{"line":173,"column":0},"end":{"line":173,"column":33}},"173":{"start":{"line":174,"column":0},"end":{"line":174,"column":14}},"174":{"start":{"line":175,"column":0},"end":{"line":175,"column":40}},"176":{"start":{"line":177,"column":0},"end":{"line":177,"column":14}},"177":{"start":{"line":178,"column":0},"end":{"line":178,"column":7}},"178":{"start":{"line":179,"column":0},"end":{"line":179,"column":5}},"179":{"start":{"line":180,"column":0},"end":{"line":180,"column":3}},"181":{"start":{"line":182,"column":0},"end":{"line":182,"column":16}},"182":{"start":{"line":183,"column":0},"end":{"line":183,"column":1}},"187":{"start":{"line":188,"column":0},"end":{"line":188,"column":59}},"189":{"start":{"line":190,"column":0},"end":{"line":190,"column":46}},"190":{"start":{"line":191,"column":0},"end":{"line":191,"column":17}},"191":{"start":{"line":192,"column":0},"end":{"line":192,"column":3}},"194":{"start":{"line":195,"column":0},"end":{"line":195,"column":75}},"195":{"start":{"line":196,"column":0},"end":{"line":196,"column":59}},"196":{"start":{"line":197,"column":0},"end":{"line":197,"column":1}},"216":{"start":{"line":217,"column":0},"end":{"line":217,"column":60}},"217":{"start":{"line":218,"column":0},"end":{"line":218,"column":48}},"218":{"start":{"line":219,"column":0},"end":{"line":219,"column":14}},"219":{"start":{"line":220,"column":0},"end":{"line":220,"column":3}},"221":{"start":{"line":222,"column":0},"end":{"line":222,"column":29}},"223":{"start":{"line":224,"column":0},"end":{"line":224,"column":52}},"224":{"start":{"line":225,"column":0},"end":{"line":225,"column":35}},"226":{"start":{"line":227,"column":0},"end":{"line":227,"column":37}},"228":{"start":{"line":229,"column":0},"end":{"line":229,"column":75}},"229":{"start":{"line":230,"column":0},"end":{"line":230,"column":40}},"230":{"start":{"line":231,"column":0},"end":{"line":231,"column":12}},"231":{"start":{"line":232,"column":0},"end":{"line":232,"column":39}},"232":{"start":{"line":233,"column":0},"end":{"line":233,"column":5}},"233":{"start":{"line":234,"column":0},"end":{"line":234,"column":3}},"235":{"start":{"line":236,"column":0},"end":{"line":236,"column":26}},"236":{"start":{"line":237,"column":0},"end":{"line":237,"column":1}},"252":{"start":{"line":253,"column":0},"end":{"line":253,"column":76}},"253":{"start":{"line":254,"column":0},"end":{"line":254,"column":40}},"254":{"start":{"line":255,"column":0},"end":{"line":255,"column":41}},"255":{"start":{"line":256,"column":0},"end":{"line":256,"column":56}},"256":{"start":{"line":257,"column":0},"end":{"line":257,"column":5}},"257":{"start":{"line":258,"column":0},"end":{"line":258,"column":3}},"258":{"start":{"line":259,"column":0},"end":{"line":259,"column":1}}},"s":{"33":1,"35":1,"36":1,"37":1,"38":1,"39":1,"40":1,"42":1,"43":1,"44":1,"45":1,"46":1,"47":1,"48":1,"53":1,"54":1,"55":2,"56":2,"57":2,"58":1,"79":1,"80":18,"81":1,"82":1,"84":17,"85":17,"86":17,"88":18,"90":27,"91":11,"92":11,"94":27,"97":27,"98":27,"99":85,"100":85,"101":27,"103":27,"104":0,"105":0,"108":27,"109":0,"110":0,"113":27,"114":1,"115":1,"116":26,"119":27,"120":0,"121":0,"124":26,"126":27,"128":10,"129":10,"130":10,"131":98,"133":4,"134":4,"135":2,"136":2,"137":2,"138":2,"139":2,"140":2,"141":0,"142":0,"143":0,"144":98,"145":94,"146":94,"147":94,"148":98,"149":10,"150":1,"151":1,"152":9,"153":9,"154":27,"156":16,"157":16,"158":41,"159":41,"160":16,"161":16,"163":25,"166":27,"167":0,"168":0,"171":27,"172":10,"173":10,"174":10,"176":0,"177":0,"178":10,"179":27,"181":15,"182":15,"187":13,"189":13,"190":2,"191":2,"194":11,"195":11,"196":11,"216":1,"217":10,"218":1,"219":1,"221":9,"223":10,"224":13,"226":13,"228":5,"229":5,"230":13,"231":8,"232":8,"233":13,"235":9,"236":9,"252":1,"253":3,"254":5,"255":1,"256":1,"257":5,"258":2},"branchMap":{"0":{"type":"branch","line":55,"loc":{"start":{"line":55,"column":2},"end":{"line":58,"column":3}},"locations":[{"start":{"line":55,"column":2},"end":{"line":58,"column":3}}]},"1":{"type":"branch","line":80,"loc":{"start":{"line":80,"column":7},"end":{"line":183,"column":1}},"locations":[{"start":{"line":80,"column":7},"end":{"line":183,"column":1}}]},"2":{"type":"branch","line":81,"loc":{"start":{"line":81,"column":7},"end":{"line":81,"column":29}},"locations":[{"start":{"line":81,"column":7},"end":{"line":81,"column":29}}]},"3":{"type":"branch","line":81,"loc":{"start":{"line":81,"column":29},"end":{"line":83,"column":3}},"locations":[{"start":{"line":81,"column":29},"end":{"line":83,"column":3}}]},"4":{"type":"branch","line":83,"loc":{"start":{"line":83,"column":2},"end":{"line":89,"column":31}},"locations":[{"start":{"line":83,"column":2},"end":{"line":89,"column":31}}]},"5":{"type":"branch","line":89,"loc":{"start":{"line":89,"column":31},"end":{"line":180,"column":3}},"locations":[{"start":{"line":89,"column":31},"end":{"line":180,"column":3}}]},"6":{"type":"branch","line":91,"loc":{"start":{"line":91,"column":25},"end":{"line":91,"column":60}},"locations":[{"start":{"line":91,"column":25},"end":{"line":91,"column":60}}]},"7":{"type":"branch","line":91,"loc":{"start":{"line":91,"column":60},"end":{"line":93,"column":5}},"locations":[{"start":{"line":91,"column":60},"end":{"line":93,"column":5}}]},"8":{"type":"branch","line":95,"loc":{"start":{"line":95,"column":31},"end":{"line":95,"column":37}},"locations":[{"start":{"line":95,"column":31},"end":{"line":95,"column":37}}]},"9":{"type":"branch","line":99,"loc":{"start":{"line":99,"column":25},"end":{"line":99,"column":64}},"locations":[{"start":{"line":99,"column":25},"end":{"line":99,"column":64}}]},"10":{"type":"branch","line":99,"loc":{"start":{"line":99,"column":64},"end":{"line":101,"column":5}},"locations":[{"start":{"line":99,"column":64},"end":{"line":101,"column":5}}]},"11":{"type":"branch","line":104,"loc":{"start":{"line":104,"column":14},"end":{"line":106,"column":5}},"locations":[{"start":{"line":104,"column":14},"end":{"line":106,"column":5}}]},"12":{"type":"branch","line":109,"loc":{"start":{"line":109,"column":60},"end":{"line":111,"column":5}},"locations":[{"start":{"line":109,"column":60},"end":{"line":111,"column":5}}]},"13":{"type":"branch","line":114,"loc":{"start":{"line":114,"column":30},"end":{"line":116,"column":5}},"locations":[{"start":{"line":114,"column":30},"end":{"line":116,"column":5}}]},"14":{"type":"branch","line":116,"loc":{"start":{"line":116,"column":4},"end":{"line":120,"column":60}},"locations":[{"start":{"line":116,"column":4},"end":{"line":120,"column":60}}]},"15":{"type":"branch","line":120,"loc":{"start":{"line":120,"column":60},"end":{"line":122,"column":5}},"locations":[{"start":{"line":120,"column":60},"end":{"line":122,"column":5}}]},"16":{"type":"branch","line":122,"loc":{"start":{"line":122,"column":4},"end":{"line":127,"column":30}},"locations":[{"start":{"line":122,"column":4},"end":{"line":127,"column":30}}]},"17":{"type":"branch","line":127,"loc":{"start":{"line":127,"column":30},"end":{"line":155,"column":11}},"locations":[{"start":{"line":127,"column":30},"end":{"line":155,"column":11}}]},"18":{"type":"branch","line":131,"loc":{"start":{"line":131,"column":27},"end":{"line":131,"column":59}},"locations":[{"start":{"line":131,"column":27},"end":{"line":131,"column":59}}]},"19":{"type":"branch","line":131,"loc":{"start":{"line":131,"column":59},"end":{"line":149,"column":7}},"locations":[{"start":{"line":131,"column":59},"end":{"line":149,"column":7}}]},"20":{"type":"branch","line":132,"loc":{"start":{"line":132,"column":29},"end":{"line":132,"column":63}},"locations":[{"start":{"line":132,"column":29},"end":{"line":132,"column":63}}]},"21":{"type":"branch","line":132,"loc":{"start":{"line":132,"column":63},"end":{"line":145,"column":15}},"locations":[{"start":{"line":132,"column":63},"end":{"line":145,"column":15}}]},"22":{"type":"branch","line":135,"loc":{"start":{"line":135,"column":32},"end":{"line":144,"column":11}},"locations":[{"start":{"line":135,"column":32},"end":{"line":144,"column":11}}]},"23":{"type":"branch","line":141,"loc":{"start":{"line":141,"column":10},"end":{"line":144,"column":11}},"locations":[{"start":{"line":141,"column":10},"end":{"line":144,"column":11}}]},"24":{"type":"branch","line":145,"loc":{"start":{"line":145,"column":8},"end":{"line":148,"column":9}},"locations":[{"start":{"line":145,"column":8},"end":{"line":148,"column":9}}]},"25":{"type":"branch","line":150,"loc":{"start":{"line":150,"column":32},"end":{"line":152,"column":7}},"locations":[{"start":{"line":150,"column":32},"end":{"line":152,"column":7}}]},"26":{"type":"branch","line":152,"loc":{"start":{"line":152,"column":6},"end":{"line":155,"column":11}},"locations":[{"start":{"line":152,"column":6},"end":{"line":155,"column":11}}]},"27":{"type":"branch","line":155,"loc":{"start":{"line":155,"column":4},"end":{"line":162,"column":5}},"locations":[{"start":{"line":155,"column":4},"end":{"line":162,"column":5}}]},"28":{"type":"branch","line":158,"loc":{"start":{"line":158,"column":27},"end":{"line":158,"column":61}},"locations":[{"start":{"line":158,"column":27},"end":{"line":158,"column":61}}]},"29":{"type":"branch","line":158,"loc":{"start":{"line":158,"column":54},"end":{"line":158,"column":83}},"locations":[{"start":{"line":158,"column":54},"end":{"line":158,"column":83}}]},"30":{"type":"branch","line":158,"loc":{"start":{"line":158,"column":83},"end":{"line":160,"column":7}},"locations":[{"start":{"line":158,"column":83},"end":{"line":160,"column":7}}]},"31":{"type":"branch","line":162,"loc":{"start":{"line":162,"column":4},"end":{"line":167,"column":35}},"locations":[{"start":{"line":162,"column":4},"end":{"line":167,"column":35}}]},"32":{"type":"branch","line":167,"loc":{"start":{"line":167,"column":25},"end":{"line":167,"column":60}},"locations":[{"start":{"line":167,"column":25},"end":{"line":167,"column":60}}]},"33":{"type":"branch","line":167,"loc":{"start":{"line":167,"column":60},"end":{"line":169,"column":5}},"locations":[{"start":{"line":167,"column":60},"end":{"line":169,"column":5}}]},"34":{"type":"branch","line":169,"loc":{"start":{"line":169,"column":4},"end":{"line":172,"column":30}},"locations":[{"start":{"line":169,"column":4},"end":{"line":172,"column":30}}]},"35":{"type":"branch","line":172,"loc":{"start":{"line":172,"column":30},"end":{"line":179,"column":5}},"locations":[{"start":{"line":172,"column":30},"end":{"line":179,"column":5}}]},"36":{"type":"branch","line":175,"loc":{"start":{"line":175,"column":6},"end":{"line":178,"column":7}},"locations":[{"start":{"line":175,"column":6},"end":{"line":178,"column":7}}]},"37":{"type":"branch","line":180,"loc":{"start":{"line":180,"column":2},"end":{"line":183,"column":1}},"locations":[{"start":{"line":180,"column":2},"end":{"line":183,"column":1}}]},"38":{"type":"branch","line":188,"loc":{"start":{"line":188,"column":0},"end":{"line":197,"column":1}},"locations":[{"start":{"line":188,"column":0},"end":{"line":197,"column":1}}]},"39":{"type":"branch","line":190,"loc":{"start":{"line":190,"column":14},"end":{"line":190,"column":45}},"locations":[{"start":{"line":190,"column":14},"end":{"line":190,"column":45}}]},"40":{"type":"branch","line":190,"loc":{"start":{"line":190,"column":45},"end":{"line":192,"column":3}},"locations":[{"start":{"line":190,"column":45},"end":{"line":192,"column":3}}]},"41":{"type":"branch","line":192,"loc":{"start":{"line":192,"column":2},"end":{"line":197,"column":1}},"locations":[{"start":{"line":192,"column":2},"end":{"line":197,"column":1}}]},"42":{"type":"branch","line":196,"loc":{"start":{"line":196,"column":27},"end":{"line":196,"column":57}},"locations":[{"start":{"line":196,"column":27},"end":{"line":196,"column":57}}]},"43":{"type":"branch","line":217,"loc":{"start":{"line":217,"column":7},"end":{"line":237,"column":1}},"locations":[{"start":{"line":217,"column":7},"end":{"line":237,"column":1}}]},"44":{"type":"branch","line":218,"loc":{"start":{"line":218,"column":47},"end":{"line":220,"column":3}},"locations":[{"start":{"line":218,"column":47},"end":{"line":220,"column":3}}]},"45":{"type":"branch","line":220,"loc":{"start":{"line":220,"column":2},"end":{"line":224,"column":51}},"locations":[{"start":{"line":220,"column":2},"end":{"line":224,"column":51}}]},"46":{"type":"branch","line":224,"loc":{"start":{"line":224,"column":51},"end":{"line":234,"column":3}},"locations":[{"start":{"line":224,"column":51},"end":{"line":234,"column":3}}]},"47":{"type":"branch","line":227,"loc":{"start":{"line":227,"column":36},"end":{"line":231,"column":11}},"locations":[{"start":{"line":227,"column":36},"end":{"line":231,"column":11}}]},"48":{"type":"branch","line":231,"loc":{"start":{"line":231,"column":4},"end":{"line":233,"column":5}},"locations":[{"start":{"line":231,"column":4},"end":{"line":233,"column":5}}]},"49":{"type":"branch","line":234,"loc":{"start":{"line":234,"column":2},"end":{"line":237,"column":1}},"locations":[{"start":{"line":234,"column":2},"end":{"line":237,"column":1}}]},"50":{"type":"branch","line":253,"loc":{"start":{"line":253,"column":7},"end":{"line":259,"column":1}},"locations":[{"start":{"line":253,"column":7},"end":{"line":259,"column":1}}]},"51":{"type":"branch","line":254,"loc":{"start":{"line":254,"column":39},"end":{"line":258,"column":3}},"locations":[{"start":{"line":254,"column":39},"end":{"line":258,"column":3}}]},"52":{"type":"branch","line":255,"loc":{"start":{"line":255,"column":8},"end":{"line":255,"column":40}},"locations":[{"start":{"line":255,"column":8},"end":{"line":255,"column":40}}]},"53":{"type":"branch","line":255,"loc":{"start":{"line":255,"column":40},"end":{"line":257,"column":5}},"locations":[{"start":{"line":255,"column":40},"end":{"line":257,"column":5}}]},"54":{"type":"branch","line":258,"loc":{"start":{"line":258,"column":2},"end":{"line":259,"column":1}},"locations":[{"start":{"line":258,"column":2},"end":{"line":259,"column":1}}]}},"b":{"0":[2],"1":[18],"2":[17],"3":[1],"4":[17],"5":[27],"6":[38],"7":[11],"8":[0],"9":[112],"10":[85],"11":[0],"12":[0],"13":[1],"14":[26],"15":[0],"16":[26],"17":[10],"18":[107],"19":[98],"20":[4],"21":[4],"22":[2],"23":[0],"24":[94],"25":[1],"26":[9],"27":[16],"28":[48],"29":[41],"30":[41],"31":[25],"32":[10],"33":[0],"34":[25],"35":[10],"36":[0],"37":[15],"38":[13],"39":[11],"40":[2],"41":[11],"42":[77],"43":[10],"44":[1],"45":[9],"46":[13],"47":[5],"48":[8],"49":[9],"50":[3],"51":[5],"52":[4],"53":[1],"54":[2]},"fnMap":{"0":{"name":"MetadataParseError","decl":{"start":{"line":55,"column":2},"end":{"line":58,"column":3}},"loc":{"start":{"line":55,"column":2},"end":{"line":58,"column":3}},"line":55},"1":{"name":"parseMetadata","decl":{"start":{"line":80,"column":7},"end":{"line":183,"column":1}},"loc":{"start":{"line":80,"column":7},"end":{"line":183,"column":1}},"line":80},"2":{"name":"needsQuotes","decl":{"start":{"line":188,"column":0},"end":{"line":197,"column":1}},"loc":{"start":{"line":188,"column":0},"end":{"line":197,"column":1}},"line":188},"3":{"name":"formatMetadata","decl":{"start":{"line":217,"column":7},"end":{"line":237,"column":1}},"loc":{"start":{"line":217,"column":7},"end":{"line":237,"column":1}},"line":217},"4":{"name":"validateMetadata","decl":{"start":{"line":253,"column":7},"end":{"line":259,"column":1}},"loc":{"start":{"line":253,"column":7},"end":{"line":259,"column":1}},"line":253}},"f":{"0":2,"1":18,"2":13,"3":10,"4":3}}
,"/Users/gporcari/Sviluppo/genro_ng/meta-genro-modules/sub-projects/genro-tytx/ts/src/model.ts": {"path":"/Users/gporcari/Sviluppo/genro_ng/meta-genro-modules/sub-projects/genro-tytx/ts/src/model.ts","all":false,"statementMap":{"0":{"start":{"line":1,"column":0},"end":{"line":1,"column":3}},"56":{"start":{"line":57,"column":0},"end":{"line":57,"column":24}},"68":{"start":{"line":69,"column":0},"end":{"line":69,"column":20}},"69":{"start":{"line":70,"column":0},"end":{"line":70,"column":46}},"70":{"start":{"line":71,"column":0},"end":{"line":71,"column":3}},"82":{"start":{"line":83,"column":0},"end":{"line":83,"column":31}},"83":{"start":{"line":84,"column":0},"end":{"line":84,"column":40}},"84":{"start":{"line":85,"column":0},"end":{"line":85,"column":3}},"90":{"start":{"line":91,"column":0},"end":{"line":91,"column":55}},"91":{"start":{"line":92,"column":0},"end":{"line":92,"column":47}},"92":{"start":{"line":93,"column":0},"end":{"line":93,"column":42}},"93":{"start":{"line":94,"column":0},"end":{"line":94,"column":59}},"94":{"start":{"line":95,"column":0},"end":{"line":95,"column":40}},"95":{"start":{"line":96,"column":0},"end":{"line":96,"column":28}},"96":{"start":{"line":97,"column":0},"end":{"line":97,"column":7}},"97":{"start":{"line":98,"column":0},"end":{"line":98,"column":5}},"98":{"start":{"line":99,"column":0},"end":{"line":99,"column":18}},"99":{"start":{"line":100,"column":0},"end":{"line":100,"column":3}},"113":{"start":{"line":114,"column":0},"end":{"line":114,"column":39}},"115":{"start":{"line":116,"column":0},"end":{"line":116,"column":42}},"116":{"start":{"line":117,"column":0},"end":{"line":117,"column":8}},"117":{"start":{"line":118,"column":0},"end":{"line":118,"column":81}},"118":{"start":{"line":119,"column":0},"end":{"line":119,"column":32}},"119":{"start":{"line":120,"column":0},"end":{"line":120,"column":34}},"120":{"start":{"line":121,"column":0},"end":{"line":121,"column":20}},"121":{"start":{"line":122,"column":0},"end":{"line":122,"column":3}},"136":{"start":{"line":137,"column":0},"end":{"line":137,"column":46}},"138":{"start":{"line":139,"column":0},"end":{"line":139,"column":36}},"139":{"start":{"line":140,"column":0},"end":{"line":140,"column":8}},"140":{"start":{"line":141,"column":0},"end":{"line":141,"column":33}},"141":{"start":{"line":142,"column":0},"end":{"line":142,"column":32}},"142":{"start":{"line":143,"column":0},"end":{"line":143,"column":34}},"143":{"start":{"line":144,"column":0},"end":{"line":144,"column":20}},"144":{"start":{"line":145,"column":0},"end":{"line":145,"column":3}},"158":{"start":{"line":159,"column":0},"end":{"line":159,"column":46}},"160":{"start":{"line":161,"column":0},"end":{"line":161,"column":24}},"161":{"start":{"line":162,"column":0},"end":{"line":162,"column":23}},"162":{"start":{"line":163,"column":0},"end":{"line":163,"column":17}},"163":{"start":{"line":164,"column":0},"end":{"line":164,"column":46}},"164":{"start":{"line":165,"column":0},"end":{"line":165,"column":68}},"165":{"start":{"line":166,"column":0},"end":{"line":166,"column":31}},"166":{"start":{"line":167,"column":0},"end":{"line":167,"column":3}},"181":{"start":{"line":182,"column":0},"end":{"line":182,"column":51}},"183":{"start":{"line":184,"column":0},"end":{"line":184,"column":24}},"184":{"start":{"line":185,"column":0},"end":{"line":185,"column":23}},"185":{"start":{"line":186,"column":0},"end":{"line":186,"column":19}},"186":{"start":{"line":187,"column":0},"end":{"line":187,"column":46}},"187":{"start":{"line":188,"column":0},"end":{"line":188,"column":54}},"189":{"start":{"line":190,"column":0},"end":{"line":190,"column":31}},"190":{"start":{"line":191,"column":0},"end":{"line":191,"column":53}},"191":{"start":{"line":192,"column":0},"end":{"line":192,"column":5}},"193":{"start":{"line":194,"column":0},"end":{"line":194,"column":78}},"194":{"start":{"line":195,"column":0},"end":{"line":195,"column":3}},"205":{"start":{"line":206,"column":0},"end":{"line":206,"column":53}},"207":{"start":{"line":208,"column":0},"end":{"line":208,"column":24}},"208":{"start":{"line":209,"column":0},"end":{"line":209,"column":23}},"209":{"start":{"line":210,"column":0},"end":{"line":210,"column":17}},"210":{"start":{"line":211,"column":0},"end":{"line":211,"column":46}},"211":{"start":{"line":212,"column":0},"end":{"line":212,"column":48}},"212":{"start":{"line":213,"column":0},"end":{"line":213,"column":40}},"213":{"start":{"line":214,"column":0},"end":{"line":214,"column":3}},"224":{"start":{"line":225,"column":0},"end":{"line":225,"column":58}},"226":{"start":{"line":227,"column":0},"end":{"line":227,"column":24}},"227":{"start":{"line":228,"column":0},"end":{"line":228,"column":23}},"228":{"start":{"line":229,"column":0},"end":{"line":229,"column":19}},"229":{"start":{"line":230,"column":0},"end":{"line":230,"column":46}},"230":{"start":{"line":231,"column":0},"end":{"line":231,"column":48}},"231":{"start":{"line":232,"column":0},"end":{"line":232,"column":46}},"233":{"start":{"line":234,"column":0},"end":{"line":234,"column":31}},"234":{"start":{"line":235,"column":0},"end":{"line":235,"column":53}},"235":{"start":{"line":236,"column":0},"end":{"line":236,"column":5}},"237":{"start":{"line":238,"column":0},"end":{"line":238,"column":31}},"238":{"start":{"line":239,"column":0},"end":{"line":239,"column":34}},"239":{"start":{"line":240,"column":0},"end":{"line":240,"column":36}},"240":{"start":{"line":241,"column":0},"end":{"line":241,"column":22}},"241":{"start":{"line":242,"column":0},"end":{"line":242,"column":7}},"242":{"start":{"line":243,"column":0},"end":{"line":243,"column":3}},"243":{"start":{"line":244,"column":0},"end":{"line":244,"column":1}}},"s":{"0":1,"56":1,"68":1,"69":2,"70":2,"82":1,"83":3,"84":3,"90":1,"91":6,"92":6,"93":14,"94":14,"95":14,"96":14,"97":14,"98":6,"99":6,"113":1,"115":6,"116":6,"117":6,"118":6,"119":6,"120":6,"121":6,"136":1,"138":2,"139":2,"140":2,"141":2,"142":2,"143":2,"144":2,"158":1,"160":1,"161":1,"162":1,"163":1,"164":1,"165":1,"166":1,"181":1,"183":2,"184":2,"185":2,"186":2,"187":2,"189":2,"190":1,"191":1,"193":1,"194":2,"205":1,"207":1,"208":1,"209":1,"210":1,"211":1,"212":1,"213":1,"224":1,"226":2,"227":2,"228":2,"229":2,"230":2,"231":2,"233":2,"234":1,"235":1,"237":1,"238":1,"239":1,"240":1,"241":1,"242":2,"243":1},"branchMap":{"0":{"type":"branch","line":69,"loc":{"start":{"line":69,"column":2},"end":{"line":71,"column":3}},"locations":[{"start":{"line":69,"column":2},"end":{"line":71,"column":3}}]},"1":{"type":"branch","line":83,"loc":{"start":{"line":83,"column":2},"end":{"line":85,"column":3}},"locations":[{"start":{"line":83,"column":2},"end":{"line":85,"column":3}}]},"2":{"type":"branch","line":91,"loc":{"start":{"line":91,"column":12},"end":{"line":100,"column":3}},"locations":[{"start":{"line":91,"column":12},"end":{"line":100,"column":3}}]},"3":{"type":"branch","line":93,"loc":{"start":{"line":93,"column":41},"end":{"line":98,"column":5}},"locations":[{"start":{"line":93,"column":41},"end":{"line":98,"column":5}}]},"4":{"type":"branch","line":114,"loc":{"start":{"line":114,"column":9},"end":{"line":122,"column":3}},"locations":[{"start":{"line":114,"column":9},"end":{"line":122,"column":3}}]},"5":{"type":"branch","line":118,"loc":{"start":{"line":118,"column":33},"end":{"line":118,"column":61}},"locations":[{"start":{"line":118,"column":33},"end":{"line":118,"column":61}}]},"6":{"type":"branch","line":118,"loc":{"start":{"line":118,"column":57},"end":{"line":118,"column":81}},"locations":[{"start":{"line":118,"column":57},"end":{"line":118,"column":81}}]},"7":{"type":"branch","line":137,"loc":{"start":{"line":137,"column":9},"end":{"line":145,"column":3}},"locations":[{"start":{"line":137,"column":9},"end":{"line":145,"column":3}}]},"8":{"type":"branch","line":159,"loc":{"start":{"line":159,"column":2},"end":{"line":167,"column":3}},"locations":[{"start":{"line":159,"column":2},"end":{"line":167,"column":3}}]},"9":{"type":"branch","line":182,"loc":{"start":{"line":182,"column":2},"end":{"line":195,"column":3}},"locations":[{"start":{"line":182,"column":2},"end":{"line":195,"column":3}}]},"10":{"type":"branch","line":190,"loc":{"start":{"line":190,"column":30},"end":{"line":194,"column":78}},"locations":[{"start":{"line":190,"column":30},"end":{"line":194,"column":78}}]},"11":{"type":"branch","line":194,"loc":{"start":{"line":194,"column":20},"end":{"line":194,"column":76}},"locations":[{"start":{"line":194,"column":20},"end":{"line":194,"column":76}}]},"12":{"type":"branch","line":206,"loc":{"start":{"line":206,"column":2},"end":{"line":214,"column":3}},"locations":[{"start":{"line":206,"column":2},"end":{"line":214,"column":3}}]},"13":{"type":"branch","line":225,"loc":{"start":{"line":225,"column":2},"end":{"line":243,"column":3}},"locations":[{"start":{"line":225,"column":2},"end":{"line":243,"column":3}}]},"14":{"type":"branch","line":234,"loc":{"start":{"line":234,"column":30},"end":{"line":242,"column":7}},"locations":[{"start":{"line":234,"column":30},"end":{"line":242,"column":7}}]},"15":{"type":"branch","line":238,"loc":{"start":{"line":238,"column":20},"end":{"line":242,"column":5}},"locations":[{"start":{"line":238,"column":20},"end":{"line":242,"column":5}}]}},"b":{"0":[2],"1":[3],"2":[6],"3":[14],"4":[6],"5":[3],"6":[3],"7":[2],"8":[1],"9":[2],"10":[1],"11":[1],"12":[1],"13":[2],"14":[1],"15":[1]},"fnMap":{"0":{"name":"toTytx","decl":{"start":{"line":69,"column":2},"end":{"line":71,"column":3}},"loc":{"start":{"line":69,"column":2},"end":{"line":71,"column":3}},"line":69},"1":{"name":"toTytxMsgpack","decl":{"start":{"line":83,"column":2},"end":{"line":85,"column":3}},"loc":{"start":{"line":83,"column":2},"end":{"line":85,"column":3}},"line":83},"2":{"name":"_getProperties","decl":{"start":{"line":91,"column":12},"end":{"line":100,"column":3}},"loc":{"start":{"line":91,"column":12},"end":{"line":100,"column":3}},"line":91},"3":{"name":"fromTytx","decl":{"start":{"line":114,"column":9},"end":{"line":122,"column":3}},"loc":{"start":{"line":114,"column":9},"end":{"line":122,"column":3}},"line":114},"4":{"name":"fromTytxMsgpack","decl":{"start":{"line":137,"column":9},"end":{"line":145,"column":3}},"loc":{"start":{"line":137,"column":9},"end":{"line":145,"column":3}},"line":137},"5":{"name":"fetchTytx","decl":{"start":{"line":159,"column":2},"end":{"line":167,"column":3}},"loc":{"start":{"line":159,"column":2},"end":{"line":167,"column":3}},"line":159},"6":{"name":"fetchTytxArray","decl":{"start":{"line":182,"column":2},"end":{"line":195,"column":3}},"loc":{"start":{"line":182,"column":2},"end":{"line":195,"column":3}},"line":182},"7":{"name":"fetchTytxMsgpack","decl":{"start":{"line":206,"column":2},"end":{"line":214,"column":3}},"loc":{"start":{"line":206,"column":2},"end":{"line":214,"column":3}},"line":206},"8":{"name":"fetchTytxMsgpackArray","decl":{"start":{"line":225,"column":2},"end":{"line":243,"column":3}},"loc":{"start":{"line":225,"column":2},"end":{"line":243,"column":3}},"line":225}},"f":{"0":2,"1":3,"2":6,"3":6,"4":2,"5":1,"6":2,"7":1,"8":2}}
,"/Users/gporcari/Sviluppo/genro_ng/meta-genro-modules/sub-projects/genro-tytx/ts/src/msgpack.ts": {"path":"/Users/gporcari/Sviluppo/genro_ng/meta-genro-modules/sub-projects/genro-tytx/ts/src/msgpack.ts","all":false,"statementMap":{"0":{"start":{"line":1,"column":0},"end":{"line":1,"column":3}},"15":{"start":{"line":16,"column":0},"end":{"line":16,"column":32}},"20":{"start":{"line":21,"column":0},"end":{"line":21,"column":75}},"25":{"start":{"line":26,"column":0},"end":{"line":26,"column":58}},"26":{"start":{"line":27,"column":0},"end":{"line":27,"column":42}},"28":{"start":{"line":29,"column":0},"end":{"line":29,"column":39}},"29":{"start":{"line":30,"column":0},"end":{"line":30,"column":5}},"31":{"start":{"line":32,"column":0},"end":{"line":32,"column":7}},"32":{"start":{"line":33,"column":0},"end":{"line":33,"column":20}},"33":{"start":{"line":34,"column":0},"end":{"line":34,"column":11}},"34":{"start":{"line":35,"column":0},"end":{"line":35,"column":20}},"35":{"start":{"line":36,"column":0},"end":{"line":36,"column":64}},"37":{"start":{"line":38,"column":0},"end":{"line":38,"column":6}},"38":{"start":{"line":39,"column":0},"end":{"line":39,"column":3}},"39":{"start":{"line":40,"column":0},"end":{"line":40,"column":1}},"44":{"start":{"line":45,"column":0},"end":{"line":45,"column":100}},"45":{"start":{"line":46,"column":0},"end":{"line":46,"column":25}},"46":{"start":{"line":47,"column":0},"end":{"line":47,"column":1}},"54":{"start":{"line":55,"column":0},"end":{"line":55,"column":46}},"55":{"start":{"line":56,"column":0},"end":{"line":56,"column":39}},"56":{"start":{"line":57,"column":0},"end":{"line":57,"column":56}},"57":{"start":{"line":58,"column":0},"end":{"line":58,"column":48}},"58":{"start":{"line":59,"column":0},"end":{"line":59,"column":49}},"59":{"start":{"line":60,"column":0},"end":{"line":60,"column":3}},"61":{"start":{"line":62,"column":0},"end":{"line":62,"column":15}},"62":{"start":{"line":63,"column":0},"end":{"line":63,"column":1}},"72":{"start":{"line":73,"column":0},"end":{"line":73,"column":49}},"73":{"start":{"line":74,"column":0},"end":{"line":74,"column":31}},"75":{"start":{"line":76,"column":0},"end":{"line":76,"column":26}},"77":{"start":{"line":78,"column":0},"end":{"line":78,"column":37}},"78":{"start":{"line":79,"column":0},"end":{"line":79,"column":51}},"79":{"start":{"line":80,"column":0},"end":{"line":80,"column":57}},"80":{"start":{"line":81,"column":0},"end":{"line":81,"column":31}},"81":{"start":{"line":82,"column":0},"end":{"line":82,"column":3}},"83":{"start":{"line":84,"column":0},"end":{"line":84,"column":29}},"84":{"start":{"line":85,"column":0},"end":{"line":85,"column":1}},"95":{"start":{"line":96,"column":0},"end":{"line":96,"column":75}},"96":{"start":{"line":97,"column":0},"end":{"line":97,"column":31}},"98":{"start":{"line":99,"column":0},"end":{"line":99,"column":45}},"99":{"start":{"line":100,"column":0},"end":{"line":100,"column":18}},"100":{"start":{"line":101,"column":0},"end":{"line":101,"column":24}},"101":{"start":{"line":102,"column":0},"end":{"line":102,"column":61}},"102":{"start":{"line":103,"column":0},"end":{"line":103,"column":35}},"103":{"start":{"line":104,"column":0},"end":{"line":104,"column":53}},"104":{"start":{"line":105,"column":0},"end":{"line":105,"column":31}},"105":{"start":{"line":106,"column":0},"end":{"line":106,"column":6}},"106":{"start":{"line":107,"column":0},"end":{"line":107,"column":5}},"108":{"start":{"line":109,"column":0},"end":{"line":109,"column":80}},"109":{"start":{"line":110,"column":0},"end":{"line":110,"column":63}},"110":{"start":{"line":111,"column":0},"end":{"line":111,"column":1}}},"s":{"0":1,"15":1,"20":1,"25":23,"26":23,"28":22,"29":22,"31":23,"32":23,"33":23,"34":1,"35":1,"37":1,"38":1,"39":23,"44":1,"45":2,"46":2,"54":32,"55":32,"56":32,"57":32,"58":9,"59":9,"61":20,"62":20,"72":1,"73":12,"75":12,"77":1,"78":1,"79":1,"80":1,"81":1,"83":10,"84":10,"95":1,"96":11,"98":11,"99":11,"100":11,"101":11,"102":11,"103":1,"104":1,"105":1,"106":11,"108":11,"109":11,"110":11},"branchMap":{"0":{"type":"branch","line":26,"loc":{"start":{"line":26,"column":0},"end":{"line":40,"column":1}},"locations":[{"start":{"line":26,"column":0},"end":{"line":40,"column":1}}]},"1":{"type":"branch","line":27,"loc":{"start":{"line":27,"column":17},"end":{"line":30,"column":5}},"locations":[{"start":{"line":27,"column":17},"end":{"line":30,"column":5}}]},"2":{"type":"branch","line":34,"loc":{"start":{"line":34,"column":2},"end":{"line":39,"column":3}},"locations":[{"start":{"line":34,"column":2},"end":{"line":39,"column":3}}]},"3":{"type":"branch","line":27,"loc":{"start":{"line":27,"column":35},"end":{"line":30,"column":5}},"locations":[{"start":{"line":27,"column":35},"end":{"line":30,"column":5}}]},"4":{"type":"branch","line":45,"loc":{"start":{"line":45,"column":7},"end":{"line":47,"column":1}},"locations":[{"start":{"line":45,"column":7},"end":{"line":47,"column":1}}]},"5":{"type":"branch","line":55,"loc":{"start":{"line":55,"column":0},"end":{"line":63,"column":1}},"locations":[{"start":{"line":55,"column":0},"end":{"line":63,"column":1}}]},"6":{"type":"branch","line":56,"loc":{"start":{"line":56,"column":27},"end":{"line":56,"column":39}},"locations":[{"start":{"line":56,"column":27},"end":{"line":56,"column":39}}]},"7":{"type":"branch","line":56,"loc":{"start":{"line":56,"column":34},"end":{"line":57,"column":33}},"locations":[{"start":{"line":56,"column":34},"end":{"line":57,"column":33}}]},"8":{"type":"branch","line":57,"loc":{"start":{"line":57,"column":26},"end":{"line":57,"column":56}},"locations":[{"start":{"line":57,"column":26},"end":{"line":57,"column":56}}]},"9":{"type":"branch","line":57,"loc":{"start":{"line":57,"column":54},"end":{"line":58,"column":47}},"locations":[{"start":{"line":57,"column":54},"end":{"line":58,"column":47}}]},"10":{"type":"branch","line":58,"loc":{"start":{"line":58,"column":47},"end":{"line":63,"column":1}},"locations":[{"start":{"line":58,"column":47},"end":{"line":63,"column":1}}]},"11":{"type":"branch","line":58,"loc":{"start":{"line":58,"column":47},"end":{"line":60,"column":3}},"locations":[{"start":{"line":58,"column":47},"end":{"line":60,"column":3}}]},"12":{"type":"branch","line":60,"loc":{"start":{"line":60,"column":2},"end":{"line":63,"column":1}},"locations":[{"start":{"line":60,"column":2},"end":{"line":63,"column":1}}]},"13":{"type":"branch","line":73,"loc":{"start":{"line":73,"column":7},"end":{"line":85,"column":1}},"locations":[{"start":{"line":73,"column":7},"end":{"line":85,"column":1}}]},"14":{"type":"branch","line":76,"loc":{"start":{"line":76,"column":25},"end":{"line":82,"column":3}},"locations":[{"start":{"line":76,"column":25},"end":{"line":82,"column":3}}]},"15":{"type":"branch","line":82,"loc":{"start":{"line":82,"column":2},"end":{"line":85,"column":1}},"locations":[{"start":{"line":82,"column":2},"end":{"line":85,"column":1}}]},"16":{"type":"branch","line":96,"loc":{"start":{"line":96,"column":7},"end":{"line":111,"column":1}},"locations":[{"start":{"line":96,"column":7},"end":{"line":111,"column":1}}]},"17":{"type":"branch","line":109,"loc":{"start":{"line":109,"column":34},"end":{"line":109,"column":73}},"locations":[{"start":{"line":109,"column":34},"end":{"line":109,"column":73}}]},"18":{"type":"branch","line":109,"loc":{"start":{"line":109,"column":69},"end":{"line":109,"column":80}},"locations":[{"start":{"line":109,"column":69},"end":{"line":109,"column":80}}]},"19":{"type":"branch","line":103,"loc":{"start":{"line":103,"column":12},"end":{"line":106,"column":6}},"locations":[{"start":{"line":103,"column":12},"end":{"line":106,"column":6}}]}},"b":{"0":[23],"1":[22],"2":[1],"3":[22],"4":[2],"5":[32],"6":[1],"7":[31],"8":[2],"9":[29],"10":[31],"11":[9],"12":[20],"13":[12],"14":[1],"15":[10],"16":[11],"17":[4],"18":[7],"19":[1]},"fnMap":{"0":{"name":"getMsgpack","decl":{"start":{"line":26,"column":0},"end":{"line":40,"column":1}},"loc":{"start":{"line":26,"column":0},"end":{"line":40,"column":1}},"line":26},"1":{"name":"__setMsgpackLoader","decl":{"start":{"line":45,"column":7},"end":{"line":47,"column":1}},"loc":{"start":{"line":45,"column":7},"end":{"line":47,"column":1}},"line":45},"2":{"name":"hasTytxTypes","decl":{"start":{"line":55,"column":0},"end":{"line":63,"column":1}},"loc":{"start":{"line":55,"column":0},"end":{"line":63,"column":1}},"line":55},"3":{"name":"packb","decl":{"start":{"line":73,"column":7},"end":{"line":85,"column":1}},"loc":{"start":{"line":73,"column":7},"end":{"line":85,"column":1}},"line":73},"4":{"name":"unpackb","decl":{"start":{"line":96,"column":7},"end":{"line":111,"column":1}},"loc":{"start":{"line":96,"column":7},"end":{"line":111,"column":1}},"line":96},"5":{"name":"encode","decl":{"start":{"line":102,"column":12},"end":{"line":102,"column":61}},"loc":{"start":{"line":102,"column":12},"end":{"line":102,"column":61}},"line":102},"6":{"name":"decode","decl":{"start":{"line":103,"column":12},"end":{"line":106,"column":6}},"loc":{"start":{"line":103,"column":12},"end":{"line":106,"column":6}},"line":103}},"f":{"0":23,"1":2,"2":32,"3":12,"4":11,"5":0,"6":1}}
,"/Users/gporcari/Sviluppo/genro_ng/meta-genro-modules/sub-projects/genro-tytx/ts/src/registry.ts": {"path":"/Users/gporcari/Sviluppo/genro_ng/meta-genro-modules/sub-projects/genro-tytx/ts/src/registry.ts","all":false,"statementMap":{"0":{"start":{"line":1,"column":0},"end":{"line":1,"column":3}},"15":{"start":{"line":16,"column":0},"end":{"line":16,"column":33}},"20":{"start":{"line":21,"column":0},"end":{"line":21,"column":33}},"25":{"start":{"line":26,"column":0},"end":{"line":26,"column":32}},"83":{"start":{"line":84,"column":0},"end":{"line":84,"column":35}},"84":{"start":{"line":85,"column":0},"end":{"line":85,"column":12}},"85":{"start":{"line":86,"column":0},"end":{"line":86,"column":14}},"86":{"start":{"line":87,"column":0},"end":{"line":87,"column":48}},"87":{"start":{"line":88,"column":0},"end":{"line":88,"column":58}},"88":{"start":{"line":89,"column":0},"end":{"line":89,"column":46}},"89":{"start":{"line":90,"column":0},"end":{"line":90,"column":57}},"90":{"start":{"line":91,"column":0},"end":{"line":91,"column":2}},"92":{"start":{"line":93,"column":0},"end":{"line":93,"column":37}},"93":{"start":{"line":94,"column":0},"end":{"line":94,"column":12}},"94":{"start":{"line":95,"column":0},"end":{"line":95,"column":16}},"95":{"start":{"line":96,"column":0},"end":{"line":96,"column":46}},"96":{"start":{"line":97,"column":0},"end":{"line":97,"column":46}},"97":{"start":{"line":98,"column":0},"end":{"line":98,"column":46}},"98":{"start":{"line":99,"column":0},"end":{"line":99,"column":58}},"99":{"start":{"line":100,"column":0},"end":{"line":100,"column":2}},"101":{"start":{"line":102,"column":0},"end":{"line":102,"column":45}},"103":{"start":{"line":104,"column":0},"end":{"line":104,"column":48}},"104":{"start":{"line":105,"column":0},"end":{"line":105,"column":12}},"105":{"start":{"line":106,"column":0},"end":{"line":106,"column":18}},"106":{"start":{"line":107,"column":0},"end":{"line":107,"column":46}},"108":{"start":{"line":109,"column":0},"end":{"line":109,"column":9}},"110":{"start":{"line":111,"column":0},"end":{"line":111,"column":76}},"111":{"start":{"line":112,"column":0},"end":{"line":112,"column":68}},"112":{"start":{"line":113,"column":0},"end":{"line":113,"column":32}},"113":{"start":{"line":114,"column":0},"end":{"line":114,"column":13}},"114":{"start":{"line":115,"column":0},"end":{"line":115,"column":31}},"115":{"start":{"line":116,"column":0},"end":{"line":116,"column":5}},"116":{"start":{"line":117,"column":0},"end":{"line":117,"column":4}},"117":{"start":{"line":118,"column":0},"end":{"line":118,"column":55}},"118":{"start":{"line":119,"column":0},"end":{"line":119,"column":55}},"119":{"start":{"line":120,"column":0},"end":{"line":120,"column":59}},"120":{"start":{"line":121,"column":0},"end":{"line":121,"column":2}},"122":{"start":{"line":123,"column":0},"end":{"line":123,"column":37}},"123":{"start":{"line":124,"column":0},"end":{"line":124,"column":12}},"124":{"start":{"line":125,"column":0},"end":{"line":125,"column":15}},"125":{"start":{"line":126,"column":0},"end":{"line":126,"column":29}},"126":{"start":{"line":127,"column":0},"end":{"line":127,"column":38}},"127":{"start":{"line":128,"column":0},"end":{"line":128,"column":54}},"128":{"start":{"line":129,"column":0},"end":{"line":129,"column":4}},"129":{"start":{"line":130,"column":0},"end":{"line":130,"column":47}},"130":{"start":{"line":131,"column":0},"end":{"line":131,"column":75}},"131":{"start":{"line":132,"column":0},"end":{"line":132,"column":2}},"133":{"start":{"line":134,"column":0},"end":{"line":134,"column":35}},"134":{"start":{"line":135,"column":0},"end":{"line":135,"column":12}},"135":{"start":{"line":136,"column":0},"end":{"line":136,"column":14}},"136":{"start":{"line":137,"column":0},"end":{"line":137,"column":34}},"137":{"start":{"line":138,"column":0},"end":{"line":138,"column":38}},"138":{"start":{"line":139,"column":0},"end":{"line":139,"column":73}},"139":{"start":{"line":140,"column":0},"end":{"line":140,"column":2}},"145":{"start":{"line":146,"column":0},"end":{"line":146,"column":34}},"146":{"start":{"line":147,"column":0},"end":{"line":147,"column":12}},"147":{"start":{"line":148,"column":0},"end":{"line":148,"column":15}},"148":{"start":{"line":149,"column":0},"end":{"line":149,"column":63}},"149":{"start":{"line":150,"column":0},"end":{"line":150,"column":31}},"150":{"start":{"line":151,"column":0},"end":{"line":151,"column":40}},"151":{"start":{"line":152,"column":0},"end":{"line":152,"column":67}},"152":{"start":{"line":153,"column":0},"end":{"line":153,"column":60}},"153":{"start":{"line":154,"column":0},"end":{"line":154,"column":37}},"154":{"start":{"line":155,"column":0},"end":{"line":155,"column":4}},"155":{"start":{"line":156,"column":0},"end":{"line":156,"column":46}},"156":{"start":{"line":157,"column":0},"end":{"line":157,"column":47}},"158":{"start":{"line":159,"column":0},"end":{"line":159,"column":12}},"159":{"start":{"line":160,"column":0},"end":{"line":160,"column":34}},"160":{"start":{"line":161,"column":0},"end":{"line":161,"column":36}},"161":{"start":{"line":162,"column":0},"end":{"line":162,"column":36}},"162":{"start":{"line":163,"column":0},"end":{"line":163,"column":41}},"164":{"start":{"line":165,"column":0},"end":{"line":165,"column":97}},"166":{"start":{"line":167,"column":0},"end":{"line":167,"column":4}},"167":{"start":{"line":168,"column":0},"end":{"line":168,"column":2}},"175":{"start":{"line":176,"column":0},"end":{"line":176,"column":38}},"176":{"start":{"line":177,"column":0},"end":{"line":177,"column":14}},"177":{"start":{"line":178,"column":0},"end":{"line":178,"column":19}},"178":{"start":{"line":179,"column":0},"end":{"line":179,"column":44}},"179":{"start":{"line":180,"column":0},"end":{"line":180,"column":31}},"180":{"start":{"line":181,"column":0},"end":{"line":181,"column":40}},"181":{"start":{"line":182,"column":0},"end":{"line":182,"column":67}},"182":{"start":{"line":183,"column":0},"end":{"line":183,"column":60}},"183":{"start":{"line":184,"column":0},"end":{"line":184,"column":63}},"184":{"start":{"line":185,"column":0},"end":{"line":185,"column":67}},"185":{"start":{"line":186,"column":0},"end":{"line":186,"column":67}},"186":{"start":{"line":187,"column":0},"end":{"line":187,"column":69}},"187":{"start":{"line":188,"column":0},"end":{"line":188,"column":4}},"188":{"start":{"line":189,"column":0},"end":{"line":189,"column":46}},"189":{"start":{"line":190,"column":0},"end":{"line":190,"column":47}},"191":{"start":{"line":192,"column":0},"end":{"line":192,"column":25}},"192":{"start":{"line":193,"column":0},"end":{"line":193,"column":34}},"193":{"start":{"line":194,"column":0},"end":{"line":194,"column":36}},"194":{"start":{"line":195,"column":0},"end":{"line":195,"column":36}},"195":{"start":{"line":196,"column":0},"end":{"line":196,"column":39}},"196":{"start":{"line":197,"column":0},"end":{"line":197,"column":19}},"197":{"start":{"line":198,"column":0},"end":{"line":198,"column":95}},"198":{"start":{"line":199,"column":0},"end":{"line":199,"column":38}},"199":{"start":{"line":200,"column":0},"end":{"line":200,"column":4}},"200":{"start":{"line":201,"column":0},"end":{"line":201,"column":2}},"208":{"start":{"line":209,"column":0},"end":{"line":209,"column":43}},"209":{"start":{"line":210,"column":0},"end":{"line":210,"column":13}},"210":{"start":{"line":211,"column":0},"end":{"line":211,"column":25}},"211":{"start":{"line":212,"column":0},"end":{"line":212,"column":44}},"212":{"start":{"line":213,"column":0},"end":{"line":213,"column":31}},"213":{"start":{"line":214,"column":0},"end":{"line":214,"column":40}},"214":{"start":{"line":215,"column":0},"end":{"line":215,"column":67}},"215":{"start":{"line":216,"column":0},"end":{"line":216,"column":60}},"216":{"start":{"line":217,"column":0},"end":{"line":217,"column":63}},"217":{"start":{"line":218,"column":0},"end":{"line":218,"column":67}},"218":{"start":{"line":219,"column":0},"end":{"line":219,"column":67}},"219":{"start":{"line":220,"column":0},"end":{"line":220,"column":68}},"220":{"start":{"line":221,"column":0},"end":{"line":221,"column":4}},"221":{"start":{"line":222,"column":0},"end":{"line":222,"column":76}},"222":{"start":{"line":223,"column":0},"end":{"line":223,"column":2}},"228":{"start":{"line":229,"column":0},"end":{"line":229,"column":34}},"229":{"start":{"line":230,"column":0},"end":{"line":230,"column":12}},"230":{"start":{"line":231,"column":0},"end":{"line":231,"column":15}},"231":{"start":{"line":232,"column":0},"end":{"line":232,"column":66}},"232":{"start":{"line":233,"column":0},"end":{"line":233,"column":31}},"233":{"start":{"line":234,"column":0},"end":{"line":234,"column":63}},"234":{"start":{"line":235,"column":0},"end":{"line":235,"column":67}},"235":{"start":{"line":236,"column":0},"end":{"line":236,"column":67}},"236":{"start":{"line":237,"column":0},"end":{"line":237,"column":44}},"237":{"start":{"line":238,"column":0},"end":{"line":238,"column":4}},"238":{"start":{"line":239,"column":0},"end":{"line":239,"column":46}},"239":{"start":{"line":240,"column":0},"end":{"line":240,"column":47}},"241":{"start":{"line":242,"column":0},"end":{"line":242,"column":12}},"242":{"start":{"line":243,"column":0},"end":{"line":243,"column":94}},"244":{"start":{"line":245,"column":0},"end":{"line":245,"column":4}},"245":{"start":{"line":246,"column":0},"end":{"line":246,"column":2}},"247":{"start":{"line":248,"column":0},"end":{"line":248,"column":36}},"248":{"start":{"line":249,"column":0},"end":{"line":249,"column":13}},"249":{"start":{"line":250,"column":0},"end":{"line":250,"column":15}},"250":{"start":{"line":251,"column":0},"end":{"line":251,"column":56}},"251":{"start":{"line":252,"column":0},"end":{"line":252,"column":54}},"252":{"start":{"line":253,"column":0},"end":{"line":253,"column":46}},"253":{"start":{"line":254,"column":0},"end":{"line":254,"column":76}},"254":{"start":{"line":255,"column":0},"end":{"line":255,"column":2}},"259":{"start":{"line":260,"column":0},"end":{"line":260,"column":27}},"260":{"start":{"line":261,"column":0},"end":{"line":261,"column":76}},"261":{"start":{"line":262,"column":0},"end":{"line":262,"column":81}},"262":{"start":{"line":263,"column":0},"end":{"line":263,"column":101}},"263":{"start":{"line":264,"column":0},"end":{"line":264,"column":64}},"265":{"start":{"line":266,"column":0},"end":{"line":266,"column":17}},"266":{"start":{"line":267,"column":0},"end":{"line":267,"column":28}},"267":{"start":{"line":268,"column":0},"end":{"line":268,"column":3}},"269":{"start":{"line":270,"column":0},"end":{"line":270,"column":36}},"270":{"start":{"line":271,"column":0},"end":{"line":271,"column":22}},"271":{"start":{"line":272,"column":0},"end":{"line":272,"column":14}},"272":{"start":{"line":273,"column":0},"end":{"line":273,"column":16}},"273":{"start":{"line":274,"column":0},"end":{"line":274,"column":18}},"274":{"start":{"line":275,"column":0},"end":{"line":275,"column":15}},"275":{"start":{"line":276,"column":0},"end":{"line":276,"column":14}},"276":{"start":{"line":277,"column":0},"end":{"line":277,"column":15}},"277":{"start":{"line":278,"column":0},"end":{"line":278,"column":19}},"278":{"start":{"line":279,"column":0},"end":{"line":279,"column":43}},"279":{"start":{"line":280,"column":0},"end":{"line":280,"column":15}},"280":{"start":{"line":281,"column":0},"end":{"line":281,"column":15}},"281":{"start":{"line":282,"column":0},"end":{"line":282,"column":6}},"283":{"start":{"line":284,"column":0},"end":{"line":284,"column":34}},"284":{"start":{"line":285,"column":0},"end":{"line":285,"column":26}},"285":{"start":{"line":286,"column":0},"end":{"line":286,"column":5}},"286":{"start":{"line":287,"column":0},"end":{"line":287,"column":3}},"291":{"start":{"line":292,"column":0},"end":{"line":292,"column":34}},"292":{"start":{"line":293,"column":0},"end":{"line":293,"column":36}},"293":{"start":{"line":294,"column":0},"end":{"line":294,"column":41}},"294":{"start":{"line":295,"column":0},"end":{"line":295,"column":3}},"309":{"start":{"line":310,"column":0},"end":{"line":310,"column":20}},"310":{"start":{"line":311,"column":0},"end":{"line":311,"column":17}},"311":{"start":{"line":312,"column":0},"end":{"line":312,"column":68}},"312":{"start":{"line":313,"column":0},"end":{"line":313,"column":37}},"313":{"start":{"line":314,"column":0},"end":{"line":314,"column":29}},"314":{"start":{"line":315,"column":0},"end":{"line":315,"column":11}},"316":{"start":{"line":317,"column":0},"end":{"line":317,"column":36}},"317":{"start":{"line":318,"column":0},"end":{"line":318,"column":40}},"318":{"start":{"line":319,"column":0},"end":{"line":319,"column":106}},"319":{"start":{"line":320,"column":0},"end":{"line":320,"column":76}},"320":{"start":{"line":321,"column":0},"end":{"line":321,"column":14}},"321":{"start":{"line":322,"column":0},"end":{"line":322,"column":24}},"322":{"start":{"line":323,"column":0},"end":{"line":323,"column":78}},"324":{"start":{"line":325,"column":0},"end":{"line":325,"column":10}},"325":{"start":{"line":326,"column":0},"end":{"line":326,"column":7}},"326":{"start":{"line":327,"column":0},"end":{"line":327,"column":5}},"329":{"start":{"line":330,"column":0},"end":{"line":330,"column":28}},"330":{"start":{"line":331,"column":0},"end":{"line":331,"column":36}},"331":{"start":{"line":332,"column":0},"end":{"line":332,"column":82}},"332":{"start":{"line":333,"column":0},"end":{"line":333,"column":82}},"333":{"start":{"line":334,"column":0},"end":{"line":334,"column":14}},"334":{"start":{"line":335,"column":0},"end":{"line":335,"column":24}},"335":{"start":{"li
[...]
,"/Users/gporcari/Sviluppo/genro_ng/meta-genro-modules/sub-projects/genro-tytx/ts/src/types.ts": {"path":"/Users/gporcari/Sviluppo/genro_ng/meta-genro-modules/sub-projects/genro-tytx/ts/src/types.ts","all":false,"statementMap":{"162":{"start":{"line":163,"column":0},"end":{"line":163,"column":57}},"163":{"start":{"line":164,"column":0},"end":{"line":164,"column":34}},"164":{"start":{"line":165,"column":0},"end":{"line":165,"column":17}},"165":{"start":{"line":166,"column":0},"end":{"line":166,"column":3}},"166":{"start":{"line":167,"column":0},"end":{"line":167,"column":27}},"167":{"start":{"line":168,"column":0},"end":{"line":168,"column":1}},"173":{"start":{"line":174,"column":0},"end":{"line":174,"column":80}},"174":{"start":{"line":175,"column":0},"end":{"line":175,"column":34}},"175":{"start":{"line":176,"column":0},"end":{"line":176,"column":21}},"176":{"start":{"line":177,"column":0},"end":{"line":177,"column":3}},"177":{"start":{"line":178,"column":0},"end":{"line":178,"column":24}},"178":{"start":{"line":179,"column":0},"end":{"line":179,"column":1}},"184":{"start":{"line":185,"column":0},"end":{"line":185,"column":68}},"185":{"start":{"line":186,"column":0},"end":{"line":186,"column":34}},"186":{"start":{"line":187,"column":0},"end":{"line":187,"column":21}},"187":{"start":{"line":188,"column":0},"end":{"line":188,"column":3}},"188":{"start":{"line":189,"column":0},"end":{"line":189,"column":18}},"189":{"start":{"line":190,"column":0},"end":{"line":190,"column":1}},"194":{"start":{"line":195,"column":0},"end":{"line":195,"column":69}},"195":{"start":{"line":196,"column":0},"end":{"line":196,"column":46}},"196":{"start":{"line":197,"column":0},"end":{"line":197,"column":38}},"197":{"start":{"line":198,"column":0},"end":{"line":198,"column":43}},"198":{"start":{"line":199,"column":0},"end":{"line":199,"column":1}},"203":{"start":{"line":204,"column":0},"end":{"line":204,"column":63}},"204":{"start":{"line":205,"column":0},"end":{"line":205,"column":38}},"205":{"start":{"line":206,"column":0},"end":{"line":206,"column":42}},"206":{"start":{"line":207,"column":0},"end":{"line":207,"column":1}},"211":{"start":{"line":212,"column":0},"end":{"line":212,"column":58}},"212":{"start":{"line":213,"column":0},"end":{"line":213,"column":38}},"213":{"start":{"line":214,"column":0},"end":{"line":214,"column":29}},"214":{"start":{"line":215,"column":0},"end":{"line":215,"column":1}}},"s":{"162":1,"163":56,"164":34,"165":34,"166":56,"167":56,"173":1,"174":5,"175":2,"176":2,"177":3,"178":3,"184":1,"185":5,"186":2,"187":2,"188":3,"189":3,"194":1,"195":101,"196":100,"197":101,"198":101,"203":1,"204":88,"205":88,"206":88,"211":1,"212":86,"213":86,"214":86},"branchMap":{"0":{"type":"branch","line":163,"loc":{"start":{"line":163,"column":7},"end":{"line":168,"column":1}},"locations":[{"start":{"line":163,"column":7},"end":{"line":168,"column":1}}]},"1":{"type":"branch","line":164,"loc":{"start":{"line":164,"column":33},"end":{"line":166,"column":3}},"locations":[{"start":{"line":164,"column":33},"end":{"line":166,"column":3}}]},"2":{"type":"branch","line":166,"loc":{"start":{"line":166,"column":2},"end":{"line":167,"column":23}},"locations":[{"start":{"line":166,"column":2},"end":{"line":167,"column":23}}]},"3":{"type":"branch","line":167,"loc":{"start":{"line":167,"column":15},"end":{"line":167,"column":27}},"locations":[{"start":{"line":167,"column":15},"end":{"line":167,"column":27}}]},"4":{"type":"branch","line":174,"loc":{"start":{"line":174,"column":7},"end":{"line":179,"column":1}},"locations":[{"start":{"line":174,"column":7},"end":{"line":179,"column":1}}]},"5":{"type":"branch","line":175,"loc":{"start":{"line":175,"column":33},"end":{"line":177,"column":3}},"locations":[{"start":{"line":175,"column":33},"end":{"line":177,"column":3}}]},"6":{"type":"branch","line":177,"loc":{"start":{"line":177,"column":2},"end":{"line":179,"column":1}},"locations":[{"start":{"line":177,"column":2},"end":{"line":179,"column":1}}]},"7":{"type":"branch","line":185,"loc":{"start":{"line":185,"column":7},"end":{"line":190,"column":1}},"locations":[{"start":{"line":185,"column":7},"end":{"line":190,"column":1}}]},"8":{"type":"branch","line":186,"loc":{"start":{"line":186,"column":33},"end":{"line":188,"column":3}},"locations":[{"start":{"line":186,"column":33},"end":{"line":188,"column":3}}]},"9":{"type":"branch","line":188,"loc":{"start":{"line":188,"column":2},"end":{"line":190,"column":1}},"locations":[{"start":{"line":188,"column":2},"end":{"line":190,"column":1}}]},"10":{"type":"branch","line":195,"loc":{"start":{"line":195,"column":7},"end":{"line":199,"column":1}},"locations":[{"start":{"line":195,"column":7},"end":{"line":199,"column":1}}]},"11":{"type":"branch","line":196,"loc":{"start":{"line":196,"column":33},"end":{"line":196,"column":46}},"locations":[{"start":{"line":196,"column":33},"end":{"line":196,"column":46}}]},"12":{"type":"branch","line":196,"loc":{"start":{"line":196,"column":40},"end":{"line":198,"column":20}},"locations":[{"start":{"line":196,"column":40},"end":{"line":198,"column":20}}]},"13":{"type":"branch","line":198,"loc":{"start":{"line":198,"column":15},"end":{"line":198,"column":43}},"locations":[{"start":{"line":198,"column":15},"end":{"line":198,"column":43}}]},"14":{"type":"branch","line":204,"loc":{"start":{"line":204,"column":7},"end":{"line":207,"column":1}},"locations":[{"start":{"line":204,"column":7},"end":{"line":207,"column":1}}]},"15":{"type":"branch","line":212,"loc":{"start":{"line":212,"column":7},"end":{"line":215,"column":1}},"locations":[{"start":{"line":212,"column":7},"end":{"line":215,"column":1}}]}},"b":{"0":[56],"1":[34],"2":[22],"3":[3],"4":[5],"5":[2],"6":[3],"7":[5],"8":[2],"9":[3],"10":[101],"11":[1],"12":[100],"13":[89],"14":[88],"15":[86]},"fnMap":{"0":{"name":"getFieldType","decl":{"start":{"line":163,"column":7},"end":{"line":168,"column":1}},"loc":{"start":{"line":163,"column":7},"end":{"line":168,"column":1}},"line":163},"1":{"name":"getFieldValidate","decl":{"start":{"line":174,"column":7},"end":{"line":179,"column":1}},"loc":{"start":{"line":174,"column":7},"end":{"line":179,"column":1}},"line":174},"2":{"name":"getFieldUI","decl":{"start":{"line":185,"column":7},"end":{"line":190,"column":1}},"loc":{"start":{"line":185,"column":7},"end":{"line":190,"column":1}},"line":185},"3":{"name":"isTypedString","decl":{"start":{"line":195,"column":7},"end":{"line":199,"column":1}},"loc":{"start":{"line":195,"column":7},"end":{"line":199,"column":1}},"line":195},"4":{"name":"extractTypeCode","decl":{"start":{"line":204,"column":7},"end":{"line":207,"column":1}},"loc":{"start":{"line":204,"column":7},"end":{"line":207,"column":1}},"line":204},"5":{"name":"extractValue","decl":{"start":{"line":212,"column":7},"end":{"line":215,"column":1}},"loc":{"start":{"line":212,"column":7},"end":{"line":215,"column":1}},"line":212}},"f":{"0":56,"1":5,"2":5,"3":101,"4":88,"5":86}}
,"/Users/gporcari/Sviluppo/genro_ng/meta-genro-modules/sub-projects/genro-tytx/ts/src/xtytx.ts": {"path":"/Users/gporcari/Sviluppo/genro_ng/meta-genro-modules/sub-projects/genro-tytx/ts/src/xtytx.ts","all":false,"statementMap":{"0":{"start":{"line":1,"column":0},"end":{"line":1,"column":3}},"28":{"start":{"line":29,"column":0},"end":{"line":29,"column":29}},"29":{"start":{"line":30,"column":0},"end":{"line":30,"column":56}},"36":{"start":{"line":37,"column":0},"end":{"line":37,"column":52}},"37":{"start":{"line":38,"column":0},"end":{"line":38,"column":36}},"38":{"start":{"line":39,"column":0},"end":{"line":39,"column":3}},"44":{"start":{"line":45,"column":0},"end":{"line":45,"column":34}},"45":{"start":{"line":46,"column":0},"end":{"line":46,"column":31}},"46":{"start":{"line":47,"column":0},"end":{"line":47,"column":3}},"53":{"start":{"line":54,"column":0},"end":{"line":54,"column":45}},"54":{"start":{"line":55,"column":0},"end":{"line":55,"column":35}},"55":{"start":{"line":56,"column":0},"end":{"line":56,"column":3}},"61":{"start":{"line":62,"column":0},"end":{"line":62,"column":27}},"62":{"start":{"line":63,"column":0},"end":{"line":63,"column":44}},"63":{"start":{"line":64,"column":0},"end":{"line":64,"column":3}},"64":{"start":{"line":65,"column":0},"end":{"line":65,"column":1}},"67":{"start":{"line":68,"column":0},"end":{"line":68,"column":51}},"111":{"start":{"line":112,"column":0},"end":{"line":112,"column":32}},"112":{"start":{"line":113,"column":0},"end":{"line":113,"column":26}},"113":{"start":{"line":114,"column":0},"end":{"line":114,"column":27}},"114":{"start":{"line":115,"column":0},"end":{"line":115,"column":25}},"115":{"start":{"line":116,"column":0},"end":{"line":116,"column":16}},"116":{"start":{"line":117,"column":0},"end":{"line":117,"column":46}},"119":{"start":{"line":120,"column":0},"end":{"line":120,"column":30}},"120":{"start":{"line":121,"column":0},"end":{"line":121,"column":70}},"121":{"start":{"line":122,"column":0},"end":{"line":122,"column":3}},"122":{"start":{"line":123,"column":0},"end":{"line":123,"column":30}},"123":{"start":{"line":124,"column":0},"end":{"line":124,"column":70}},"124":{"start":{"line":125,"column":0},"end":{"line":125,"column":3}},"125":{"start":{"line":126,"column":0},"end":{"line":126,"column":27}},"126":{"start":{"line":127,"column":0},"end":{"line":127,"column":67}},"127":{"start":{"line":128,"column":0},"end":{"line":128,"column":3}},"130":{"start":{"line":131,"column":0},"end":{"line":131,"column":75}},"131":{"start":{"line":132,"column":0},"end":{"line":132,"column":75}},"134":{"start":{"line":135,"column":0},"end":{"line":135,"column":16}},"135":{"start":{"line":136,"column":0},"end":{"line":136,"column":59}},"136":{"start":{"line":137,"column":0},"end":{"line":137,"column":44}},"137":{"start":{"line":138,"column":0},"end":{"line":138,"column":5}},"138":{"start":{"line":139,"column":0},"end":{"line":139,"column":3}},"141":{"start":{"line":142,"column":0},"end":{"line":142,"column":57}},"142":{"start":{"line":143,"column":0},"end":{"line":143,"column":43}},"143":{"start":{"line":144,"column":0},"end":{"line":144,"column":3}},"146":{"start":{"line":147,"column":0},"end":{"line":147,"column":14}},"147":{"start":{"line":148,"column":0},"end":{"line":148,"column":12}},"148":{"start":{"line":149,"column":0},"end":{"line":149,"column":17}},"149":{"start":{"line":150,"column":0},"end":{"line":150,"column":37}},"150":{"start":{"line":151,"column":0},"end":{"line":151,"column":36}},"151":{"start":{"line":152,"column":0},"end":{"line":152,"column":6}},"152":{"start":{"line":153,"column":0},"end":{"line":153,"column":3}},"155":{"start":{"line":156,"column":0},"end":{"line":156,"column":21}},"156":{"start":{"line":157,"column":0},"end":{"line":157,"column":39}},"157":{"start":{"line":158,"column":0},"end":{"line":158,"column":47}},"158":{"start":{"line":159,"column":0},"end":{"line":159,"column":3}},"161":{"start":{"line":162,"column":0},"end":{"line":162,"column":72}},"162":{"start":{"line":163,"column":0},"end":{"line":163,"column":54}},"164":{"start":{"line":165,"column":0},"end":{"line":165,"column":10}},"165":{"start":{"line":166,"column":0},"end":{"line":166,"column":19}},"166":{"start":{"line":167,"column":0},"end":{"line":167,"column":35}},"167":{"start":{"line":168,"column":0},"end":{"line":168,"column":34}},"168":{"start":{"line":169,"column":0},"end":{"line":169,"column":4}},"169":{"start":{"line":170,"column":0},"end":{"line":170,"column":1}}},"s":{"0":1,"28":1,"29":1,"36":1,"37":11,"38":11,"44":1,"45":23,"46":23,"53":1,"54":12,"55":12,"61":1,"62":1,"63":1,"64":1,"67":1,"111":1,"112":17,"113":17,"114":17,"115":17,"116":17,"119":17,"120":1,"121":1,"122":17,"123":1,"124":1,"125":17,"126":1,"127":1,"130":14,"131":14,"134":17,"135":7,"136":8,"137":8,"138":7,"141":17,"142":1,"143":1,"146":17,"147":9,"148":9,"149":9,"150":9,"151":9,"152":9,"155":5,"156":17,"157":1,"158":1,"161":17,"162":17,"164":17,"165":17,"166":17,"167":17,"168":17,"169":17},"branchMap":{"0":{"type":"branch","line":30,"loc":{"start":{"line":30,"column":10},"end":{"line":30,"column":56}},"locations":[{"start":{"line":30,"column":10},"end":{"line":30,"column":56}}]},"1":{"type":"branch","line":37,"loc":{"start":{"line":37,"column":2},"end":{"line":39,"column":3}},"locations":[{"start":{"line":37,"column":2},"end":{"line":39,"column":3}}]},"2":{"type":"branch","line":45,"loc":{"start":{"line":45,"column":2},"end":{"line":47,"column":3}},"locations":[{"start":{"line":45,"column":2},"end":{"line":47,"column":3}}]},"3":{"type":"branch","line":54,"loc":{"start":{"line":54,"column":2},"end":{"line":56,"column":3}},"locations":[{"start":{"line":54,"column":2},"end":{"line":56,"column":3}}]},"4":{"type":"branch","line":62,"loc":{"start":{"line":62,"column":2},"end":{"line":64,"column":3}},"locations":[{"start":{"line":62,"column":2},"end":{"line":64,"column":3}}]},"5":{"type":"branch","line":112,"loc":{"start":{"line":112,"column":7},"end":{"line":170,"column":1}},"locations":[{"start":{"line":112,"column":7},"end":{"line":170,"column":1}}]},"6":{"type":"branch","line":120,"loc":{"start":{"line":120,"column":29},"end":{"line":122,"column":3}},"locations":[{"start":{"line":120,"column":29},"end":{"line":122,"column":3}}]},"7":{"type":"branch","line":122,"loc":{"start":{"line":122,"column":2},"end":{"line":123,"column":29}},"locations":[{"start":{"line":122,"column":2},"end":{"line":123,"column":29}}]},"8":{"type":"branch","line":123,"loc":{"start":{"line":123,"column":29},"end":{"line":125,"column":3}},"locations":[{"start":{"line":123,"column":29},"end":{"line":125,"column":3}}]},"9":{"type":"branch","line":125,"loc":{"start":{"line":125,"column":2},"end":{"line":126,"column":26}},"locations":[{"start":{"line":125,"column":2},"end":{"line":126,"column":26}}]},"10":{"type":"branch","line":126,"loc":{"start":{"line":126,"column":26},"end":{"line":128,"column":3}},"locations":[{"start":{"line":126,"column":26},"end":{"line":128,"column":3}}]},"11":{"type":"branch","line":128,"loc":{"start":{"line":128,"column":2},"end":{"line":135,"column":15}},"locations":[{"start":{"line":128,"column":2},"end":{"line":135,"column":15}}]},"12":{"type":"branch","line":135,"loc":{"start":{"line":135,"column":15},"end":{"line":139,"column":3}},"locations":[{"start":{"line":135,"column":15},"end":{"line":139,"column":3}}]},"13":{"type":"branch","line":136,"loc":{"start":{"line":136,"column":58},"end":{"line":138,"column":5}},"locations":[{"start":{"line":136,"column":58},"end":{"line":138,"column":5}}]},"14":{"type":"branch","line":139,"loc":{"start":{"line":139,"column":2},"end":{"line":142,"column":56}},"locations":[{"start":{"line":139,"column":2},"end":{"line":142,"column":56}}]},"15":{"type":"branch","line":142,"loc":{"start":{"line":142,"column":56},"end":{"line":144,"column":3}},"locations":[{"start":{"line":142,"column":56},"end":{"line":144,"column":3}}]},"16":{"type":"branch","line":144,"loc":{"start":{"line":144,"column":2},"end":{"line":147,"column":13}},"locations":[{"start":{"line":144,"column":2},"end":{"line":147,"column":13}}]},"17":{"type":"branch","line":147,"loc":{"start":{"line":147,"column":13},"end":{"line":153,"column":3}},"locations":[{"start":{"line":147,"column":13},"end":{"line":153,"column":3}}]},"18":{"type":"branch","line":150,"loc":{"start":{"line":150,"column":21},"end":{"line":150,"column":37}},"locations":[{"start":{"line":150,"column":21},"end":{"line":150,"column":37}}]},"19":{"type":"branch","line":151,"loc":{"start":{"line":151,"column":20},"end":{"line":151,"column":36}},"locations":[{"start":{"line":151,"column":20},"end":{"line":151,"column":36}}]},"20":{"type":"branch","line":153,"loc":{"start":{"line":153,"column":2},"end":{"line":157,"column":38}},"locations":[{"start":{"line":153,"column":2},"end":{"line":157,"column":38}}]},"21":{"type":"branch","line":157,"loc":{"start":{"line":157,"column":38},"end":{"line":159,"column":3}},"locations":[{"start":{"line":157,"column":38},"end":{"line":159,"column":3}}]},"22":{"type":"branch","line":159,"loc":{"start":{"line":159,"column":2},"end":{"line":162,"column":57}},"locations":[{"start":{"line":159,"column":2},"end":{"line":162,"column":57}}]},"23":{"type":"branch","line":162,"loc":{"start":{"line":162,"column":53},"end":{"line":162,"column":67}},"locations":[{"start":{"line":162,"column":53},"end":{"line":162,"column":67}}]},"24":{"type":"branch","line":162,"loc":{"start":{"line":162,"column":57},"end":{"line":162,"column":72}},"locations":[{"start":{"line":162,"column":57},"end":{"line":162,"column":72}}]},"25":{"type":"branch","line":167,"loc":{"start":{"line":167,"column":19},"end":{"line":167,"column":35}},"locations":[{"start":{"line":167,"column":19},"end":{"line":167,"column":35}}]},"26":{"type":"branch","line":168,"loc":{"start":{"line":168,"column":18},"end":{"line":168,"column":34}},"locations":[{"start":{"line":168,"column":18},"end":{"line":168,"column":34}}]}},"b":{"0":[4],"1":[11],"2":[23],"3":[12],"4":[1],"5":[17],"6":[1],"7":[16],"8":[1],"9":[15],"10":[1],"11":[14],"12":[7],"13":[8],"14":[14],"15":[1],"16":[14],"17":[9],"18":[4],"19":[6],"20":[5],"21":[1],"22":[5],"23":[0],"24":[5],"25":[3],"26":[4]},"fnMap":{"0":{"name":"<instance_members_initializer>","decl":{"start":{"line":30,"column":10},"end":{"line":30,"column":56}},"loc":{"start":{"line":30,"column":10},"end":{"line":30,"column":56}},"line":30},"1":{"name":"register","decl":{"start":{"line":37,"column":2},"end":{"line":39,"column":3}},"loc":{"start":{"line":37,"column":2},"end":{"line":39,"column":3}},"line":37},"2":{"name":"unregister","decl":{"start":{"line":45,"column":2},"end":{"line":47,"column":3}},"loc":{"start":{"line":45,"column":2},"end":{"line":47,"column":3}},"line":45},"3":{"name":"get","decl":{"start":{"line":54,"column":2},"end":{"line":56,"column":3}},"loc":{"start":{"line":54,"column":2},"end":{"line":56,"column":3}},"line":54},"4":{"name":"listSchemas","decl":{"start":{"line":62,"column":2},"end":{"line":64,"column":3}},"loc":{"start":{"line":62,"column":2},"end":{"line":64,"column":3}},"line":62},"5":{"name":"processEnvelope","decl":{"start":{"line":112,"column":7},"end":{"line":170,"column":1}},"loc":{"start":{"line":112,"column":7},"end":{"line":170,"column":1}},"line":112}},"f":{"0":4,"1":11,"2":23,"3":12,"4":1,"5":17}}
}
